2019-04-02 17:25:31.336 [main] INFO  com.calligraphy.CalligraphyAppApplication - Starting CalligraphyAppApplication on DESKTOP-TBI9BAK with PID 18472 (C:\Users\peng\eclipse-workspace\calligraphyApp\target\classes started by peng in C:\Users\peng\eclipse-workspace\calligraphyApp)
2019-04-02 17:25:31.340 [main] INFO  com.calligraphy.CalligraphyAppApplication - The following profiles are active: dev
2019-04-02 17:25:32.252 [main] INFO  o.s.d.r.config.RepositoryConfigurationDelegate - Multiple Spring Data modules found, entering strict repository configuration mode!
2019-04-02 17:25:32.255 [main] INFO  o.s.d.r.config.RepositoryConfigurationDelegate - Bootstrapping Spring Data repositories in DEFAULT mode.
2019-04-02 17:25:32.320 [main] INFO  o.s.d.r.config.RepositoryConfigurationDelegate - Finished Spring Data repository scanning in 46ms. Found 0 repository interfaces.
2019-04-02 17:25:32.670 [main] INFO  o.s.c.s.PostProcessorRegistrationDelegate$BeanPostProcessorChecker - Bean 'org.springframework.transaction.annotation.ProxyTransactionManagementConfiguration' of type [org.springframework.transaction.annotation.ProxyTransactionManagementConfiguration$$EnhancerBySpringCGLIB$$1b278b] is not eligible for getting processed by all BeanPostProcessors (for example: not eligible for auto-proxying)
2019-04-02 17:25:33.179 [main] INFO  o.s.boot.web.embedded.tomcat.TomcatWebServer - Tomcat initialized with port(s): 10129 (http)
2019-04-02 17:25:33.197 [main] INFO  org.apache.coyote.http11.Http11NioProtocol - Initializing ProtocolHandler ["http-nio-10129"]
2019-04-02 17:25:33.207 [main] INFO  org.apache.catalina.core.StandardService - Starting service [Tomcat]
2019-04-02 17:25:33.207 [main] INFO  org.apache.catalina.core.StandardEngine - Starting Servlet Engine: Apache Tomcat/9.0.13
2019-04-02 17:25:33.213 [main] INFO  org.apache.catalina.core.AprLifecycleListener - The APR based Apache Tomcat Native library which allows optimal performance in production environments was not found on the java.library.path: [C:\Program Files\Java\jdk1.8.0_151\bin;C:\WINDOWS\Sun\Java\bin;C:\WINDOWS\system32;C:\WINDOWS;C:\Program Files\Java\jdk1.8.0_151\bin;C:\Users\peng\apache-maven-3.5.2\bin;C:\ProgramData\Oracle\Java\javapath;C:\Program Files (x86)\Intel\iCLS Client\;C:\Program Files\Intel\iCLS Client\;C:\windows\system32;C:\windows;C:\windows\System32\Wbem;C:\windows\System32\WindowsPowerShell\v1.0\;C:\Program Files (x86)\NVIDIA Corporation\PhysX\Common;C:\Program Files (x86)\Intel\Intel(R) Management Engine Components\DAL;C:\Program Files\Intel\Intel(R) Management Engine Components\DAL;C:\Program Files (x86)\Intel\Intel(R) Management Engine Components\IPT;C:\Program Files\Intel\Intel(R) Management Engine Components\IPT;C:\WINDOWS\system32;C:\WINDOWS;C:\WINDOWS\System32\Wbem;C:\WINDOWS\System32\WindowsPowerShell\v1.0\;C:\Program Files\TortoiseSVN\bin;C:\Users\peng\spring-boot-cli-2.0.0.RELEASE-bin\spring-2.0.0.RELEASE\bin;C:\Users\peng\hadoop-2.7.5\bin;hadoop;C:\Users\peng\gradle-4.7\bin;C:\Users\peng\AppData\Local\Programs\Python\Python37-32;C:\Users\peng\AppData\Local\Programs\Python\Python37-32\Scripts;C:\WINDOWS\System32\OpenSSH\;C:\Program Files\Intel\WiFi\bin\;C:\Program Files\Common Files\Intel\WirelessCommon\;C:\Users\peng\spark-2.4.0-bin-hadoop2.7\bin;C:\Users\peng\spark-2.4.0-bin-hadoop2.7\sbin;C:\Users\peng\AppData\Local\Programs\Git\cmd;C:\Program Files\TortoiseGit\bin;C:\Users\peng\AppData\Local\Microsoft\WindowsApps;;C:\Program Files\Microsoft VS Code\bin;.]
2019-04-02 17:25:33.342 [main] INFO  o.a.c.core.ContainerBase.[Tomcat].[localhost].[/] - Initializing Spring embedded WebApplicationContext
2019-04-02 17:25:33.343 [main] INFO  org.springframework.web.context.ContextLoader - Root WebApplicationContext: initialization completed in 1937 ms
2019-04-02 17:25:34.884 [container-1] INFO  io.lettuce.core.EpollProvider - Starting without optional epoll library
2019-04-02 17:25:34.886 [container-1] INFO  io.lettuce.core.KqueueProvider - Starting without optional kqueue library
2019-04-02 17:25:36.450 [container-1] ERROR o.s.d.redis.listener.RedisMessageListenerContainer - Connection failure occurred. Restarting subscription task after 5000 ms
2019-04-02 17:25:39.793 [main] INFO  org.apache.coyote.http11.Http11NioProtocol - Starting ProtocolHandler ["http-nio-10129"]
2019-04-02 17:25:39.795 [main] INFO  org.apache.tomcat.util.net.NioSelectorPool - Using a shared selector for servlet write/read
2019-04-02 17:25:39.817 [main] INFO  o.s.boot.web.embedded.tomcat.TomcatWebServer - Tomcat started on port(s): 10129 (http) with context path ''
2019-04-02 17:25:39.822 [main] INFO  com.calligraphy.CalligraphyAppApplication - Started CalligraphyAppApplication in 8.883 seconds (JVM running for 11.105)
2019-04-02 17:25:42.462 [container-2] ERROR o.s.d.redis.listener.RedisMessageListenerContainer - Connection failure occurred. Restarting subscription task after 5000 ms
2019-04-02 17:25:48.470 [container-3] ERROR o.s.d.redis.listener.RedisMessageListenerContainer - Connection failure occurred. Restarting subscription task after 5000 ms
2019-04-02 17:25:54.486 [container-4] ERROR o.s.d.redis.listener.RedisMessageListenerContainer - Connection failure occurred. Restarting subscription task after 5000 ms
2019-04-02 17:26:00.493 [container-5] ERROR o.s.d.redis.listener.RedisMessageListenerContainer - Connection failure occurred. Restarting subscription task after 5000 ms
2019-04-02 17:26:06.498 [container-6] ERROR o.s.d.redis.listener.RedisMessageListenerContainer - Connection failure occurred. Restarting subscription task after 5000 ms
2019-04-02 17:26:12.506 [container-7] ERROR o.s.d.redis.listener.RedisMessageListenerContainer - Connection failure occurred. Restarting subscription task after 5000 ms
2019-04-02 17:26:18.514 [container-8] ERROR o.s.d.redis.listener.RedisMessageListenerContainer - Connection failure occurred. Restarting subscription task after 5000 ms
2019-04-02 17:26:24.521 [container-9] ERROR o.s.d.redis.listener.RedisMessageListenerContainer - Connection failure occurred. Restarting subscription task after 5000 ms
2019-04-02 17:26:30.527 [container-10] ERROR o.s.d.redis.listener.RedisMessageListenerContainer - Connection failure occurred. Restarting subscription task after 5000 ms
2019-04-02 17:26:36.533 [container-11] ERROR o.s.d.redis.listener.RedisMessageListenerContainer - Connection failure occurred. Restarting subscription task after 5000 ms
2019-04-02 17:26:39.904 [http-nio-10129-exec-2] INFO  o.a.c.core.ContainerBase.[Tomcat].[localhost].[/] - Initializing Spring DispatcherServlet 'dispatcherServlet'
2019-04-02 17:26:39.906 [http-nio-10129-exec-2] INFO  org.springframework.web.servlet.DispatcherServlet - Initializing Servlet 'dispatcherServlet'
2019-04-02 17:26:39.928 [http-nio-10129-exec-2] INFO  org.springframework.web.servlet.DispatcherServlet - Completed initialization in 21 ms
2019-04-02 17:26:40.507 [http-nio-10129-exec-2] INFO  com.alibaba.druid.pool.DruidDataSource - {dataSource-1} inited
2019-04-02 17:26:40.629 [http-nio-10129-exec-2] DEBUG c.calligraphy.dao.CoursetypeMapper.courseTypeList - ==>  Preparing: SELECT id,name,url,sort FROM `courseType` where 1=1 and parent_id = ? ORDER BY sort desc LIMIT ?,?; 
2019-04-02 17:26:40.651 [http-nio-10129-exec-2] DEBUG c.calligraphy.dao.CoursetypeMapper.courseTypeList - ==> Parameters: d571699a1429449aa2bbeb306ed89590(String), 0(Integer), 10(Integer)
2019-04-02 17:26:40.707 [http-nio-10129-exec-2] DEBUG c.calligraphy.dao.CoursetypeMapper.courseTypeList - <==      Total: 2
2019-04-02 17:26:40.708 [http-nio-10129-exec-2] DEBUG c.c.dao.CoursetypeMapper.courseTypeListcount - ==>  Preparing: SELECT count(1) FROM (SELECT id,name,url,sort FROM `courseType` where parent_id = ? ) tmp 
2019-04-02 17:26:40.709 [http-nio-10129-exec-2] DEBUG c.c.dao.CoursetypeMapper.courseTypeListcount - ==> Parameters: d571699a1429449aa2bbeb306ed89590(String)
2019-04-02 17:26:40.712 [http-nio-10129-exec-2] DEBUG c.c.dao.CoursetypeMapper.courseTypeListcount - <==      Total: 1
2019-04-02 17:26:42.538 [container-12] ERROR o.s.d.redis.listener.RedisMessageListenerContainer - Connection failure occurred. Restarting subscription task after 5000 ms
2019-04-02 17:26:45.207 [http-nio-10129-exec-3] DEBUG c.calligraphy.dao.CoursetypeMapper.courseTypeList - ==>  Preparing: SELECT id,name,url,sort FROM `courseType` where 1=1 ORDER BY sort desc LIMIT ?,?; 
2019-04-02 17:26:45.208 [http-nio-10129-exec-3] DEBUG c.calligraphy.dao.CoursetypeMapper.courseTypeList - ==> Parameters: 0(Integer), 10(Integer)
2019-04-02 17:26:45.211 [http-nio-10129-exec-3] DEBUG c.calligraphy.dao.CoursetypeMapper.courseTypeList - <==      Total: 4
2019-04-02 17:26:45.213 [http-nio-10129-exec-3] DEBUG c.c.dao.CoursetypeMapper.courseTypeListcount - ==>  Preparing: SELECT count(1) FROM (SELECT id,name,url,sort FROM `courseType` where parent_id = ? ) tmp 
2019-04-02 17:26:45.214 [http-nio-10129-exec-3] DEBUG c.c.dao.CoursetypeMapper.courseTypeListcount - ==> Parameters: (String)
2019-04-02 17:26:45.215 [http-nio-10129-exec-3] DEBUG c.c.dao.CoursetypeMapper.courseTypeListcount - <==      Total: 1
2019-04-02 17:26:48.543 [container-13] ERROR o.s.d.redis.listener.RedisMessageListenerContainer - Connection failure occurred. Restarting subscription task after 5000 ms
2019-04-02 17:27:07.194 [main] INFO  o.s.b.t.context.SpringBootTestContextBootstrapper - Neither @ContextConfiguration nor @ContextHierarchy found for test class [com.calligraphy.CalligraphyAppApplicationTests], using SpringBootContextLoader
2019-04-02 17:27:07.201 [main] INFO  o.s.test.context.support.AbstractContextLoader - Could not detect default resource locations for test class [com.calligraphy.CalligraphyAppApplicationTests]: no resource found for suffixes {-context.xml, Context.groovy}.
2019-04-02 17:27:07.202 [main] INFO  o.s.t.c.support.AnnotationConfigContextLoaderUtils - Could not detect default configuration classes for test class [com.calligraphy.CalligraphyAppApplicationTests]: CalligraphyAppApplicationTests does not declare any static, non-private, non-final, nested classes annotated with @Configuration.
2019-04-02 17:27:07.441 [main] INFO  o.s.b.t.context.SpringBootTestContextBootstrapper - Found @SpringBootConfiguration com.calligraphy.CalligraphyAppApplication for test class com.calligraphy.CalligraphyAppApplicationTests
2019-04-02 17:27:07.604 [main] INFO  o.s.b.t.context.SpringBootTestContextBootstrapper - Loaded default TestExecutionListener class names from location [META-INF/spring.factories]: [org.springframework.boot.test.mock.mockito.MockitoTestExecutionListener, org.springframework.boot.test.mock.mockito.ResetMocksTestExecutionListener, org.springframework.boot.test.autoconfigure.restdocs.RestDocsTestExecutionListener, org.springframework.boot.test.autoconfigure.web.client.MockRestServiceServerResetTestExecutionListener, org.springframework.boot.test.autoconfigure.web.servlet.MockMvcPrintOnlyOnFailureTestExecutionListener, org.springframework.boot.test.autoconfigure.web.servlet.WebDriverTestExecutionListener, org.springframework.test.context.web.ServletTestExecutionListener, org.springframework.test.context.support.DirtiesContextBeforeModesTestExecutionListener, org.springframework.test.context.support.DependencyInjectionTestExecutionListener, org.springframework.test.context.support.DirtiesContextTestExecutionListener, org.springframework.test.context.transaction.TransactionalTestExecutionListener, org.springframework.test.context.jdbc.SqlScriptsTestExecutionListener]
2019-04-02 17:27:07.629 [main] INFO  o.s.b.t.context.SpringBootTestContextBootstrapper - Using TestExecutionListeners: [org.springframework.test.context.web.ServletTestExecutionListener@1b1426f4, org.springframework.test.context.support.DirtiesContextBeforeModesTestExecutionListener@32b260fa, org.springframework.boot.test.mock.mockito.MockitoTestExecutionListener@581ac8a8, org.springframework.boot.test.autoconfigure.SpringBootDependencyInjectionTestExecutionListener@6d4e5011, org.springframework.test.context.support.DirtiesContextTestExecutionListener@57d7f8ca, org.springframework.test.context.transaction.TransactionalTestExecutionListener@76c3e77a, org.springframework.test.context.jdbc.SqlScriptsTestExecutionListener@78123e82, org.springframework.boot.test.mock.mockito.ResetMocksTestExecutionListener@67c33749, org.springframework.boot.test.autoconfigure.restdocs.RestDocsTestExecutionListener@fba92d3, org.springframework.boot.test.autoconfigure.web.client.MockRestServiceServerResetTestExecutionListener@662b4c69, org.springframework.boot.test.autoconfigure.web.servlet.MockMvcPrintOnlyOnFailureTestExecutionListener@fa49800, org.springframework.boot.test.autoconfigure.web.servlet.WebDriverTestExecutionListener@71238fc2]
2019-04-02 17:27:08.101 [main] INFO  com.calligraphy.CalligraphyAppApplicationTests - Starting CalligraphyAppApplicationTests on DESKTOP-TBI9BAK with PID 10756 (started by peng in C:\Users\peng\eclipse-workspace\calligraphyApp)
2019-04-02 17:27:08.101 [main] INFO  com.calligraphy.CalligraphyAppApplicationTests - The following profiles are active: dev
2019-04-02 17:27:09.354 [main] INFO  o.s.d.r.config.RepositoryConfigurationDelegate - Multiple Spring Data modules found, entering strict repository configuration mode!
2019-04-02 17:27:09.363 [main] INFO  o.s.d.r.config.RepositoryConfigurationDelegate - Bootstrapping Spring Data repositories in DEFAULT mode.
2019-04-02 17:27:09.592 [main] INFO  o.s.d.r.config.RepositoryConfigurationDelegate - Finished Spring Data repository scanning in 179ms. Found 0 repository interfaces.
2019-04-02 17:27:10.143 [main] INFO  o.s.c.s.PostProcessorRegistrationDelegate$BeanPostProcessorChecker - Bean 'org.springframework.transaction.annotation.ProxyTransactionManagementConfiguration' of type [org.springframework.transaction.annotation.ProxyTransactionManagementConfiguration$$EnhancerBySpringCGLIB$$36a621c8] is not eligible for getting processed by all BeanPostProcessors (for example: not eligible for auto-proxying)
2019-04-02 17:27:13.925 [container-1] INFO  io.lettuce.core.EpollProvider - Starting without optional epoll library
2019-04-02 17:27:13.932 [container-1] INFO  io.lettuce.core.KqueueProvider - Starting without optional kqueue library
2019-04-02 17:27:16.010 [container-1] ERROR o.s.d.redis.listener.RedisMessageListenerContainer - Connection failure occurred. Restarting subscription task after 5000 ms
2019-04-02 17:27:18.661 [main] INFO  com.calligraphy.CalligraphyAppApplicationTests - Started CalligraphyAppApplicationTests in 10.956 seconds (JVM running for 12.429)
2019-04-02 17:30:53.084 [main] INFO  com.calligraphy.CalligraphyAppApplication - Starting CalligraphyAppApplication on DESKTOP-TBI9BAK with PID 21124 (C:\Users\peng\eclipse-workspace\calligraphyApp\target\classes started by peng in C:\Users\peng\eclipse-workspace\calligraphyApp)
2019-04-02 17:30:53.094 [main] INFO  com.calligraphy.CalligraphyAppApplication - The following profiles are active: dev
2019-04-02 17:30:53.933 [main] INFO  o.s.d.r.config.RepositoryConfigurationDelegate - Multiple Spring Data modules found, entering strict repository configuration mode!
2019-04-02 17:30:53.936 [main] INFO  o.s.d.r.config.RepositoryConfigurationDelegate - Bootstrapping Spring Data repositories in DEFAULT mode.
2019-04-02 17:30:53.991 [main] INFO  o.s.d.r.config.RepositoryConfigurationDelegate - Finished Spring Data repository scanning in 43ms. Found 0 repository interfaces.
2019-04-02 17:30:54.223 [main] INFO  o.s.c.s.PostProcessorRegistrationDelegate$BeanPostProcessorChecker - Bean 'org.springframework.transaction.annotation.ProxyTransactionManagementConfiguration' of type [org.springframework.transaction.annotation.ProxyTransactionManagementConfiguration$$EnhancerBySpringCGLIB$$2273973a] is not eligible for getting processed by all BeanPostProcessors (for example: not eligible for auto-proxying)
2019-04-02 17:30:54.527 [main] INFO  o.s.boot.web.embedded.tomcat.TomcatWebServer - Tomcat initialized with port(s): 10129 (http)
2019-04-02 17:30:54.537 [main] INFO  org.apache.coyote.http11.Http11NioProtocol - Initializing ProtocolHandler ["http-nio-10129"]
2019-04-02 17:30:54.546 [main] INFO  org.apache.catalina.core.StandardService - Starting service [Tomcat]
2019-04-02 17:30:54.546 [main] INFO  org.apache.catalina.core.StandardEngine - Starting Servlet Engine: Apache Tomcat/9.0.13
2019-04-02 17:30:54.551 [main] INFO  org.apache.catalina.core.AprLifecycleListener - The APR based Apache Tomcat Native library which allows optimal performance in production environments was not found on the java.library.path: [C:\Program Files\Java\jdk1.8.0_151\bin;C:\WINDOWS\Sun\Java\bin;C:\WINDOWS\system32;C:\WINDOWS;C:\Program Files\Java\jdk1.8.0_151\bin;C:\Users\peng\apache-maven-3.5.2\bin;C:\ProgramData\Oracle\Java\javapath;C:\Program Files (x86)\Intel\iCLS Client\;C:\Program Files\Intel\iCLS Client\;C:\windows\system32;C:\windows;C:\windows\System32\Wbem;C:\windows\System32\WindowsPowerShell\v1.0\;C:\Program Files (x86)\NVIDIA Corporation\PhysX\Common;C:\Program Files (x86)\Intel\Intel(R) Management Engine Components\DAL;C:\Program Files\Intel\Intel(R) Management Engine Components\DAL;C:\Program Files (x86)\Intel\Intel(R) Management Engine Components\IPT;C:\Program Files\Intel\Intel(R) Management Engine Components\IPT;C:\WINDOWS\system32;C:\WINDOWS;C:\WINDOWS\System32\Wbem;C:\WINDOWS\System32\WindowsPowerShell\v1.0\;C:\Program Files\TortoiseSVN\bin;C:\Users\peng\spring-boot-cli-2.0.0.RELEASE-bin\spring-2.0.0.RELEASE\bin;C:\Users\peng\hadoop-2.7.5\bin;hadoop;C:\Users\peng\gradle-4.7\bin;C:\Users\peng\AppData\Local\Programs\Python\Python37-32;C:\Users\peng\AppData\Local\Programs\Python\Python37-32\Scripts;C:\WINDOWS\System32\OpenSSH\;C:\Program Files\Intel\WiFi\bin\;C:\Program Files\Common Files\Intel\WirelessCommon\;C:\Users\peng\spark-2.4.0-bin-hadoop2.7\bin;C:\Users\peng\spark-2.4.0-bin-hadoop2.7\sbin;C:\Users\peng\AppData\Local\Programs\Git\cmd;C:\Program Files\TortoiseGit\bin;C:\Users\peng\AppData\Local\Microsoft\WindowsApps;;C:\Program Files\Microsoft VS Code\bin;.]
2019-04-02 17:30:54.661 [main] INFO  o.a.c.core.ContainerBase.[Tomcat].[localhost].[/] - Initializing Spring embedded WebApplicationContext
2019-04-02 17:30:54.661 [main] INFO  org.springframework.web.context.ContextLoader - Root WebApplicationContext: initialization completed in 1458 ms
2019-04-02 17:30:55.746 [container-1] INFO  io.lettuce.core.EpollProvider - Starting without optional epoll library
2019-04-02 17:30:55.749 [container-1] INFO  io.lettuce.core.KqueueProvider - Starting without optional kqueue library
2019-04-02 17:30:57.280 [container-1] ERROR o.s.d.redis.listener.RedisMessageListenerContainer - Connection failure occurred. Restarting subscription task after 5000 ms
2019-04-02 17:31:00.677 [main] INFO  org.apache.coyote.http11.Http11NioProtocol - Starting ProtocolHandler ["http-nio-10129"]
2019-04-02 17:31:00.679 [main] INFO  org.apache.tomcat.util.net.NioSelectorPool - Using a shared selector for servlet write/read
2019-04-02 17:31:00.696 [main] INFO  o.s.boot.web.embedded.tomcat.TomcatWebServer - Tomcat started on port(s): 10129 (http) with context path ''
2019-04-02 17:31:00.698 [main] INFO  com.calligraphy.CalligraphyAppApplication - Started CalligraphyAppApplication in 8.115 seconds (JVM running for 9.373)
2019-04-02 17:31:03.290 [container-2] ERROR o.s.d.redis.listener.RedisMessageListenerContainer - Connection failure occurred. Restarting subscription task after 5000 ms
2019-04-02 17:31:09.299 [container-3] ERROR o.s.d.redis.listener.RedisMessageListenerContainer - Connection failure occurred. Restarting subscription task after 5000 ms
2019-04-02 17:31:13.866 [http-nio-10129-exec-1] INFO  o.a.c.core.ContainerBase.[Tomcat].[localhost].[/] - Initializing Spring DispatcherServlet 'dispatcherServlet'
2019-04-02 17:31:13.867 [http-nio-10129-exec-1] INFO  org.springframework.web.servlet.DispatcherServlet - Initializing Servlet 'dispatcherServlet'
2019-04-02 17:31:13.873 [http-nio-10129-exec-1] INFO  org.springframework.web.servlet.DispatcherServlet - Completed initialization in 6 ms
2019-04-02 17:31:14.482 [http-nio-10129-exec-1] INFO  com.alibaba.druid.pool.DruidDataSource - {dataSource-1} inited
2019-04-02 17:31:14.590 [http-nio-10129-exec-1] DEBUG c.calligraphy.dao.CoursetypeMapper.courseTypeList - ==>  Preparing: SELECT id,name,url,sort FROM `courseType` where 1=1 ORDER BY sort desc LIMIT ?,?; 
2019-04-02 17:31:14.609 [http-nio-10129-exec-1] DEBUG c.calligraphy.dao.CoursetypeMapper.courseTypeList - ==> Parameters: 0(Integer), 10(Integer)
2019-04-02 17:31:14.628 [http-nio-10129-exec-1] DEBUG c.calligraphy.dao.CoursetypeMapper.courseTypeList - <==      Total: 4
2019-04-02 17:31:14.630 [http-nio-10129-exec-1] DEBUG c.c.dao.CoursetypeMapper.courseTypeListcount - ==>  Preparing: SELECT count(1) FROM (SELECT id,name,url,sort FROM `courseType` where parent_id = ? ) tmp 
2019-04-02 17:31:14.630 [http-nio-10129-exec-1] DEBUG c.c.dao.CoursetypeMapper.courseTypeListcount - ==> Parameters: (String)
2019-04-02 17:31:14.635 [http-nio-10129-exec-1] DEBUG c.c.dao.CoursetypeMapper.courseTypeListcount - <==      Total: 1
2019-04-02 17:31:15.309 [container-4] ERROR o.s.d.redis.listener.RedisMessageListenerContainer - Connection failure occurred. Restarting subscription task after 5000 ms
2019-04-02 17:31:21.315 [container-5] ERROR o.s.d.redis.listener.RedisMessageListenerContainer - Connection failure occurred. Restarting subscription task after 5000 ms
2019-04-02 17:31:27.327 [container-6] ERROR o.s.d.redis.listener.RedisMessageListenerContainer - Connection failure occurred. Restarting subscription task after 5000 ms
2019-04-02 17:31:34.222 [main] INFO  com.calligraphy.CalligraphyAppApplication - Starting CalligraphyAppApplication on DESKTOP-TBI9BAK with PID 18448 (C:\Users\peng\eclipse-workspace\calligraphyApp\target\classes started by peng in C:\Users\peng\eclipse-workspace\calligraphyApp)
2019-04-02 17:31:34.226 [main] INFO  com.calligraphy.CalligraphyAppApplication - The following profiles are active: dev
2019-04-02 17:31:35.059 [main] INFO  o.s.d.r.config.RepositoryConfigurationDelegate - Multiple Spring Data modules found, entering strict repository configuration mode!
2019-04-02 17:31:35.062 [main] INFO  o.s.d.r.config.RepositoryConfigurationDelegate - Bootstrapping Spring Data repositories in DEFAULT mode.
2019-04-02 17:31:35.119 [main] INFO  o.s.d.r.config.RepositoryConfigurationDelegate - Finished Spring Data repository scanning in 43ms. Found 0 repository interfaces.
2019-04-02 17:31:35.409 [main] INFO  o.s.c.s.PostProcessorRegistrationDelegate$BeanPostProcessorChecker - Bean 'org.springframework.transaction.annotation.ProxyTransactionManagementConfiguration' of type [org.springframework.transaction.annotation.ProxyTransactionManagementConfiguration$$EnhancerBySpringCGLIB$$36f7da71] is not eligible for getting processed by all BeanPostProcessors (for example: not eligible for auto-proxying)
2019-04-02 17:31:35.779 [main] INFO  o.s.boot.web.embedded.tomcat.TomcatWebServer - Tomcat initialized with port(s): 10129 (http)
2019-04-02 17:31:35.791 [main] INFO  org.apache.coyote.http11.Http11NioProtocol - Initializing ProtocolHandler ["http-nio-10129"]
2019-04-02 17:31:35.800 [main] INFO  org.apache.catalina.core.StandardService - Starting service [Tomcat]
2019-04-02 17:31:35.800 [main] INFO  org.apache.catalina.core.StandardEngine - Starting Servlet Engine: Apache Tomcat/9.0.13
2019-04-02 17:31:35.807 [main] INFO  org.apache.catalina.core.AprLifecycleListener - The APR based Apache Tomcat Native library which allows optimal performance in production environments was not found on the java.library.path: [C:\Program Files\Java\jdk1.8.0_151\bin;C:\WINDOWS\Sun\Java\bin;C:\WINDOWS\system32;C:\WINDOWS;C:\Program Files\Java\jdk1.8.0_151\bin;C:\Users\peng\apache-maven-3.5.2\bin;C:\ProgramData\Oracle\Java\javapath;C:\Program Files (x86)\Intel\iCLS Client\;C:\Program Files\Intel\iCLS Client\;C:\windows\system32;C:\windows;C:\windows\System32\Wbem;C:\windows\System32\WindowsPowerShell\v1.0\;C:\Program Files (x86)\NVIDIA Corporation\PhysX\Common;C:\Program Files (x86)\Intel\Intel(R) Management Engine Components\DAL;C:\Program Files\Intel\Intel(R) Management Engine Components\DAL;C:\Program Files (x86)\Intel\Intel(R) Management Engine Components\IPT;C:\Program Files\Intel\Intel(R) Management Engine Components\IPT;C:\WINDOWS\system32;C:\WINDOWS;C:\WINDOWS\System32\Wbem;C:\WINDOWS\System32\WindowsPowerShell\v1.0\;C:\Program Files\TortoiseSVN\bin;C:\Users\peng\spring-boot-cli-2.0.0.RELEASE-bin\spring-2.0.0.RELEASE\bin;C:\Users\peng\hadoop-2.7.5\bin;hadoop;C:\Users\peng\gradle-4.7\bin;C:\Users\peng\AppData\Local\Programs\Python\Python37-32;C:\Users\peng\AppData\Local\Programs\Python\Python37-32\Scripts;C:\WINDOWS\System32\OpenSSH\;C:\Program Files\Intel\WiFi\bin\;C:\Program Files\Common Files\Intel\WirelessCommon\;C:\Users\peng\spark-2.4.0-bin-hadoop2.7\bin;C:\Users\peng\spark-2.4.0-bin-hadoop2.7\sbin;C:\Users\peng\AppData\Local\Programs\Git\cmd;C:\Program Files\TortoiseGit\bin;C:\Users\peng\AppData\Local\Microsoft\WindowsApps;;C:\Program Files\Microsoft VS Code\bin;.]
2019-04-02 17:31:36.188 [main] INFO  o.a.c.core.ContainerBase.[Tomcat].[localhost].[/] - Initializing Spring embedded WebApplicationContext
2019-04-02 17:31:36.189 [main] INFO  org.springframework.web.context.ContextLoader - Root WebApplicationContext: initialization completed in 1903 ms
2019-04-02 17:31:37.556 [container-1] INFO  io.lettuce.core.EpollProvider - Starting without optional epoll library
2019-04-02 17:31:37.558 [container-1] INFO  io.lettuce.core.KqueueProvider - Starting without optional kqueue library
2019-04-02 17:31:39.123 [container-1] ERROR o.s.d.redis.listener.RedisMessageListenerContainer - Connection failure occurred. Restarting subscription task after 5000 ms
2019-04-02 17:31:42.479 [main] INFO  org.apache.coyote.http11.Http11NioProtocol - Starting ProtocolHandler ["http-nio-10129"]
2019-04-02 17:31:42.483 [main] INFO  org.apache.tomcat.util.net.NioSelectorPool - Using a shared selector for servlet write/read
2019-04-02 17:31:42.507 [main] INFO  o.s.boot.web.embedded.tomcat.TomcatWebServer - Tomcat started on port(s): 10129 (http) with context path ''
2019-04-02 17:31:42.511 [main] INFO  com.calligraphy.CalligraphyAppApplication - Started CalligraphyAppApplication in 8.847 seconds (JVM running for 10.418)
2019-04-02 17:31:45.128 [container-2] ERROR o.s.d.redis.listener.RedisMessageListenerContainer - Connection failure occurred. Restarting subscription task after 5000 ms
2019-04-02 17:31:54.381 [main] INFO  com.calligraphy.CalligraphyAppApplication - Starting CalligraphyAppApplication on DESKTOP-TBI9BAK with PID 4056 (C:\Users\peng\eclipse-workspace\calligraphyApp\target\classes started by peng in C:\Users\peng\eclipse-workspace\calligraphyApp)
2019-04-02 17:31:54.384 [main] INFO  com.calligraphy.CalligraphyAppApplication - The following profiles are active: dev
2019-04-02 17:31:55.327 [main] INFO  o.s.d.r.config.RepositoryConfigurationDelegate - Multiple Spring Data modules found, entering strict repository configuration mode!
2019-04-02 17:31:55.330 [main] INFO  o.s.d.r.config.RepositoryConfigurationDelegate - Bootstrapping Spring Data repositories in DEFAULT mode.
2019-04-02 17:31:55.387 [main] INFO  o.s.d.r.config.RepositoryConfigurationDelegate - Finished Spring Data repository scanning in 43ms. Found 0 repository interfaces.
2019-04-02 17:31:55.684 [main] INFO  o.s.c.s.PostProcessorRegistrationDelegate$BeanPostProcessorChecker - Bean 'org.springframework.transaction.annotation.ProxyTransactionManagementConfiguration' of type [org.springframework.transaction.annotation.ProxyTransactionManagementConfiguration$$EnhancerBySpringCGLIB$$f99d70cf] is not eligible for getting processed by all BeanPostProcessors (for example: not eligible for auto-proxying)
2019-04-02 17:31:55.997 [main] INFO  o.s.boot.web.embedded.tomcat.TomcatWebServer - Tomcat initialized with port(s): 10129 (http)
2019-04-02 17:31:56.009 [main] INFO  org.apache.coyote.http11.Http11NioProtocol - Initializing ProtocolHandler ["http-nio-10129"]
2019-04-02 17:31:56.017 [main] INFO  org.apache.catalina.core.StandardService - Starting service [Tomcat]
2019-04-02 17:31:56.017 [main] INFO  org.apache.catalina.core.StandardEngine - Starting Servlet Engine: Apache Tomcat/9.0.13
2019-04-02 17:31:56.024 [main] INFO  org.apache.catalina.core.AprLifecycleListener - The APR based Apache Tomcat Native library which allows optimal performance in production environments was not found on the java.library.path: [C:\Program Files\Java\jdk1.8.0_151\bin;C:\WINDOWS\Sun\Java\bin;C:\WINDOWS\system32;C:\WINDOWS;C:\Program Files\Java\jdk1.8.0_151\bin;C:\Users\peng\apache-maven-3.5.2\bin;C:\ProgramData\Oracle\Java\javapath;C:\Program Files (x86)\Intel\iCLS Client\;C:\Program Files\Intel\iCLS Client\;C:\windows\system32;C:\windows;C:\windows\System32\Wbem;C:\windows\System32\WindowsPowerShell\v1.0\;C:\Program Files (x86)\NVIDIA Corporation\PhysX\Common;C:\Program Files (x86)\Intel\Intel(R) Management Engine Components\DAL;C:\Program Files\Intel\Intel(R) Management Engine Components\DAL;C:\Program Files (x86)\Intel\Intel(R) Management Engine Components\IPT;C:\Program Files\Intel\Intel(R) Management Engine Components\IPT;C:\WINDOWS\system32;C:\WINDOWS;C:\WINDOWS\System32\Wbem;C:\WINDOWS\System32\WindowsPowerShell\v1.0\;C:\Program Files\TortoiseSVN\bin;C:\Users\peng\spring-boot-cli-2.0.0.RELEASE-bin\spring-2.0.0.RELEASE\bin;C:\Users\peng\hadoop-2.7.5\bin;hadoop;C:\Users\peng\gradle-4.7\bin;C:\Users\peng\AppData\Local\Programs\Python\Python37-32;C:\Users\peng\AppData\Local\Programs\Python\Python37-32\Scripts;C:\WINDOWS\System32\OpenSSH\;C:\Program Files\Intel\WiFi\bin\;C:\Program Files\Common Files\Intel\WirelessCommon\;C:\Users\peng\spark-2.4.0-bin-hadoop2.7\bin;C:\Users\peng\spark-2.4.0-bin-hadoop2.7\sbin;C:\Users\peng\AppData\Local\Programs\Git\cmd;C:\Program Files\TortoiseGit\bin;C:\Users\peng\AppData\Local\Microsoft\WindowsApps;;C:\Program Files\Microsoft VS Code\bin;.]
2019-04-02 17:31:56.138 [main] INFO  o.a.c.core.ContainerBase.[Tomcat].[localhost].[/] - Initializing Spring embedded WebApplicationContext
2019-04-02 17:31:56.139 [main] INFO  org.springframework.web.context.ContextLoader - Root WebApplicationContext: initialization completed in 1679 ms
2019-04-02 17:31:57.398 [container-1] INFO  io.lettuce.core.EpollProvider - Starting without optional epoll library
2019-04-02 17:31:57.400 [container-1] INFO  io.lettuce.core.KqueueProvider - Starting without optional kqueue library
2019-04-02 17:31:58.935 [container-1] ERROR o.s.d.redis.listener.RedisMessageListenerContainer - Connection failure occurred. Restarting subscription task after 5000 ms
2019-04-02 17:32:02.331 [main] INFO  org.apache.coyote.http11.Http11NioProtocol - Starting ProtocolHandler ["http-nio-10129"]
2019-04-02 17:32:02.334 [main] INFO  org.apache.tomcat.util.net.NioSelectorPool - Using a shared selector for servlet write/read
2019-04-02 17:32:02.353 [main] INFO  o.s.boot.web.embedded.tomcat.TomcatWebServer - Tomcat started on port(s): 10129 (http) with context path ''
2019-04-02 17:32:02.356 [main] INFO  com.calligraphy.CalligraphyAppApplication - Started CalligraphyAppApplication in 8.647 seconds (JVM running for 10.497)
2019-04-02 17:32:02.464 [http-nio-10129-exec-1] INFO  o.a.c.core.ContainerBase.[Tomcat].[localhost].[/] - Initializing Spring DispatcherServlet 'dispatcherServlet'
2019-04-02 17:32:02.464 [http-nio-10129-exec-1] INFO  org.springframework.web.servlet.DispatcherServlet - Initializing Servlet 'dispatcherServlet'
2019-04-02 17:32:02.471 [http-nio-10129-exec-1] INFO  org.springframework.web.servlet.DispatcherServlet - Completed initialization in 7 ms
2019-04-02 17:32:05.431 [http-nio-10129-exec-1] INFO  com.alibaba.druid.pool.DruidDataSource - {dataSource-1} inited
2019-04-02 17:32:05.537 [http-nio-10129-exec-1] DEBUG c.calligraphy.dao.CoursetypeMapper.courseTypeList - ==>  Preparing: SELECT id,name,url,sort FROM `courseType` where 1=1 and parent_id = '0' ORDER BY sort desc LIMIT ?,?; 
2019-04-02 17:32:05.559 [http-nio-10129-exec-1] DEBUG c.calligraphy.dao.CoursetypeMapper.courseTypeList - ==> Parameters: 0(Integer), 10(Integer)
2019-04-02 17:32:05.584 [http-nio-10129-exec-1] DEBUG c.calligraphy.dao.CoursetypeMapper.courseTypeList - <==      Total: 2
2019-04-02 17:32:05.585 [http-nio-10129-exec-1] DEBUG c.c.dao.CoursetypeMapper.courseTypeListcount - ==>  Preparing: SELECT count(1) FROM (SELECT id,name,url,sort FROM `courseType` where parent_id = ? ) tmp 
2019-04-02 17:32:05.586 [http-nio-10129-exec-1] DEBUG c.c.dao.CoursetypeMapper.courseTypeListcount - ==> Parameters: (String)
2019-04-02 17:32:05.588 [http-nio-10129-exec-1] DEBUG c.c.dao.CoursetypeMapper.courseTypeListcount - <==      Total: 1
2019-04-02 17:32:06.360 [container-2] ERROR o.s.d.redis.listener.RedisMessageListenerContainer - Connection failure occurred. Restarting subscription task after 5000 ms
2019-04-02 17:32:12.375 [container-3] ERROR o.s.d.redis.listener.RedisMessageListenerContainer - Connection failure occurred. Restarting subscription task after 5000 ms
2019-04-02 17:32:18.382 [container-4] ERROR o.s.d.redis.listener.RedisMessageListenerContainer - Connection failure occurred. Restarting subscription task after 5000 ms
2019-04-02 17:32:26.416 [http-nio-10129-exec-4] DEBUG c.calligraphy.dao.CoursetypeMapper.courseTypeList - ==>  Preparing: SELECT id,name,url,sort FROM `courseType` where 1=1 and parent_id = ? ORDER BY sort desc LIMIT ?,?; 
2019-04-02 17:32:26.417 [http-nio-10129-exec-4] DEBUG c.calligraphy.dao.CoursetypeMapper.courseTypeList - ==> Parameters: d571699a1429449aa2bbeb306ed89590(String), 0(Integer), 10(Integer)
2019-04-02 17:32:26.421 [http-nio-10129-exec-4] DEBUG c.calligraphy.dao.CoursetypeMapper.courseTypeList - <==      Total: 2
2019-04-02 17:32:26.422 [http-nio-10129-exec-4] DEBUG c.c.dao.CoursetypeMapper.courseTypeListcount - ==>  Preparing: SELECT count(1) FROM (SELECT id,name,url,sort FROM `courseType` where parent_id = ? ) tmp 
2019-04-02 17:32:26.423 [http-nio-10129-exec-4] DEBUG c.c.dao.CoursetypeMapper.courseTypeListcount - ==> Parameters: d571699a1429449aa2bbeb306ed89590(String)
2019-04-02 17:32:26.425 [http-nio-10129-exec-4] DEBUG c.c.dao.CoursetypeMapper.courseTypeListcount - <==      Total: 1
2019-04-02 17:32:27.426 [container-5] ERROR o.s.d.redis.listener.RedisMessageListenerContainer - Connection failure occurred. Restarting subscription task after 5000 ms
2019-04-02 17:32:33.432 [container-6] ERROR o.s.d.redis.listener.RedisMessageListenerContainer - Connection failure occurred. Restarting subscription task after 5000 ms
2019-04-02 17:32:34.600 [http-nio-10129-exec-5] DEBUG c.calligraphy.dao.CoursetypeMapper.courseTypeList - ==>  Preparing: SELECT id,name,url,sort FROM `courseType` where 1=1 and parent_id = '0' ORDER BY sort desc LIMIT ?,?; 
2019-04-02 17:32:34.602 [http-nio-10129-exec-5] DEBUG c.calligraphy.dao.CoursetypeMapper.courseTypeList - ==> Parameters: 0(Integer), 10(Integer)
2019-04-02 17:32:34.604 [http-nio-10129-exec-5] DEBUG c.calligraphy.dao.CoursetypeMapper.courseTypeList - <==      Total: 2
2019-04-02 17:32:34.605 [http-nio-10129-exec-5] DEBUG c.c.dao.CoursetypeMapper.courseTypeListcount - ==>  Preparing: SELECT count(1) FROM (SELECT id,name,url,sort FROM `courseType` where parent_id = ? ) tmp 
2019-04-02 17:32:34.605 [http-nio-10129-exec-5] DEBUG c.c.dao.CoursetypeMapper.courseTypeListcount - ==> Parameters: (String)
2019-04-02 17:32:34.606 [http-nio-10129-exec-5] DEBUG c.c.dao.CoursetypeMapper.courseTypeListcount - <==      Total: 1
2019-04-02 17:32:53.163 [main] INFO  o.s.b.t.context.SpringBootTestContextBootstrapper - Neither @ContextConfiguration nor @ContextHierarchy found for test class [com.calligraphy.CalligraphyAppApplicationTests], using SpringBootContextLoader
2019-04-02 17:32:53.170 [main] INFO  o.s.test.context.support.AbstractContextLoader - Could not detect default resource locations for test class [com.calligraphy.CalligraphyAppApplicationTests]: no resource found for suffixes {-context.xml, Context.groovy}.
2019-04-02 17:32:53.171 [main] INFO  o.s.t.c.support.AnnotationConfigContextLoaderUtils - Could not detect default configuration classes for test class [com.calligraphy.CalligraphyAppApplicationTests]: CalligraphyAppApplicationTests does not declare any static, non-private, non-final, nested classes annotated with @Configuration.
2019-04-02 17:32:53.310 [main] INFO  o.s.b.t.context.SpringBootTestContextBootstrapper - Found @SpringBootConfiguration com.calligraphy.CalligraphyAppApplication for test class com.calligraphy.CalligraphyAppApplicationTests
2019-04-02 17:32:53.422 [main] INFO  o.s.b.t.context.SpringBootTestContextBootstrapper - Loaded default TestExecutionListener class names from location [META-INF/spring.factories]: [org.springframework.boot.test.mock.mockito.MockitoTestExecutionListener, org.springframework.boot.test.mock.mockito.ResetMocksTestExecutionListener, org.springframework.boot.test.autoconfigure.restdocs.RestDocsTestExecutionListener, org.springframework.boot.test.autoconfigure.web.client.MockRestServiceServerResetTestExecutionListener, org.springframework.boot.test.autoconfigure.web.servlet.MockMvcPrintOnlyOnFailureTestExecutionListener, org.springframework.boot.test.autoconfigure.web.servlet.WebDriverTestExecutionListener, org.springframework.test.context.web.ServletTestExecutionListener, org.springframework.test.context.support.DirtiesContextBeforeModesTestExecutionListener, org.springframework.test.context.support.DependencyInjectionTestExecutionListener, org.springframework.test.context.support.DirtiesContextTestExecutionListener, org.springframework.test.context.transaction.TransactionalTestExecutionListener, org.springframework.test.context.jdbc.SqlScriptsTestExecutionListener]
2019-04-02 17:32:53.445 [main] INFO  o.s.b.t.context.SpringBootTestContextBootstrapper - Using TestExecutionListeners: [org.springframework.test.context.web.ServletTestExecutionListener@1b1426f4, org.springframework.test.context.support.DirtiesContextBeforeModesTestExecutionListener@32b260fa, org.springframework.boot.test.mock.mockito.MockitoTestExecutionListener@581ac8a8, org.springframework.boot.test.autoconfigure.SpringBootDependencyInjectionTestExecutionListener@6d4e5011, org.springframework.test.context.support.DirtiesContextTestExecutionListener@57d7f8ca, org.springframework.test.context.transaction.TransactionalTestExecutionListener@76c3e77a, org.springframework.test.context.jdbc.SqlScriptsTestExecutionListener@78123e82, org.springframework.boot.test.mock.mockito.ResetMocksTestExecutionListener@67c33749, org.springframework.boot.test.autoconfigure.restdocs.RestDocsTestExecutionListener@fba92d3, org.springframework.boot.test.autoconfigure.web.client.MockRestServiceServerResetTestExecutionListener@662b4c69, org.springframework.boot.test.autoconfigure.web.servlet.MockMvcPrintOnlyOnFailureTestExecutionListener@fa49800, org.springframework.boot.test.autoconfigure.web.servlet.WebDriverTestExecutionListener@71238fc2]
2019-04-02 17:32:53.816 [main] INFO  com.calligraphy.CalligraphyAppApplicationTests - Starting CalligraphyAppApplicationTests on DESKTOP-TBI9BAK with PID 4288 (started by peng in C:\Users\peng\eclipse-workspace\calligraphyApp)
2019-04-02 17:32:53.816 [main] INFO  com.calligraphy.CalligraphyAppApplicationTests - The following profiles are active: dev
2019-04-02 17:32:54.892 [main] INFO  o.s.d.r.config.RepositoryConfigurationDelegate - Multiple Spring Data modules found, entering strict repository configuration mode!
2019-04-02 17:32:54.897 [main] INFO  o.s.d.r.config.RepositoryConfigurationDelegate - Bootstrapping Spring Data repositories in DEFAULT mode.
2019-04-02 17:32:54.991 [main] INFO  o.s.d.r.config.RepositoryConfigurationDelegate - Finished Spring Data repository scanning in 69ms. Found 0 repository interfaces.
2019-04-02 17:32:55.526 [main] INFO  o.s.c.s.PostProcessorRegistrationDelegate$BeanPostProcessorChecker - Bean 'org.springframework.transaction.annotation.ProxyTransactionManagementConfiguration' of type [org.springframework.transaction.annotation.ProxyTransactionManagementConfiguration$$EnhancerBySpringCGLIB$$1a083213] is not eligible for getting processed by all BeanPostProcessors (for example: not eligible for auto-proxying)
2019-04-02 17:32:58.457 [container-1] INFO  io.lettuce.core.EpollProvider - Starting without optional epoll library
2019-04-02 17:32:58.461 [container-1] INFO  io.lettuce.core.KqueueProvider - Starting without optional kqueue library
2019-04-02 17:33:00.378 [container-1] ERROR o.s.d.redis.listener.RedisMessageListenerContainer - Connection failure occurred. Restarting subscription task after 5000 ms
2019-04-02 17:33:03.352 [main] INFO  com.calligraphy.CalligraphyAppApplicationTests - Started CalligraphyAppApplicationTests in 9.85 seconds (JVM running for 10.917)
2019-04-02 19:40:39.563 [main] INFO  com.calligraphy.CalligraphyAppApplication - Starting CalligraphyAppApplication on DESKTOP-TBI9BAK with PID 1996 (C:\Users\peng\eclipse-workspace\calligraphyApp\target\classes started by peng in C:\Users\peng\eclipse-workspace\calligraphyApp)
2019-04-02 19:40:39.569 [main] INFO  com.calligraphy.CalligraphyAppApplication - The following profiles are active: dev
2019-04-02 19:40:41.014 [main] INFO  o.s.d.r.config.RepositoryConfigurationDelegate - Multiple Spring Data modules found, entering strict repository configuration mode!
2019-04-02 19:40:41.018 [main] INFO  o.s.d.r.config.RepositoryConfigurationDelegate - Bootstrapping Spring Data repositories in DEFAULT mode.
2019-04-02 19:40:41.118 [main] INFO  o.s.d.r.config.RepositoryConfigurationDelegate - Finished Spring Data repository scanning in 67ms. Found 0 repository interfaces.
2019-04-02 19:40:41.580 [main] INFO  o.s.c.s.PostProcessorRegistrationDelegate$BeanPostProcessorChecker - Bean 'org.springframework.transaction.annotation.ProxyTransactionManagementConfiguration' of type [org.springframework.transaction.annotation.ProxyTransactionManagementConfiguration$$EnhancerBySpringCGLIB$$a3e9a3cd] is not eligible for getting processed by all BeanPostProcessors (for example: not eligible for auto-proxying)
2019-04-02 19:40:42.192 [main] INFO  o.s.boot.web.embedded.tomcat.TomcatWebServer - Tomcat initialized with port(s): 10129 (http)
2019-04-02 19:40:42.215 [main] INFO  org.apache.coyote.http11.Http11NioProtocol - Initializing ProtocolHandler ["http-nio-10129"]
2019-04-02 19:40:42.232 [main] INFO  org.apache.catalina.core.StandardService - Starting service [Tomcat]
2019-04-02 19:40:42.233 [main] INFO  org.apache.catalina.core.StandardEngine - Starting Servlet Engine: Apache Tomcat/9.0.13
2019-04-02 19:40:42.240 [main] INFO  org.apache.catalina.core.AprLifecycleListener - The APR based Apache Tomcat Native library which allows optimal performance in production environments was not found on the java.library.path: [C:\Program Files\Java\jdk1.8.0_151\bin;C:\WINDOWS\Sun\Java\bin;C:\WINDOWS\system32;C:\WINDOWS;C:\Program Files\Java\jdk1.8.0_151\bin;C:\Users\peng\apache-maven-3.5.2\bin;C:\ProgramData\Oracle\Java\javapath;C:\Program Files (x86)\Intel\iCLS Client\;C:\Program Files\Intel\iCLS Client\;C:\windows\system32;C:\windows;C:\windows\System32\Wbem;C:\windows\System32\WindowsPowerShell\v1.0\;C:\Program Files (x86)\NVIDIA Corporation\PhysX\Common;C:\Program Files (x86)\Intel\Intel(R) Management Engine Components\DAL;C:\Program Files\Intel\Intel(R) Management Engine Components\DAL;C:\Program Files (x86)\Intel\Intel(R) Management Engine Components\IPT;C:\Program Files\Intel\Intel(R) Management Engine Components\IPT;C:\WINDOWS\system32;C:\WINDOWS;C:\WINDOWS\System32\Wbem;C:\WINDOWS\System32\WindowsPowerShell\v1.0\;C:\Program Files\TortoiseSVN\bin;C:\Users\peng\spring-boot-cli-2.0.0.RELEASE-bin\spring-2.0.0.RELEASE\bin;C:\Users\peng\hadoop-2.7.5\bin;hadoop;C:\Users\peng\gradle-4.7\bin;C:\Users\peng\AppData\Local\Programs\Python\Python37-32;C:\Users\peng\AppData\Local\Programs\Python\Python37-32\Scripts;C:\WINDOWS\System32\OpenSSH\;C:\Program Files\Intel\WiFi\bin\;C:\Program Files\Common Files\Intel\WirelessCommon\;C:\Users\peng\spark-2.4.0-bin-hadoop2.7\bin;C:\Users\peng\spark-2.4.0-bin-hadoop2.7\sbin;C:\Users\peng\AppData\Local\Programs\Git\cmd;C:\Program Files\TortoiseGit\bin;C:\Users\peng\AppData\Local\Microsoft\WindowsApps;;C:\Program Files\Microsoft VS Code\bin;.]
2019-04-02 19:40:42.445 [main] INFO  o.a.c.core.ContainerBase.[Tomcat].[localhost].[/] - Initializing Spring embedded WebApplicationContext
2019-04-02 19:40:42.446 [main] INFO  org.springframework.web.context.ContextLoader - Root WebApplicationContext: initialization completed in 2788 ms
2019-04-02 19:40:44.891 [container-1] INFO  io.lettuce.core.EpollProvider - Starting without optional epoll library
2019-04-02 19:40:44.897 [container-1] INFO  io.lettuce.core.KqueueProvider - Starting without optional kqueue library
2019-04-02 19:40:46.885 [container-1] ERROR o.s.d.redis.listener.RedisMessageListenerContainer - Connection failure occurred. Restarting subscription task after 5000 ms
2019-04-02 19:40:49.731 [main] INFO  org.apache.coyote.http11.Http11NioProtocol - Starting ProtocolHandler ["http-nio-10129"]
2019-04-02 19:40:49.735 [main] INFO  org.apache.tomcat.util.net.NioSelectorPool - Using a shared selector for servlet write/read
2019-04-02 19:40:49.763 [main] INFO  o.s.boot.web.embedded.tomcat.TomcatWebServer - Tomcat started on port(s): 10129 (http) with context path ''
2019-04-02 19:40:49.768 [main] INFO  com.calligraphy.CalligraphyAppApplication - Started CalligraphyAppApplication in 10.853 seconds (JVM running for 14.374)
2019-04-02 19:40:52.896 [container-2] ERROR o.s.d.redis.listener.RedisMessageListenerContainer - Connection failure occurred. Restarting subscription task after 5000 ms
2019-04-02 19:40:58.913 [container-3] ERROR o.s.d.redis.listener.RedisMessageListenerContainer - Connection failure occurred. Restarting subscription task after 5000 ms
2019-04-02 19:41:04.922 [container-4] ERROR o.s.d.redis.listener.RedisMessageListenerContainer - Connection failure occurred. Restarting subscription task after 5000 ms
2019-04-02 19:41:10.945 [container-5] ERROR o.s.d.redis.listener.RedisMessageListenerContainer - Connection failure occurred. Restarting subscription task after 5000 ms
2019-04-02 19:41:16.963 [container-6] ERROR o.s.d.redis.listener.RedisMessageListenerContainer - Connection failure occurred. Restarting subscription task after 5000 ms
2019-04-02 19:41:22.971 [container-7] ERROR o.s.d.redis.listener.RedisMessageListenerContainer - Connection failure occurred. Restarting subscription task after 5000 ms
2019-04-02 19:41:28.984 [container-8] ERROR o.s.d.redis.listener.RedisMessageListenerContainer - Connection failure occurred. Restarting subscription task after 5000 ms
2019-04-02 19:41:35.080 [container-9] ERROR o.s.d.redis.listener.RedisMessageListenerContainer - Connection failure occurred. Restarting subscription task after 5000 ms
2019-04-02 19:41:41.243 [container-10] ERROR o.s.d.redis.listener.RedisMessageListenerContainer - Connection failure occurred. Restarting subscription task after 5000 ms
2019-04-02 19:41:47.253 [container-11] ERROR o.s.d.redis.listener.RedisMessageListenerContainer - Connection failure occurred. Restarting subscription task after 5000 ms
2019-04-02 19:41:53.273 [container-12] ERROR o.s.d.redis.listener.RedisMessageListenerContainer - Connection failure occurred. Restarting subscription task after 5000 ms
2019-04-02 19:41:59.280 [container-13] ERROR o.s.d.redis.listener.RedisMessageListenerContainer - Connection failure occurred. Restarting subscription task after 5000 ms
2019-04-02 19:42:02.921 [http-nio-10129-exec-1] INFO  o.a.c.core.ContainerBase.[Tomcat].[localhost].[/] - Initializing Spring DispatcherServlet 'dispatcherServlet'
2019-04-02 19:42:02.925 [http-nio-10129-exec-1] INFO  org.springframework.web.servlet.DispatcherServlet - Initializing Servlet 'dispatcherServlet'
2019-04-02 19:42:02.937 [http-nio-10129-exec-1] INFO  org.springframework.web.servlet.DispatcherServlet - Completed initialization in 12 ms
2019-04-02 19:42:03.893 [http-nio-10129-exec-1] INFO  com.alibaba.druid.pool.DruidDataSource - {dataSource-1} inited
2019-04-02 19:42:04.061 [http-nio-10129-exec-1] DEBUG c.c.dao.CalligraphydicMapper.dicvideolist - ==>  Preparing: SELECT u.videourl as videourl,d.dicname,d.id FROM dicvideo d INNER JOIN dicvideourl u on d.videourl = u.videoId where 1=1 and d.dicname = ? ORDER by update_date DESC limit ?,? 
2019-04-02 19:42:04.097 [http-nio-10129-exec-1] DEBUG c.c.dao.CalligraphydicMapper.dicvideolist - ==> Parameters: 如(String), 0(Integer), 10(Integer)
2019-04-02 19:42:04.142 [http-nio-10129-exec-1] DEBUG c.c.dao.CalligraphydicMapper.dicvideolist - <==      Total: 1
2019-04-02 19:42:04.145 [http-nio-10129-exec-1] DEBUG c.c.dao.CalligraphydicMapper.dicvideolistcount - ==>  Preparing: SELECT count(1) FROM (SELECT u.videourl as videourl,d.dicname,d.id FROM dicvideo d INNER JOIN dicvideourl u on d.videourl = u.videoId where 1=1 and d.dicname = ? ) tmp 
2019-04-02 19:42:04.147 [http-nio-10129-exec-1] DEBUG c.c.dao.CalligraphydicMapper.dicvideolistcount - ==> Parameters: 如(String)
2019-04-02 19:42:04.153 [http-nio-10129-exec-1] DEBUG c.c.dao.CalligraphydicMapper.dicvideolistcount - <==      Total: 1
2019-04-02 19:42:05.290 [container-14] ERROR o.s.d.redis.listener.RedisMessageListenerContainer - Connection failure occurred. Restarting subscription task after 5000 ms
2019-04-02 19:42:11.304 [container-15] ERROR o.s.d.redis.listener.RedisMessageListenerContainer - Connection failure occurred. Restarting subscription task after 5000 ms
2019-04-02 19:42:17.318 [container-16] ERROR o.s.d.redis.listener.RedisMessageListenerContainer - Connection failure occurred. Restarting subscription task after 5000 ms
2019-04-02 19:42:23.332 [container-17] ERROR o.s.d.redis.listener.RedisMessageListenerContainer - Connection failure occurred. Restarting subscription task after 5000 ms
2019-04-02 19:42:29.340 [container-18] ERROR o.s.d.redis.listener.RedisMessageListenerContainer - Connection failure occurred. Restarting subscription task after 5000 ms
2019-04-02 19:42:35.353 [container-19] ERROR o.s.d.redis.listener.RedisMessageListenerContainer - Connection failure occurred. Restarting subscription task after 5000 ms
2019-04-02 19:42:41.365 [container-20] ERROR o.s.d.redis.listener.RedisMessageListenerContainer - Connection failure occurred. Restarting subscription task after 5000 ms
2019-04-02 19:42:47.379 [container-21] ERROR o.s.d.redis.listener.RedisMessageListenerContainer - Connection failure occurred. Restarting subscription task after 5000 ms
2019-04-02 19:42:53.020 [http-nio-10129-exec-3] DEBUG c.c.dao.CalligraphydicMapper.dicvideolist - ==>  Preparing: SELECT u.videourl as videourl,d.dicname,d.id FROM dicvideo d INNER JOIN dicvideourl u on d.videourl = u.videoId where 1=1 and d.dicname = ? ORDER by update_date DESC limit ?,? 
2019-04-02 19:42:53.022 [http-nio-10129-exec-3] DEBUG c.c.dao.CalligraphydicMapper.dicvideolist - ==> Parameters: 如(String), 0(Integer), 10(Integer)
2019-04-02 19:42:53.026 [http-nio-10129-exec-3] DEBUG c.c.dao.CalligraphydicMapper.dicvideolist - <==      Total: 1
2019-04-02 19:42:53.027 [http-nio-10129-exec-3] DEBUG c.c.dao.CalligraphydicMapper.dicvideolistcount - ==>  Preparing: SELECT count(1) FROM (SELECT u.videourl as videourl,d.dicname,d.id FROM dicvideo d INNER JOIN dicvideourl u on d.videourl = u.videoId where 1=1 and d.dicname = ? ) tmp 
2019-04-02 19:42:53.028 [http-nio-10129-exec-3] DEBUG c.c.dao.CalligraphydicMapper.dicvideolistcount - ==> Parameters: 如(String)
2019-04-02 19:42:53.030 [http-nio-10129-exec-3] DEBUG c.c.dao.CalligraphydicMapper.dicvideolistcount - <==      Total: 1
2019-04-02 19:42:53.392 [container-22] ERROR o.s.d.redis.listener.RedisMessageListenerContainer - Connection failure occurred. Restarting subscription task after 5000 ms
2019-04-02 19:42:59.402 [container-23] ERROR o.s.d.redis.listener.RedisMessageListenerContainer - Connection failure occurred. Restarting subscription task after 5000 ms
2019-04-02 19:43:04.666 [http-nio-10129-exec-4] DEBUG com.calligraphy.dao.CalligraphydicMapper.diclist - ==>  Preparing: SELECT dicUrl,source FROM calligraphydic where 1=1 and calligraphyDic = ? ORDER by sort DESC limit ?,? 
2019-04-02 19:43:04.670 [http-nio-10129-exec-4] DEBUG com.calligraphy.dao.CalligraphydicMapper.diclist - ==> Parameters: 1(Integer), 0(Integer), 10(Integer)
2019-04-02 19:43:04.678 [http-nio-10129-exec-4] DEBUG com.calligraphy.dao.CalligraphydicMapper.diclist - <==      Total: 3
2019-04-02 19:43:04.679 [http-nio-10129-exec-4] DEBUG c.c.dao.CalligraphydicMapper.diclistcount - ==>  Preparing: SELECT count(1) FROM (SELECT dicUrl,source FROM calligraphydic where 1=1 and calligraphyDic = ? ) tmp 
2019-04-02 19:43:04.679 [http-nio-10129-exec-4] DEBUG c.c.dao.CalligraphydicMapper.diclistcount - ==> Parameters: 1(Integer)
2019-04-02 19:43:04.684 [http-nio-10129-exec-4] DEBUG c.c.dao.CalligraphydicMapper.diclistcount - <==      Total: 1
2019-04-02 19:43:05.418 [container-24] ERROR o.s.d.redis.listener.RedisMessageListenerContainer - Connection failure occurred. Restarting subscription task after 5000 ms
2019-04-02 19:43:11.438 [container-25] ERROR o.s.d.redis.listener.RedisMessageListenerContainer - Connection failure occurred. Restarting subscription task after 5000 ms
2019-04-02 19:43:31.555 [main] INFO  o.s.b.t.context.SpringBootTestContextBootstrapper - Neither @ContextConfiguration nor @ContextHierarchy found for test class [com.calligraphy.CalligraphyAppApplicationTests], using SpringBootContextLoader
2019-04-02 19:43:31.571 [main] INFO  o.s.test.context.support.AbstractContextLoader - Could not detect default resource locations for test class [com.calligraphy.CalligraphyAppApplicationTests]: no resource found for suffixes {-context.xml, Context.groovy}.
2019-04-02 19:43:31.571 [main] INFO  o.s.t.c.support.AnnotationConfigContextLoaderUtils - Could not detect default configuration classes for test class [com.calligraphy.CalligraphyAppApplicationTests]: CalligraphyAppApplicationTests does not declare any static, non-private, non-final, nested classes annotated with @Configuration.
2019-04-02 19:43:31.831 [main] INFO  o.s.b.t.context.SpringBootTestContextBootstrapper - Found @SpringBootConfiguration com.calligraphy.CalligraphyAppApplication for test class com.calligraphy.CalligraphyAppApplicationTests
2019-04-02 19:43:32.040 [main] INFO  o.s.b.t.context.SpringBootTestContextBootstrapper - Loaded default TestExecutionListener class names from location [META-INF/spring.factories]: [org.springframework.boot.test.mock.mockito.MockitoTestExecutionListener, org.springframework.boot.test.mock.mockito.ResetMocksTestExecutionListener, org.springframework.boot.test.autoconfigure.restdocs.RestDocsTestExecutionListener, org.springframework.boot.test.autoconfigure.web.client.MockRestServiceServerResetTestExecutionListener, org.springframework.boot.test.autoconfigure.web.servlet.MockMvcPrintOnlyOnFailureTestExecutionListener, org.springframework.boot.test.autoconfigure.web.servlet.WebDriverTestExecutionListener, org.springframework.test.context.web.ServletTestExecutionListener, org.springframework.test.context.support.DirtiesContextBeforeModesTestExecutionListener, org.springframework.test.context.support.DependencyInjectionTestExecutionListener, org.springframework.test.context.support.DirtiesContextTestExecutionListener, org.springframework.test.context.transaction.TransactionalTestExecutionListener, org.springframework.test.context.jdbc.SqlScriptsTestExecutionListener]
2019-04-02 19:43:32.082 [main] INFO  o.s.b.t.context.SpringBootTestContextBootstrapper - Using TestExecutionListeners: [org.springframework.test.context.web.ServletTestExecutionListener@1b1426f4, org.springframework.test.context.support.DirtiesContextBeforeModesTestExecutionListener@32b260fa, org.springframework.boot.test.mock.mockito.MockitoTestExecutionListener@581ac8a8, org.springframework.boot.test.autoconfigure.SpringBootDependencyInjectionTestExecutionListener@6d4e5011, org.springframework.test.context.support.DirtiesContextTestExecutionListener@57d7f8ca, org.springframework.test.context.transaction.TransactionalTestExecutionListener@76c3e77a, org.springframework.test.context.jdbc.SqlScriptsTestExecutionListener@78123e82, org.springframework.boot.test.mock.mockito.ResetMocksTestExecutionListener@67c33749, org.springframework.boot.test.autoconfigure.restdocs.RestDocsTestExecutionListener@fba92d3, org.springframework.boot.test.autoconfigure.web.client.MockRestServiceServerResetTestExecutionListener@662b4c69, org.springframework.boot.test.autoconfigure.web.servlet.MockMvcPrintOnlyOnFailureTestExecutionListener@fa49800, org.springframework.boot.test.autoconfigure.web.servlet.WebDriverTestExecutionListener@71238fc2]
2019-04-02 19:43:33.114 [main] INFO  com.calligraphy.CalligraphyAppApplicationTests - Starting CalligraphyAppApplicationTests on DESKTOP-TBI9BAK with PID 8704 (started by peng in C:\Users\peng\eclipse-workspace\calligraphyApp)
2019-04-02 19:43:33.115 [main] INFO  com.calligraphy.CalligraphyAppApplicationTests - The following profiles are active: dev
2019-04-02 19:43:35.218 [main] INFO  o.s.d.r.config.RepositoryConfigurationDelegate - Multiple Spring Data modules found, entering strict repository configuration mode!
2019-04-02 19:43:35.230 [main] INFO  o.s.d.r.config.RepositoryConfigurationDelegate - Bootstrapping Spring Data repositories in DEFAULT mode.
2019-04-02 19:43:35.360 [main] INFO  o.s.d.r.config.RepositoryConfigurationDelegate - Finished Spring Data repository scanning in 94ms. Found 0 repository interfaces.
2019-04-02 19:43:36.297 [main] INFO  o.s.c.s.PostProcessorRegistrationDelegate$BeanPostProcessorChecker - Bean 'org.springframework.transaction.annotation.ProxyTransactionManagementConfiguration' of type [org.springframework.transaction.annotation.ProxyTransactionManagementConfiguration$$EnhancerBySpringCGLIB$$36a621c8] is not eligible for getting processed by all BeanPostProcessors (for example: not eligible for auto-proxying)
2019-04-02 19:43:41.669 [container-1] INFO  io.lettuce.core.EpollProvider - Starting without optional epoll library
2019-04-02 19:43:41.669 [container-1] INFO  io.lettuce.core.KqueueProvider - Starting without optional kqueue library
2019-04-02 19:43:44.302 [container-1] ERROR o.s.d.redis.listener.RedisMessageListenerContainer - Connection failure occurred. Restarting subscription task after 5000 ms
2019-04-02 19:43:46.437 [main] INFO  com.calligraphy.CalligraphyAppApplicationTests - Started CalligraphyAppApplicationTests in 14.134 seconds (JVM running for 16.565)
2019-04-02 19:51:02.253 [main] INFO  o.s.b.t.context.SpringBootTestContextBootstrapper - Neither @ContextConfiguration nor @ContextHierarchy found for test class [com.calligraphy.CalligraphyAppApplicationTests], using SpringBootContextLoader
2019-04-02 19:51:02.267 [main] INFO  o.s.test.context.support.AbstractContextLoader - Could not detect default resource locations for test class [com.calligraphy.CalligraphyAppApplicationTests]: no resource found for suffixes {-context.xml, Context.groovy}.
2019-04-02 19:51:02.268 [main] INFO  o.s.t.c.support.AnnotationConfigContextLoaderUtils - Could not detect default configuration classes for test class [com.calligraphy.CalligraphyAppApplicationTests]: CalligraphyAppApplicationTests does not declare any static, non-private, non-final, nested classes annotated with @Configuration.
2019-04-02 19:51:02.484 [main] INFO  o.s.b.t.context.SpringBootTestContextBootstrapper - Found @SpringBootConfiguration com.calligraphy.CalligraphyAppApplication for test class com.calligraphy.CalligraphyAppApplicationTests
2019-04-02 19:51:02.681 [main] INFO  o.s.b.t.context.SpringBootTestContextBootstrapper - Loaded default TestExecutionListener class names from location [META-INF/spring.factories]: [org.springframework.boot.test.mock.mockito.MockitoTestExecutionListener, org.springframework.boot.test.mock.mockito.ResetMocksTestExecutionListener, org.springframework.boot.test.autoconfigure.restdocs.RestDocsTestExecutionListener, org.springframework.boot.test.autoconfigure.web.client.MockRestServiceServerResetTestExecutionListener, org.springframework.boot.test.autoconfigure.web.servlet.MockMvcPrintOnlyOnFailureTestExecutionListener, org.springframework.boot.test.autoconfigure.web.servlet.WebDriverTestExecutionListener, org.springframework.test.context.web.ServletTestExecutionListener, org.springframework.test.context.support.DirtiesContextBeforeModesTestExecutionListener, org.springframework.test.context.support.DependencyInjectionTestExecutionListener, org.springframework.test.context.support.DirtiesContextTestExecutionListener, org.springframework.test.context.transaction.TransactionalTestExecutionListener, org.springframework.test.context.jdbc.SqlScriptsTestExecutionListener]
2019-04-02 19:51:02.713 [main] INFO  o.s.b.t.context.SpringBootTestContextBootstrapper - Using TestExecutionListeners: [org.springframework.test.context.web.ServletTestExecutionListener@1b1426f4, org.springframework.test.context.support.DirtiesContextBeforeModesTestExecutionListener@32b260fa, org.springframework.boot.test.mock.mockito.MockitoTestExecutionListener@581ac8a8, org.springframework.boot.test.autoconfigure.SpringBootDependencyInjectionTestExecutionListener@6d4e5011, org.springframework.test.context.support.DirtiesContextTestExecutionListener@57d7f8ca, org.springframework.test.context.transaction.TransactionalTestExecutionListener@76c3e77a, org.springframework.test.context.jdbc.SqlScriptsTestExecutionListener@78123e82, org.springframework.boot.test.mock.mockito.ResetMocksTestExecutionListener@67c33749, org.springframework.boot.test.autoconfigure.restdocs.RestDocsTestExecutionListener@fba92d3, org.springframework.boot.test.autoconfigure.web.client.MockRestServiceServerResetTestExecutionListener@662b4c69, org.springframework.boot.test.autoconfigure.web.servlet.MockMvcPrintOnlyOnFailureTestExecutionListener@fa49800, org.springframework.boot.test.autoconfigure.web.servlet.WebDriverTestExecutionListener@71238fc2]
2019-04-02 19:51:03.345 [main] INFO  com.calligraphy.CalligraphyAppApplicationTests - Starting CalligraphyAppApplicationTests on DESKTOP-TBI9BAK with PID 18396 (started by peng in C:\Users\peng\eclipse-workspace\calligraphyApp)
2019-04-02 19:51:03.346 [main] INFO  com.calligraphy.CalligraphyAppApplicationTests - The following profiles are active: dev
2019-04-02 19:51:05.222 [main] INFO  o.s.d.r.config.RepositoryConfigurationDelegate - Multiple Spring Data modules found, entering strict repository configuration mode!
2019-04-02 19:51:05.230 [main] INFO  o.s.d.r.config.RepositoryConfigurationDelegate - Bootstrapping Spring Data repositories in DEFAULT mode.
2019-04-02 19:51:05.380 [main] INFO  o.s.d.r.config.RepositoryConfigurationDelegate - Finished Spring Data repository scanning in 109ms. Found 0 repository interfaces.
2019-04-02 19:51:06.256 [main] INFO  o.s.c.s.PostProcessorRegistrationDelegate$BeanPostProcessorChecker - Bean 'org.springframework.transaction.annotation.ProxyTransactionManagementConfiguration' of type [org.springframework.transaction.annotation.ProxyTransactionManagementConfiguration$$EnhancerBySpringCGLIB$$36a621c8] is not eligible for getting processed by all BeanPostProcessors (for example: not eligible for auto-proxying)
2019-04-02 19:51:10.578 [container-1] INFO  io.lettuce.core.EpollProvider - Starting without optional epoll library
2019-04-02 19:51:10.583 [container-1] INFO  io.lettuce.core.KqueueProvider - Starting without optional kqueue library
2019-04-02 19:51:13.142 [container-1] ERROR o.s.d.redis.listener.RedisMessageListenerContainer - Connection failure occurred. Restarting subscription task after 5000 ms
2019-04-02 19:51:15.387 [main] INFO  com.calligraphy.CalligraphyAppApplicationTests - Started CalligraphyAppApplicationTests in 12.602 seconds (JVM running for 14.445)
