2019-04-10 20:19:40.019 [main] INFO  com.calligraphy.CalligraphyAppApplication - Starting CalligraphyAppApplication on DESKTOP-TBI9BAK with PID 12960 (C:\Users\peng\eclipse-workspace\calligraphyApp\target\classes started by peng in C:\Users\peng\eclipse-workspace\calligraphyApp)
2019-04-10 20:19:40.027 [main] INFO  com.calligraphy.CalligraphyAppApplication - The following profiles are active: dev
2019-04-10 20:19:41.576 [main] INFO  o.s.d.r.config.RepositoryConfigurationDelegate - Multiple Spring Data modules found, entering strict repository configuration mode!
2019-04-10 20:19:41.581 [main] INFO  o.s.d.r.config.RepositoryConfigurationDelegate - Bootstrapping Spring Data repositories in DEFAULT mode.
2019-04-10 20:19:41.693 [main] INFO  o.s.d.r.config.RepositoryConfigurationDelegate - Finished Spring Data repository scanning in 83ms. Found 0 repository interfaces.
2019-04-10 20:19:42.269 [main] INFO  o.s.c.s.PostProcessorRegistrationDelegate$BeanPostProcessorChecker - Bean 'org.springframework.transaction.annotation.ProxyTransactionManagementConfiguration' of type [org.springframework.transaction.annotation.ProxyTransactionManagementConfiguration$$EnhancerBySpringCGLIB$$42562cf] is not eligible for getting processed by all BeanPostProcessors (for example: not eligible for auto-proxying)
2019-04-10 20:19:42.934 [main] INFO  o.s.boot.web.embedded.tomcat.TomcatWebServer - Tomcat initialized with port(s): 10129 (http)
2019-04-10 20:19:42.958 [main] INFO  org.apache.coyote.http11.Http11NioProtocol - Initializing ProtocolHandler ["http-nio-10129"]
2019-04-10 20:19:42.973 [main] INFO  org.apache.catalina.core.StandardService - Starting service [Tomcat]
2019-04-10 20:19:42.973 [main] INFO  org.apache.catalina.core.StandardEngine - Starting Servlet Engine: Apache Tomcat/9.0.13
2019-04-10 20:19:42.984 [main] INFO  org.apache.catalina.core.AprLifecycleListener - The APR based Apache Tomcat Native library which allows optimal performance in production environments was not found on the java.library.path: [C:\Program Files\Java\jdk1.8.0_151\bin;C:\WINDOWS\Sun\Java\bin;C:\WINDOWS\system32;C:\WINDOWS;C:\Program Files\Java\jdk1.8.0_151\bin;C:\Users\peng\apache-maven-3.5.2\bin;C:\ProgramData\Oracle\Java\javapath;C:\Program Files (x86)\Intel\iCLS Client\;C:\Program Files\Intel\iCLS Client\;C:\windows\system32;C:\windows;C:\windows\System32\Wbem;C:\windows\System32\WindowsPowerShell\v1.0\;C:\Program Files (x86)\NVIDIA Corporation\PhysX\Common;C:\Program Files (x86)\Intel\Intel(R) Management Engine Components\DAL;C:\Program Files\Intel\Intel(R) Management Engine Components\DAL;C:\Program Files (x86)\Intel\Intel(R) Management Engine Components\IPT;C:\Program Files\Intel\Intel(R) Management Engine Components\IPT;C:\WINDOWS\system32;C:\WINDOWS;C:\WINDOWS\System32\Wbem;C:\WINDOWS\System32\WindowsPowerShell\v1.0\;C:\Program Files\TortoiseSVN\bin;C:\Users\peng\spring-boot-cli-2.0.0.RELEASE-bin\spring-2.0.0.RELEASE\bin;C:\Users\peng\hadoop-2.7.5\bin;hadoop;C:\Users\peng\gradle-4.7\bin;C:\WINDOWS\System32\OpenSSH\;C:\Program Files\Intel\WiFi\bin\;C:\Program Files\Common Files\Intel\WirelessCommon\;C:\Users\peng\spark-2.4.0-bin-hadoop2.7\bin;C:\Users\peng\spark-2.4.0-bin-hadoop2.7\sbin;C:\Users\peng\AppData\Local\Programs\Git\cmd;C:\Program Files\TortoiseGit\bin;C:\Program Files\nodejs\;C:\Users\peng\AppData\Local\Programs\Python\Python37\Scripts\;C:\Users\peng\AppData\Local\Programs\Python\Python37\;C:\Users\peng\AppData\Local\Microsoft\WindowsApps;;C:\Program Files\Microsoft VS Code\bin;C:\Users\peng\AppData\Roaming\npm;.]
2019-04-10 20:19:43.202 [main] INFO  o.a.c.core.ContainerBase.[Tomcat].[localhost].[/] - Initializing Spring embedded WebApplicationContext
2019-04-10 20:19:43.207 [main] INFO  org.springframework.web.context.ContextLoader - Root WebApplicationContext: initialization completed in 3051 ms
2019-04-10 20:19:45.721 [container-1] INFO  io.lettuce.core.EpollProvider - Starting without optional epoll library
2019-04-10 20:19:45.725 [container-1] INFO  io.lettuce.core.KqueueProvider - Starting without optional kqueue library
2019-04-10 20:19:48.147 [container-1] ERROR o.s.d.redis.listener.RedisMessageListenerContainer - Connection failure occurred. Restarting subscription task after 5000 ms
2019-04-10 20:19:50.572 [main] INFO  org.apache.coyote.http11.Http11NioProtocol - Starting ProtocolHandler ["http-nio-10129"]
2019-04-10 20:19:50.575 [main] INFO  org.apache.tomcat.util.net.NioSelectorPool - Using a shared selector for servlet write/read
2019-04-10 20:19:50.606 [main] INFO  o.s.boot.web.embedded.tomcat.TomcatWebServer - Tomcat started on port(s): 10129 (http) with context path ''
2019-04-10 20:19:50.611 [main] INFO  com.calligraphy.CalligraphyAppApplication - Started CalligraphyAppApplication in 12.01 seconds (JVM running for 15.218)
2019-04-10 20:19:54.161 [container-2] ERROR o.s.d.redis.listener.RedisMessageListenerContainer - Connection failure occurred. Restarting subscription task after 5000 ms
2019-04-10 20:20:00.179 [container-3] ERROR o.s.d.redis.listener.RedisMessageListenerContainer - Connection failure occurred. Restarting subscription task after 5000 ms
2019-04-10 20:20:06.196 [container-4] ERROR o.s.d.redis.listener.RedisMessageListenerContainer - Connection failure occurred. Restarting subscription task after 5000 ms
2019-04-10 20:20:12.223 [container-5] ERROR o.s.d.redis.listener.RedisMessageListenerContainer - Connection failure occurred. Restarting subscription task after 5000 ms
2019-04-10 20:20:18.234 [container-6] ERROR o.s.d.redis.listener.RedisMessageListenerContainer - Connection failure occurred. Restarting subscription task after 5000 ms
2019-04-10 20:20:31.239 [main] INFO  com.calligraphy.CalligraphyAppApplication - Starting CalligraphyAppApplication on DESKTOP-TBI9BAK with PID 10000 (C:\Users\peng\eclipse-workspace\calligraphyApp\target\classes started by peng in C:\Users\peng\eclipse-workspace\calligraphyApp)
2019-04-10 20:20:31.246 [main] INFO  com.calligraphy.CalligraphyAppApplication - The following profiles are active: dev
2019-04-10 20:20:32.532 [main] INFO  o.s.d.r.config.RepositoryConfigurationDelegate - Multiple Spring Data modules found, entering strict repository configuration mode!
2019-04-10 20:20:32.537 [main] INFO  o.s.d.r.config.RepositoryConfigurationDelegate - Bootstrapping Spring Data repositories in DEFAULT mode.
2019-04-10 20:20:32.646 [main] INFO  o.s.d.r.config.RepositoryConfigurationDelegate - Finished Spring Data repository scanning in 87ms. Found 0 repository interfaces.
2019-04-10 20:20:33.196 [main] INFO  o.s.c.s.PostProcessorRegistrationDelegate$BeanPostProcessorChecker - Bean 'org.springframework.transaction.annotation.ProxyTransactionManagementConfiguration' of type [org.springframework.transaction.annotation.ProxyTransactionManagementConfiguration$$EnhancerBySpringCGLIB$$585199ed] is not eligible for getting processed by all BeanPostProcessors (for example: not eligible for auto-proxying)
2019-04-10 20:20:33.807 [main] INFO  o.s.boot.web.embedded.tomcat.TomcatWebServer - Tomcat initialized with port(s): 10129 (http)
2019-04-10 20:20:33.836 [main] INFO  org.apache.coyote.http11.Http11NioProtocol - Initializing ProtocolHandler ["http-nio-10129"]
2019-04-10 20:20:33.865 [main] INFO  org.apache.catalina.core.StandardService - Starting service [Tomcat]
2019-04-10 20:20:33.865 [main] INFO  org.apache.catalina.core.StandardEngine - Starting Servlet Engine: Apache Tomcat/9.0.13
2019-04-10 20:20:33.881 [main] INFO  org.apache.catalina.core.AprLifecycleListener - The APR based Apache Tomcat Native library which allows optimal performance in production environments was not found on the java.library.path: [C:\Program Files\Java\jdk1.8.0_151\bin;C:\WINDOWS\Sun\Java\bin;C:\WINDOWS\system32;C:\WINDOWS;C:\Program Files\Java\jdk1.8.0_151\bin;C:\Users\peng\apache-maven-3.5.2\bin;C:\ProgramData\Oracle\Java\javapath;C:\Program Files (x86)\Intel\iCLS Client\;C:\Program Files\Intel\iCLS Client\;C:\windows\system32;C:\windows;C:\windows\System32\Wbem;C:\windows\System32\WindowsPowerShell\v1.0\;C:\Program Files (x86)\NVIDIA Corporation\PhysX\Common;C:\Program Files (x86)\Intel\Intel(R) Management Engine Components\DAL;C:\Program Files\Intel\Intel(R) Management Engine Components\DAL;C:\Program Files (x86)\Intel\Intel(R) Management Engine Components\IPT;C:\Program Files\Intel\Intel(R) Management Engine Components\IPT;C:\WINDOWS\system32;C:\WINDOWS;C:\WINDOWS\System32\Wbem;C:\WINDOWS\System32\WindowsPowerShell\v1.0\;C:\Program Files\TortoiseSVN\bin;C:\Users\peng\spring-boot-cli-2.0.0.RELEASE-bin\spring-2.0.0.RELEASE\bin;C:\Users\peng\hadoop-2.7.5\bin;hadoop;C:\Users\peng\gradle-4.7\bin;C:\WINDOWS\System32\OpenSSH\;C:\Program Files\Intel\WiFi\bin\;C:\Program Files\Common Files\Intel\WirelessCommon\;C:\Users\peng\spark-2.4.0-bin-hadoop2.7\bin;C:\Users\peng\spark-2.4.0-bin-hadoop2.7\sbin;C:\Users\peng\AppData\Local\Programs\Git\cmd;C:\Program Files\TortoiseGit\bin;C:\Program Files\nodejs\;C:\Users\peng\AppData\Local\Programs\Python\Python37\Scripts\;C:\Users\peng\AppData\Local\Programs\Python\Python37\;C:\Users\peng\AppData\Local\Microsoft\WindowsApps;;C:\Program Files\Microsoft VS Code\bin;C:\Users\peng\AppData\Roaming\npm;.]
2019-04-10 20:20:34.095 [main] INFO  o.a.c.core.ContainerBase.[Tomcat].[localhost].[/] - Initializing Spring embedded WebApplicationContext
2019-04-10 20:20:34.098 [main] INFO  org.springframework.web.context.ContextLoader - Root WebApplicationContext: initialization completed in 2745 ms
2019-04-10 20:20:36.416 [container-1] INFO  io.lettuce.core.EpollProvider - Starting without optional epoll library
2019-04-10 20:20:36.422 [container-1] INFO  io.lettuce.core.KqueueProvider - Starting without optional kqueue library
2019-04-10 20:20:37.737 [main] INFO  org.apache.coyote.http11.Http11NioProtocol - Starting ProtocolHandler ["http-nio-10129"]
2019-04-10 20:20:37.743 [main] INFO  org.apache.tomcat.util.net.NioSelectorPool - Using a shared selector for servlet write/read
2019-04-10 20:20:37.775 [main] INFO  o.s.boot.web.embedded.tomcat.TomcatWebServer - Tomcat started on port(s): 10129 (http) with context path ''
2019-04-10 20:20:37.793 [main] INFO  com.calligraphy.CalligraphyAppApplication - Started CalligraphyAppApplication in 7.287 seconds (JVM running for 9.431)
2019-04-10 20:23:39.329 [http-nio-10129-exec-1] INFO  o.a.c.core.ContainerBase.[Tomcat].[localhost].[/] - Initializing Spring DispatcherServlet 'dispatcherServlet'
2019-04-10 20:23:39.329 [http-nio-10129-exec-1] INFO  org.springframework.web.servlet.DispatcherServlet - Initializing Servlet 'dispatcherServlet'
2019-04-10 20:23:39.343 [http-nio-10129-exec-1] INFO  org.springframework.web.servlet.DispatcherServlet - Completed initialization in 14 ms
2019-04-10 20:23:39.369 [http-nio-10129-exec-1] WARN  org.springframework.web.servlet.PageNotFound - No mapping for POST /runbbings/collect
2019-04-10 20:24:07.095 [http-nio-10129-exec-3] WARN  org.springframework.web.servlet.PageNotFound - No mapping for POST /runbbings/collectoperation
2019-04-10 20:25:28.708 [http-nio-10129-exec-6] INFO  com.alibaba.druid.pool.DruidDataSource - {dataSource-1} inited
2019-04-10 20:25:28.922 [http-nio-10129-exec-6] DEBUG com.calligraphy.dao.RubbingsMapper.addcollect - ==>  Preparing: insert into collectrubbings (userId, rubbingsId,colletcdate) values (?, ?,now()) 
2019-04-10 20:25:28.969 [http-nio-10129-exec-6] DEBUG com.calligraphy.dao.RubbingsMapper.addcollect - ==> Parameters: 13(String), 14(String)
2019-04-10 20:26:25.492 [http-nio-10129-exec-7] DEBUG com.calligraphy.dao.RubbingsMapper.addcollect - ==>  Preparing: insert into collectrubbings (userId, rubbingsId,colletcdate) values (?, ?,now()) 
2019-04-10 20:26:25.492 [http-nio-10129-exec-7] DEBUG com.calligraphy.dao.RubbingsMapper.addcollect - ==> Parameters: 13(String), 14(String)
2019-04-10 20:26:25.497 [http-nio-10129-exec-7] DEBUG com.calligraphy.dao.RubbingsMapper.addcollect - <==    Updates: 1
2019-04-10 20:26:39.911 [http-nio-10129-exec-8] DEBUG com.calligraphy.dao.RubbingsMapper.addcollect - ==>  Preparing: insert into collectrubbings (userId, rubbingsId,colletcdate) values (?, ?,now()) 
2019-04-10 20:26:39.912 [http-nio-10129-exec-8] DEBUG com.calligraphy.dao.RubbingsMapper.addcollect - ==> Parameters: 13(String), 14(String)
2019-04-10 20:26:39.919 [http-nio-10129-exec-8] DEBUG com.calligraphy.dao.RubbingsMapper.addcollect - <==    Updates: 1
2019-04-10 20:27:02.048 [main] INFO  com.calligraphy.CalligraphyAppApplication - Starting CalligraphyAppApplication on DESKTOP-TBI9BAK with PID 11980 (C:\Users\peng\eclipse-workspace\calligraphyApp\target\classes started by peng in C:\Users\peng\eclipse-workspace\calligraphyApp)
2019-04-10 20:27:02.053 [main] INFO  com.calligraphy.CalligraphyAppApplication - The following profiles are active: dev
2019-04-10 20:27:03.085 [main] INFO  o.s.d.r.config.RepositoryConfigurationDelegate - Multiple Spring Data modules found, entering strict repository configuration mode!
2019-04-10 20:27:03.091 [main] INFO  o.s.d.r.config.RepositoryConfigurationDelegate - Bootstrapping Spring Data repositories in DEFAULT mode.
2019-04-10 20:27:03.183 [main] INFO  o.s.d.r.config.RepositoryConfigurationDelegate - Finished Spring Data repository scanning in 72ms. Found 0 repository interfaces.
2019-04-10 20:27:03.557 [main] INFO  o.s.c.s.PostProcessorRegistrationDelegate$BeanPostProcessorChecker - Bean 'org.springframework.transaction.annotation.ProxyTransactionManagementConfiguration' of type [org.springframework.transaction.annotation.ProxyTransactionManagementConfiguration$$EnhancerBySpringCGLIB$$1910447e] is not eligible for getting processed by all BeanPostProcessors (for example: not eligible for auto-proxying)
2019-04-10 20:27:03.993 [main] INFO  o.s.boot.web.embedded.tomcat.TomcatWebServer - Tomcat initialized with port(s): 10129 (http)
2019-04-10 20:27:04.009 [main] INFO  org.apache.coyote.http11.Http11NioProtocol - Initializing ProtocolHandler ["http-nio-10129"]
2019-04-10 20:27:04.024 [main] INFO  org.apache.catalina.core.StandardService - Starting service [Tomcat]
2019-04-10 20:27:04.025 [main] INFO  org.apache.catalina.core.StandardEngine - Starting Servlet Engine: Apache Tomcat/9.0.13
2019-04-10 20:27:04.035 [main] INFO  org.apache.catalina.core.AprLifecycleListener - The APR based Apache Tomcat Native library which allows optimal performance in production environments was not found on the java.library.path: [C:\Program Files\Java\jdk1.8.0_151\bin;C:\WINDOWS\Sun\Java\bin;C:\WINDOWS\system32;C:\WINDOWS;C:\Program Files\Java\jdk1.8.0_151\bin;C:\Users\peng\apache-maven-3.5.2\bin;C:\ProgramData\Oracle\Java\javapath;C:\Program Files (x86)\Intel\iCLS Client\;C:\Program Files\Intel\iCLS Client\;C:\windows\system32;C:\windows;C:\windows\System32\Wbem;C:\windows\System32\WindowsPowerShell\v1.0\;C:\Program Files (x86)\NVIDIA Corporation\PhysX\Common;C:\Program Files (x86)\Intel\Intel(R) Management Engine Components\DAL;C:\Program Files\Intel\Intel(R) Management Engine Components\DAL;C:\Program Files (x86)\Intel\Intel(R) Management Engine Components\IPT;C:\Program Files\Intel\Intel(R) Management Engine Components\IPT;C:\WINDOWS\system32;C:\WINDOWS;C:\WINDOWS\System32\Wbem;C:\WINDOWS\System32\WindowsPowerShell\v1.0\;C:\Program Files\TortoiseSVN\bin;C:\Users\peng\spring-boot-cli-2.0.0.RELEASE-bin\spring-2.0.0.RELEASE\bin;C:\Users\peng\hadoop-2.7.5\bin;hadoop;C:\Users\peng\gradle-4.7\bin;C:\WINDOWS\System32\OpenSSH\;C:\Program Files\Intel\WiFi\bin\;C:\Program Files\Common Files\Intel\WirelessCommon\;C:\Users\peng\spark-2.4.0-bin-hadoop2.7\bin;C:\Users\peng\spark-2.4.0-bin-hadoop2.7\sbin;C:\Users\peng\AppData\Local\Programs\Git\cmd;C:\Program Files\TortoiseGit\bin;C:\Program Files\nodejs\;C:\Users\peng\AppData\Local\Programs\Python\Python37\Scripts\;C:\Users\peng\AppData\Local\Programs\Python\Python37\;C:\Users\peng\AppData\Local\Microsoft\WindowsApps;;C:\Program Files\Microsoft VS Code\bin;C:\Users\peng\AppData\Roaming\npm;.]
2019-04-10 20:27:04.233 [main] INFO  o.a.c.core.ContainerBase.[Tomcat].[localhost].[/] - Initializing Spring embedded WebApplicationContext
2019-04-10 20:27:04.233 [main] INFO  org.springframework.web.context.ContextLoader - Root WebApplicationContext: initialization completed in 2110 ms
2019-04-10 20:27:05.777 [container-1] INFO  io.lettuce.core.EpollProvider - Starting without optional epoll library
2019-04-10 20:27:05.781 [container-1] INFO  io.lettuce.core.KqueueProvider - Starting without optional kqueue library
2019-04-10 20:27:06.767 [main] INFO  org.apache.coyote.http11.Http11NioProtocol - Starting ProtocolHandler ["http-nio-10129"]
2019-04-10 20:27:06.770 [main] INFO  org.apache.tomcat.util.net.NioSelectorPool - Using a shared selector for servlet write/read
2019-04-10 20:27:06.790 [main] INFO  o.s.boot.web.embedded.tomcat.TomcatWebServer - Tomcat started on port(s): 10129 (http) with context path ''
2019-04-10 20:27:06.793 [main] INFO  com.calligraphy.CalligraphyAppApplication - Started CalligraphyAppApplication in 5.331 seconds (JVM running for 7.278)
2019-04-10 20:27:19.393 [http-nio-10129-exec-1] INFO  o.a.c.core.ContainerBase.[Tomcat].[localhost].[/] - Initializing Spring DispatcherServlet 'dispatcherServlet'
2019-04-10 20:27:19.393 [http-nio-10129-exec-1] INFO  org.springframework.web.servlet.DispatcherServlet - Initializing Servlet 'dispatcherServlet'
2019-04-10 20:27:19.408 [http-nio-10129-exec-1] INFO  org.springframework.web.servlet.DispatcherServlet - Completed initialization in 15 ms
2019-04-10 20:27:20.191 [http-nio-10129-exec-1] INFO  com.alibaba.druid.pool.DruidDataSource - {dataSource-1} inited
2019-04-10 20:27:20.326 [http-nio-10129-exec-1] DEBUG com.calligraphy.dao.RubbingsMapper.canclecollect - ==>  Preparing: DELETE FROM collectrubbings where userId = ? and rubbingsId = ? 
2019-04-10 20:27:20.350 [http-nio-10129-exec-1] DEBUG com.calligraphy.dao.RubbingsMapper.canclecollect - ==> Parameters: 13(String), 14(String)
2019-04-10 20:27:20.360 [http-nio-10129-exec-1] DEBUG com.calligraphy.dao.RubbingsMapper.canclecollect - <==    Updates: 2
2019-04-10 20:27:27.969 [http-nio-10129-exec-3] DEBUG com.calligraphy.dao.RubbingsMapper.addcollect - ==>  Preparing: insert into collectrubbings (userId, rubbingsId,colletcdate) values (?, ?,now()) 
2019-04-10 20:27:27.971 [http-nio-10129-exec-3] DEBUG com.calligraphy.dao.RubbingsMapper.addcollect - ==> Parameters: 13(String), 14(String)
2019-04-10 20:27:27.978 [http-nio-10129-exec-3] DEBUG com.calligraphy.dao.RubbingsMapper.addcollect - <==    Updates: 1
2019-04-10 20:30:00.596 [main] INFO  o.s.b.t.context.SpringBootTestContextBootstrapper - Neither @ContextConfiguration nor @ContextHierarchy found for test class [com.calligraphy.CalligraphyAppApplicationTests], using SpringBootContextLoader
2019-04-10 20:30:00.607 [main] INFO  o.s.test.context.support.AbstractContextLoader - Could not detect default resource locations for test class [com.calligraphy.CalligraphyAppApplicationTests]: no resource found for suffixes {-context.xml, Context.groovy}.
2019-04-10 20:30:00.612 [main] INFO  o.s.t.c.support.AnnotationConfigContextLoaderUtils - Could not detect default configuration classes for test class [com.calligraphy.CalligraphyAppApplicationTests]: CalligraphyAppApplicationTests does not declare any static, non-private, non-final, nested classes annotated with @Configuration.
2019-04-10 20:30:00.847 [main] INFO  o.s.b.t.context.SpringBootTestContextBootstrapper - Found @SpringBootConfiguration com.calligraphy.CalligraphyAppApplication for test class com.calligraphy.CalligraphyAppApplicationTests
2019-04-10 20:30:01.100 [main] INFO  o.s.b.t.context.SpringBootTestContextBootstrapper - Loaded default TestExecutionListener class names from location [META-INF/spring.factories]: [org.springframework.boot.test.mock.mockito.MockitoTestExecutionListener, org.springframework.boot.test.mock.mockito.ResetMocksTestExecutionListener, org.springframework.boot.test.autoconfigure.restdocs.RestDocsTestExecutionListener, org.springframework.boot.test.autoconfigure.web.client.MockRestServiceServerResetTestExecutionListener, org.springframework.boot.test.autoconfigure.web.servlet.MockMvcPrintOnlyOnFailureTestExecutionListener, org.springframework.boot.test.autoconfigure.web.servlet.WebDriverTestExecutionListener, org.springframework.test.context.web.ServletTestExecutionListener, org.springframework.test.context.support.DirtiesContextBeforeModesTestExecutionListener, org.springframework.test.context.support.DependencyInjectionTestExecutionListener, org.springframework.test.context.support.DirtiesContextTestExecutionListener, org.springframework.test.context.transaction.TransactionalTestExecutionListener, org.springframework.test.context.jdbc.SqlScriptsTestExecutionListener]
2019-04-10 20:30:01.134 [main] INFO  o.s.b.t.context.SpringBootTestContextBootstrapper - Using TestExecutionListeners: [org.springframework.test.context.web.ServletTestExecutionListener@1b1426f4, org.springframework.test.context.support.DirtiesContextBeforeModesTestExecutionListener@32b260fa, org.springframework.boot.test.mock.mockito.MockitoTestExecutionListener@581ac8a8, org.springframework.boot.test.autoconfigure.SpringBootDependencyInjectionTestExecutionListener@6d4e5011, org.springframework.test.context.support.DirtiesContextTestExecutionListener@57d7f8ca, org.springframework.test.context.transaction.TransactionalTestExecutionListener@76c3e77a, org.springframework.test.context.jdbc.SqlScriptsTestExecutionListener@78123e82, org.springframework.boot.test.mock.mockito.ResetMocksTestExecutionListener@67c33749, org.springframework.boot.test.autoconfigure.restdocs.RestDocsTestExecutionListener@fba92d3, org.springframework.boot.test.autoconfigure.web.client.MockRestServiceServerResetTestExecutionListener@662b4c69, org.springframework.boot.test.autoconfigure.web.servlet.MockMvcPrintOnlyOnFailureTestExecutionListener@fa49800, org.springframework.boot.test.autoconfigure.web.servlet.WebDriverTestExecutionListener@71238fc2]
2019-04-10 20:30:01.753 [main] INFO  com.calligraphy.CalligraphyAppApplicationTests - Starting CalligraphyAppApplicationTests on DESKTOP-TBI9BAK with PID 2420 (started by peng in C:\Users\peng\eclipse-workspace\calligraphyApp)
2019-04-10 20:30:01.754 [main] INFO  com.calligraphy.CalligraphyAppApplicationTests - The following profiles are active: dev
2019-04-10 20:30:03.523 [main] INFO  o.s.d.r.config.RepositoryConfigurationDelegate - Multiple Spring Data modules found, entering strict repository configuration mode!
2019-04-10 20:30:03.523 [main] INFO  o.s.d.r.config.RepositoryConfigurationDelegate - Bootstrapping Spring Data repositories in DEFAULT mode.
2019-04-10 20:30:03.674 [main] INFO  o.s.d.r.config.RepositoryConfigurationDelegate - Finished Spring Data repository scanning in 99ms. Found 0 repository interfaces.
2019-04-10 20:30:04.518 [main] INFO  o.s.c.s.PostProcessorRegistrationDelegate$BeanPostProcessorChecker - Bean 'org.springframework.transaction.annotation.ProxyTransactionManagementConfiguration' of type [org.springframework.transaction.annotation.ProxyTransactionManagementConfiguration$$EnhancerBySpringCGLIB$$36a621c8] is not eligible for getting processed by all BeanPostProcessors (for example: not eligible for auto-proxying)
2019-04-10 20:30:09.519 [container-1] INFO  io.lettuce.core.EpollProvider - Starting without optional epoll library
2019-04-10 20:30:09.536 [container-1] INFO  io.lettuce.core.KqueueProvider - Starting without optional kqueue library
2019-04-10 20:30:11.409 [main] INFO  com.calligraphy.CalligraphyAppApplicationTests - Started CalligraphyAppApplicationTests in 10.189 seconds (JVM running for 12.241)
2019-04-10 21:20:18.298 [main] INFO  com.calligraphy.CalligraphyAppApplication - Starting CalligraphyAppApplication on DESKTOP-TBI9BAK with PID 11052 (C:\Users\peng\eclipse-workspace\calligraphyApp\target\classes started by peng in C:\Users\peng\eclipse-workspace\calligraphyApp)
2019-04-10 21:20:18.304 [main] INFO  com.calligraphy.CalligraphyAppApplication - The following profiles are active: dev
2019-04-10 21:20:19.679 [main] INFO  o.s.d.r.config.RepositoryConfigurationDelegate - Multiple Spring Data modules found, entering strict repository configuration mode!
2019-04-10 21:20:19.684 [main] INFO  o.s.d.r.config.RepositoryConfigurationDelegate - Bootstrapping Spring Data repositories in DEFAULT mode.
2019-04-10 21:20:19.808 [main] INFO  o.s.d.r.config.RepositoryConfigurationDelegate - Finished Spring Data repository scanning in 92ms. Found 0 repository interfaces.
2019-04-10 21:20:20.339 [main] INFO  o.s.c.s.PostProcessorRegistrationDelegate$BeanPostProcessorChecker - Bean 'org.springframework.transaction.annotation.ProxyTransactionManagementConfiguration' of type [org.springframework.transaction.annotation.ProxyTransactionManagementConfiguration$$EnhancerBySpringCGLIB$$4224fa7c] is not eligible for getting processed by all BeanPostProcessors (for example: not eligible for auto-proxying)
2019-04-10 21:20:21.008 [main] INFO  o.s.boot.web.embedded.tomcat.TomcatWebServer - Tomcat initialized with port(s): 10129 (http)
2019-04-10 21:20:21.037 [main] INFO  org.apache.coyote.http11.Http11NioProtocol - Initializing ProtocolHandler ["http-nio-10129"]
2019-04-10 21:20:21.055 [main] INFO  org.apache.catalina.core.StandardService - Starting service [Tomcat]
2019-04-10 21:20:21.055 [main] INFO  org.apache.catalina.core.StandardEngine - Starting Servlet Engine: Apache Tomcat/9.0.13
2019-04-10 21:20:21.067 [main] INFO  org.apache.catalina.core.AprLifecycleListener - The APR based Apache Tomcat Native library which allows optimal performance in production environments was not found on the java.library.path: [C:\Program Files\Java\jdk1.8.0_151\bin;C:\WINDOWS\Sun\Java\bin;C:\WINDOWS\system32;C:\WINDOWS;C:\Program Files\Java\jdk1.8.0_151\bin;C:\Users\peng\apache-maven-3.5.2\bin;C:\ProgramData\Oracle\Java\javapath;C:\Program Files (x86)\Intel\iCLS Client\;C:\Program Files\Intel\iCLS Client\;C:\windows\system32;C:\windows;C:\windows\System32\Wbem;C:\windows\System32\WindowsPowerShell\v1.0\;C:\Program Files (x86)\NVIDIA Corporation\PhysX\Common;C:\Program Files (x86)\Intel\Intel(R) Management Engine Components\DAL;C:\Program Files\Intel\Intel(R) Management Engine Components\DAL;C:\Program Files (x86)\Intel\Intel(R) Management Engine Components\IPT;C:\Program Files\Intel\Intel(R) Management Engine Components\IPT;C:\WINDOWS\system32;C:\WINDOWS;C:\WINDOWS\System32\Wbem;C:\WINDOWS\System32\WindowsPowerShell\v1.0\;C:\Program Files\TortoiseSVN\bin;C:\Users\peng\spring-boot-cli-2.0.0.RELEASE-bin\spring-2.0.0.RELEASE\bin;C:\Users\peng\hadoop-2.7.5\bin;hadoop;C:\Users\peng\gradle-4.7\bin;C:\WINDOWS\System32\OpenSSH\;C:\Program Files\Intel\WiFi\bin\;C:\Program Files\Common Files\Intel\WirelessCommon\;C:\Users\peng\spark-2.4.0-bin-hadoop2.7\bin;C:\Users\peng\spark-2.4.0-bin-hadoop2.7\sbin;C:\Users\peng\AppData\Local\Programs\Git\cmd;C:\Program Files\TortoiseGit\bin;C:\Program Files\nodejs\;C:\Users\peng\AppData\Local\Programs\Python\Python37\Scripts\;C:\Users\peng\AppData\Local\Programs\Python\Python37\;C:\Users\peng\AppData\Local\Microsoft\WindowsApps;;C:\Program Files\Microsoft VS Code\bin;C:\Users\peng\AppData\Roaming\npm;.]
2019-04-10 21:20:21.286 [main] INFO  o.a.c.core.ContainerBase.[Tomcat].[localhost].[/] - Initializing Spring embedded WebApplicationContext
2019-04-10 21:20:21.288 [main] INFO  org.springframework.web.context.ContextLoader - Root WebApplicationContext: initialization completed in 2898 ms
2019-04-10 21:20:23.666 [container-1] INFO  io.lettuce.core.EpollProvider - Starting without optional epoll library
2019-04-10 21:20:23.671 [container-1] INFO  io.lettuce.core.KqueueProvider - Starting without optional kqueue library
2019-04-10 21:20:24.944 [main] INFO  org.apache.coyote.http11.Http11NioProtocol - Starting ProtocolHandler ["http-nio-10129"]
2019-04-10 21:20:24.947 [main] INFO  org.apache.tomcat.util.net.NioSelectorPool - Using a shared selector for servlet write/read
2019-04-10 21:20:24.978 [main] INFO  o.s.boot.web.embedded.tomcat.TomcatWebServer - Tomcat started on port(s): 10129 (http) with context path ''
2019-04-10 21:20:24.991 [main] INFO  com.calligraphy.CalligraphyAppApplication - Started CalligraphyAppApplication in 7.419 seconds (JVM running for 9.995)
2019-04-10 21:21:39.336 [http-nio-10129-exec-1] INFO  o.a.c.core.ContainerBase.[Tomcat].[localhost].[/] - Initializing Spring DispatcherServlet 'dispatcherServlet'
2019-04-10 21:21:39.337 [http-nio-10129-exec-1] INFO  org.springframework.web.servlet.DispatcherServlet - Initializing Servlet 'dispatcherServlet'
2019-04-10 21:21:39.345 [http-nio-10129-exec-1] INFO  org.springframework.web.servlet.DispatcherServlet - Completed initialization in 8 ms
2019-04-10 21:21:40.240 [http-nio-10129-exec-1] INFO  com.alibaba.druid.pool.DruidDataSource - {dataSource-1} inited
2019-04-10 21:21:40.405 [http-nio-10129-exec-1] DEBUG com.calligraphy.dao.RubbingsMapper.addcollect - ==>  Preparing: insert into collectrubbings (userId, rubbingsId,colletcdate) values (?, ?,now()) 
2019-04-10 21:21:40.440 [http-nio-10129-exec-1] DEBUG com.calligraphy.dao.RubbingsMapper.addcollect - ==> Parameters: 13(String), 14(String)
2019-04-10 21:21:40.447 [http-nio-10129-exec-1] DEBUG com.calligraphy.dao.RubbingsMapper.addcollect - <==    Updates: 1
2019-04-10 21:22:25.531 [http-nio-10129-exec-3] DEBUG com.calligraphy.dao.RubbingsMapper.canclecollect - ==>  Preparing: DELETE FROM collectrubbings where userId = ? and rubbingsId = ? 
2019-04-10 21:22:25.533 [http-nio-10129-exec-3] DEBUG com.calligraphy.dao.RubbingsMapper.canclecollect - ==> Parameters: 13(String), 14(String)
2019-04-10 21:22:25.539 [http-nio-10129-exec-3] DEBUG com.calligraphy.dao.RubbingsMapper.canclecollect - <==    Updates: 1
2019-04-10 21:22:36.999 [http-nio-10129-exec-4] DEBUG com.calligraphy.dao.RubbingsMapper.addcollect - ==>  Preparing: insert into collectrubbings (userId, rubbingsId,colletcdate) values (?, ?,now()) 
2019-04-10 21:22:37.001 [http-nio-10129-exec-4] DEBUG com.calligraphy.dao.RubbingsMapper.addcollect - ==> Parameters: 13(String), 1bdfcd11bb914c9380fb539c0afa0c2f(String)
2019-04-10 21:22:37.004 [http-nio-10129-exec-4] DEBUG com.calligraphy.dao.RubbingsMapper.addcollect - <==    Updates: 1
2019-04-10 21:22:44.100 [http-nio-10129-exec-7] DEBUG com.calligraphy.dao.RubbingsMapper.hotlist - ==>  Preparing: SELECT id,name,typeTime,rubbingsUrl FROM rubbings where hot=1 order by name limit 0,20 
2019-04-10 21:22:44.102 [http-nio-10129-exec-7] DEBUG com.calligraphy.dao.RubbingsMapper.hotlist - ==> Parameters: 
2019-04-10 21:22:44.140 [http-nio-10129-exec-7] DEBUG com.calligraphy.dao.RubbingsMapper.hotlist - <==      Total: 4
2019-04-10 21:22:57.315 [main] INFO  com.calligraphy.CalligraphyAppApplication - Starting CalligraphyAppApplication on DESKTOP-TBI9BAK with PID 10568 (C:\Users\peng\eclipse-workspace\calligraphyApp\target\classes started by peng in C:\Users\peng\eclipse-workspace\calligraphyApp)
2019-04-10 21:22:57.321 [main] INFO  com.calligraphy.CalligraphyAppApplication - The following profiles are active: dev
2019-04-10 21:22:58.701 [main] INFO  o.s.d.r.config.RepositoryConfigurationDelegate - Multiple Spring Data modules found, entering strict repository configuration mode!
2019-04-10 21:22:58.705 [main] INFO  o.s.d.r.config.RepositoryConfigurationDelegate - Bootstrapping Spring Data repositories in DEFAULT mode.
2019-04-10 21:22:58.792 [main] INFO  o.s.d.r.config.RepositoryConfigurationDelegate - Finished Spring Data repository scanning in 66ms. Found 0 repository interfaces.
2019-04-10 21:22:59.200 [main] INFO  o.s.c.s.PostProcessorRegistrationDelegate$BeanPostProcessorChecker - Bean 'org.springframework.transaction.annotation.ProxyTransactionManagementConfiguration' of type [org.springframework.transaction.annotation.ProxyTransactionManagementConfiguration$$EnhancerBySpringCGLIB$$63b0cbf0] is not eligible for getting processed by all BeanPostProcessors (for example: not eligible for auto-proxying)
2019-04-10 21:22:59.679 [main] INFO  o.s.boot.web.embedded.tomcat.TomcatWebServer - Tomcat initialized with port(s): 10129 (http)
2019-04-10 21:22:59.699 [main] INFO  org.apache.coyote.http11.Http11NioProtocol - Initializing ProtocolHandler ["http-nio-10129"]
2019-04-10 21:22:59.713 [main] INFO  org.apache.catalina.core.StandardService - Starting service [Tomcat]
2019-04-10 21:22:59.713 [main] INFO  org.apache.catalina.core.StandardEngine - Starting Servlet Engine: Apache Tomcat/9.0.13
2019-04-10 21:22:59.723 [main] INFO  org.apache.catalina.core.AprLifecycleListener - The APR based Apache Tomcat Native library which allows optimal performance in production environments was not found on the java.library.path: [C:\Program Files\Java\jdk1.8.0_151\bin;C:\WINDOWS\Sun\Java\bin;C:\WINDOWS\system32;C:\WINDOWS;C:\Program Files\Java\jdk1.8.0_151\bin;C:\Users\peng\apache-maven-3.5.2\bin;C:\ProgramData\Oracle\Java\javapath;C:\Program Files (x86)\Intel\iCLS Client\;C:\Program Files\Intel\iCLS Client\;C:\windows\system32;C:\windows;C:\windows\System32\Wbem;C:\windows\System32\WindowsPowerShell\v1.0\;C:\Program Files (x86)\NVIDIA Corporation\PhysX\Common;C:\Program Files (x86)\Intel\Intel(R) Management Engine Components\DAL;C:\Program Files\Intel\Intel(R) Management Engine Components\DAL;C:\Program Files (x86)\Intel\Intel(R) Management Engine Components\IPT;C:\Program Files\Intel\Intel(R) Management Engine Components\IPT;C:\WINDOWS\system32;C:\WINDOWS;C:\WINDOWS\System32\Wbem;C:\WINDOWS\System32\WindowsPowerShell\v1.0\;C:\Program Files\TortoiseSVN\bin;C:\Users\peng\spring-boot-cli-2.0.0.RELEASE-bin\spring-2.0.0.RELEASE\bin;C:\Users\peng\hadoop-2.7.5\bin;hadoop;C:\Users\peng\gradle-4.7\bin;C:\WINDOWS\System32\OpenSSH\;C:\Program Files\Intel\WiFi\bin\;C:\Program Files\Common Files\Intel\WirelessCommon\;C:\Users\peng\spark-2.4.0-bin-hadoop2.7\bin;C:\Users\peng\spark-2.4.0-bin-hadoop2.7\sbin;C:\Users\peng\AppData\Local\Programs\Git\cmd;C:\Program Files\TortoiseGit\bin;C:\Program Files\nodejs\;C:\Users\peng\AppData\Local\Programs\Python\Python37\Scripts\;C:\Users\peng\AppData\Local\Programs\Python\Python37\;C:\Users\peng\AppData\Local\Microsoft\WindowsApps;;C:\Program Files\Microsoft VS Code\bin;C:\Users\peng\AppData\Roaming\npm;.]
2019-04-10 21:22:59.902 [main] INFO  o.a.c.core.ContainerBase.[Tomcat].[localhost].[/] - Initializing Spring embedded WebApplicationContext
2019-04-10 21:22:59.903 [main] INFO  org.springframework.web.context.ContextLoader - Root WebApplicationContext: initialization completed in 2460 ms
2019-04-10 21:23:01.624 [container-1] INFO  io.lettuce.core.EpollProvider - Starting without optional epoll library
2019-04-10 21:23:01.626 [container-1] INFO  io.lettuce.core.KqueueProvider - Starting without optional kqueue library
2019-04-10 21:23:02.791 [main] INFO  org.apache.coyote.http11.Http11NioProtocol - Starting ProtocolHandler ["http-nio-10129"]
2019-04-10 21:23:02.794 [main] INFO  org.apache.tomcat.util.net.NioSelectorPool - Using a shared selector for servlet write/read
2019-04-10 21:23:02.825 [main] INFO  o.s.boot.web.embedded.tomcat.TomcatWebServer - Tomcat started on port(s): 10129 (http) with context path ''
2019-04-10 21:23:02.833 [main] INFO  com.calligraphy.CalligraphyAppApplication - Started CalligraphyAppApplication in 6.141 seconds (JVM running for 8.085)
2019-04-10 21:23:06.526 [http-nio-10129-exec-2] INFO  o.a.c.core.ContainerBase.[Tomcat].[localhost].[/] - Initializing Spring DispatcherServlet 'dispatcherServlet'
2019-04-10 21:23:06.528 [http-nio-10129-exec-2] INFO  org.springframework.web.servlet.DispatcherServlet - Initializing Servlet 'dispatcherServlet'
2019-04-10 21:23:06.542 [http-nio-10129-exec-2] INFO  org.springframework.web.servlet.DispatcherServlet - Completed initialization in 14 ms
2019-04-10 21:23:07.644 [http-nio-10129-exec-2] INFO  com.alibaba.druid.pool.DruidDataSource - {dataSource-1} inited
2019-04-10 21:23:07.781 [http-nio-10129-exec-2] DEBUG com.calligraphy.dao.RubbingsMapper.hotlist - ==>  Preparing: SELECT id,name,typeTime,rubbingsUrl FROM rubbings where hot=1 order by name limit 0,20 
2019-04-10 21:23:07.814 [http-nio-10129-exec-2] DEBUG com.calligraphy.dao.RubbingsMapper.hotlist - ==> Parameters: 
2019-04-10 21:23:07.846 [http-nio-10129-exec-2] DEBUG com.calligraphy.dao.RubbingsMapper.hotlist - <==      Total: 4
2019-04-10 21:23:38.720 [http-nio-10129-exec-3] DEBUG com.calligraphy.dao.RubbingsMapper.canclecollect - ==>  Preparing: DELETE FROM collectrubbings where userId = ? and rubbingsId = ? 
2019-04-10 21:23:38.721 [http-nio-10129-exec-3] DEBUG com.calligraphy.dao.RubbingsMapper.canclecollect - ==> Parameters: 13(String), 1bdfcd11bb914c9380fb539c0afa0c2f(String)
2019-04-10 21:23:38.725 [http-nio-10129-exec-3] DEBUG com.calligraphy.dao.RubbingsMapper.canclecollect - <==    Updates: 1
2019-04-10 21:23:44.130 [http-nio-10129-exec-4] DEBUG com.calligraphy.dao.RubbingsMapper.hotlist - ==>  Preparing: SELECT id,name,typeTime,rubbingsUrl FROM rubbings where hot=1 order by name limit 0,20 
2019-04-10 21:23:44.135 [http-nio-10129-exec-4] DEBUG com.calligraphy.dao.RubbingsMapper.hotlist - ==> Parameters: 
2019-04-10 21:23:44.137 [http-nio-10129-exec-4] DEBUG com.calligraphy.dao.RubbingsMapper.hotlist - <==      Total: 4
2019-04-10 21:27:19.785 [main] INFO  o.s.b.t.context.SpringBootTestContextBootstrapper - Neither @ContextConfiguration nor @ContextHierarchy found for test class [com.calligraphy.CalligraphyAppApplicationTests], using SpringBootContextLoader
2019-04-10 21:27:19.802 [main] INFO  o.s.test.context.support.AbstractContextLoader - Could not detect default resource locations for test class [com.calligraphy.CalligraphyAppApplicationTests]: no resource found for suffixes {-context.xml, Context.groovy}.
2019-04-10 21:27:19.805 [main] INFO  o.s.t.c.support.AnnotationConfigContextLoaderUtils - Could not detect default configuration classes for test class [com.calligraphy.CalligraphyAppApplicationTests]: CalligraphyAppApplicationTests does not declare any static, non-private, non-final, nested classes annotated with @Configuration.
2019-04-10 21:27:20.110 [main] INFO  o.s.b.t.context.SpringBootTestContextBootstrapper - Found @SpringBootConfiguration com.calligraphy.CalligraphyAppApplication for test class com.calligraphy.CalligraphyAppApplicationTests
2019-04-10 21:27:20.348 [main] INFO  o.s.b.t.context.SpringBootTestContextBootstrapper - Loaded default TestExecutionListener class names from location [META-INF/spring.factories]: [org.springframework.boot.test.mock.mockito.MockitoTestExecutionListener, org.springframework.boot.test.mock.mockito.ResetMocksTestExecutionListener, org.springframework.boot.test.autoconfigure.restdocs.RestDocsTestExecutionListener, org.springframework.boot.test.autoconfigure.web.client.MockRestServiceServerResetTestExecutionListener, org.springframework.boot.test.autoconfigure.web.servlet.MockMvcPrintOnlyOnFailureTestExecutionListener, org.springframework.boot.test.autoconfigure.web.servlet.WebDriverTestExecutionListener, org.springframework.test.context.web.ServletTestExecutionListener, org.springframework.test.context.support.DirtiesContextBeforeModesTestExecutionListener, org.springframework.test.context.support.DependencyInjectionTestExecutionListener, org.springframework.test.context.support.DirtiesContextTestExecutionListener, org.springframework.test.context.transaction.TransactionalTestExecutionListener, org.springframework.test.context.jdbc.SqlScriptsTestExecutionListener]
2019-04-10 21:27:20.400 [main] INFO  o.s.b.t.context.SpringBootTestContextBootstrapper - Using TestExecutionListeners: [org.springframework.test.context.web.ServletTestExecutionListener@1b1426f4, org.springframework.test.context.support.DirtiesContextBeforeModesTestExecutionListener@32b260fa, org.springframework.boot.test.mock.mockito.MockitoTestExecutionListener@581ac8a8, org.springframework.boot.test.autoconfigure.SpringBootDependencyInjectionTestExecutionListener@6d4e5011, org.springframework.test.context.support.DirtiesContextTestExecutionListener@57d7f8ca, org.springframework.test.context.transaction.TransactionalTestExecutionListener@76c3e77a, org.springframework.test.context.jdbc.SqlScriptsTestExecutionListener@78123e82, org.springframework.boot.test.mock.mockito.ResetMocksTestExecutionListener@67c33749, org.springframework.boot.test.autoconfigure.restdocs.RestDocsTestExecutionListener@fba92d3, org.springframework.boot.test.autoconfigure.web.client.MockRestServiceServerResetTestExecutionListener@662b4c69, org.springframework.boot.test.autoconfigure.web.servlet.MockMvcPrintOnlyOnFailureTestExecutionListener@fa49800, org.springframework.boot.test.autoconfigure.web.servlet.WebDriverTestExecutionListener@71238fc2]
2019-04-10 21:27:21.123 [main] INFO  com.calligraphy.CalligraphyAppApplicationTests - Starting CalligraphyAppApplicationTests on DESKTOP-TBI9BAK with PID 14892 (started by peng in C:\Users\peng\eclipse-workspace\calligraphyApp)
2019-04-10 21:27:21.124 [main] INFO  com.calligraphy.CalligraphyAppApplicationTests - The following profiles are active: dev
2019-04-10 21:27:23.067 [main] INFO  o.s.d.r.config.RepositoryConfigurationDelegate - Multiple Spring Data modules found, entering strict repository configuration mode!
2019-04-10 21:27:23.076 [main] INFO  o.s.d.r.config.RepositoryConfigurationDelegate - Bootstrapping Spring Data repositories in DEFAULT mode.
2019-04-10 21:27:23.233 [main] INFO  o.s.d.r.config.RepositoryConfigurationDelegate - Finished Spring Data repository scanning in 119ms. Found 0 repository interfaces.
2019-04-10 21:27:24.216 [main] INFO  o.s.c.s.PostProcessorRegistrationDelegate$BeanPostProcessorChecker - Bean 'org.springframework.transaction.annotation.ProxyTransactionManagementConfiguration' of type [org.springframework.transaction.annotation.ProxyTransactionManagementConfiguration$$EnhancerBySpringCGLIB$$36a621c8] is not eligible for getting processed by all BeanPostProcessors (for example: not eligible for auto-proxying)
2019-04-10 21:27:29.414 [container-1] INFO  io.lettuce.core.EpollProvider - Starting without optional epoll library
2019-04-10 21:27:29.417 [container-1] INFO  io.lettuce.core.KqueueProvider - Starting without optional kqueue library
2019-04-10 21:27:31.430 [main] INFO  com.calligraphy.CalligraphyAppApplicationTests - Started CalligraphyAppApplicationTests in 10.914 seconds (JVM running for 13.322)
