2018-12-16 20:20:02.472 [main] INFO  com.calligraphy.CalligraphyAppApplication - Starting CalligraphyAppApplication on DESKTOP-TBI9BAK with PID 37056 (C:\Users\peng\eclipse-workspace\calligraphyApp\target\classes started by peng in C:\Users\peng\eclipse-workspace\calligraphyApp)
2018-12-16 20:20:02.477 [main] INFO  com.calligraphy.CalligraphyAppApplication - The following profiles are active: dev
2018-12-16 20:20:03.550 [main] INFO  o.s.d.r.config.RepositoryConfigurationDelegate - Multiple Spring Data modules found, entering strict repository configuration mode!
2018-12-16 20:20:03.554 [main] INFO  o.s.d.r.config.RepositoryConfigurationDelegate - Bootstrapping Spring Data repositories in DEFAULT mode.
2018-12-16 20:20:03.650 [main] INFO  o.s.d.r.config.RepositoryConfigurationDelegate - Finished Spring Data repository scanning in 70ms. Found 0 repository interfaces.
2018-12-16 20:20:04.142 [main] INFO  o.s.c.s.PostProcessorRegistrationDelegate$BeanPostProcessorChecker - Bean 'org.springframework.transaction.annotation.ProxyTransactionManagementConfiguration' of type [org.springframework.transaction.annotation.ProxyTransactionManagementConfiguration$$EnhancerBySpringCGLIB$$9e37c577] is not eligible for getting processed by all BeanPostProcessors (for example: not eligible for auto-proxying)
2018-12-16 20:20:04.620 [main] INFO  o.s.boot.web.embedded.tomcat.TomcatWebServer - Tomcat initialized with port(s): 10029 (http)
2018-12-16 20:20:04.637 [main] INFO  org.apache.coyote.http11.Http11NioProtocol - Initializing ProtocolHandler ["http-nio-10029"]
2018-12-16 20:20:04.649 [main] INFO  org.apache.catalina.core.StandardService - Starting service [Tomcat]
2018-12-16 20:20:04.650 [main] INFO  org.apache.catalina.core.StandardEngine - Starting Servlet Engine: Apache Tomcat/9.0.13
2018-12-16 20:20:04.659 [main] INFO  org.apache.catalina.core.AprLifecycleListener - The APR based Apache Tomcat Native library which allows optimal performance in production environments was not found on the java.library.path: [C:\Program Files\Java\jdk1.8.0_151\bin;C:\WINDOWS\Sun\Java\bin;C:\WINDOWS\system32;C:\WINDOWS;C:\Program Files\Java\jdk1.8.0_151\bin;C:\Users\peng\apache-maven-3.5.2\bin;C:\ProgramData\Oracle\Java\javapath;C:\Program Files (x86)\Intel\iCLS Client\;C:\Program Files\Intel\iCLS Client\;C:\windows\system32;C:\windows;C:\windows\System32\Wbem;C:\windows\System32\WindowsPowerShell\v1.0\;C:\Program Files (x86)\NVIDIA Corporation\PhysX\Common;C:\Program Files (x86)\Intel\Intel(R) Management Engine Components\DAL;C:\Program Files\Intel\Intel(R) Management Engine Components\DAL;C:\Program Files (x86)\Intel\Intel(R) Management Engine Components\IPT;C:\Program Files\Intel\Intel(R) Management Engine Components\IPT;C:\Program Files\Git\cmd;C:\Program Files\TortoiseGit\bin;C:\WINDOWS\system32;C:\WINDOWS;C:\WINDOWS\System32\Wbem;C:\WINDOWS\System32\WindowsPowerShell\v1.0\;C:\Program Files\TortoiseSVN\bin;C:\Users\peng\spring-boot-cli-2.0.0.RELEASE-bin\spring-2.0.0.RELEASE\bin;C:\Users\peng\hadoop-2.7.5\bin;hadoop;C:\Users\peng\gradle-4.7\bin;C:\Users\peng\AppData\Local\Programs\Python\Python37-32;C:\Users\peng\AppData\Local\Programs\Python\Python37-32\Scripts;C:\WINDOWS\System32\OpenSSH\;C:\Program Files\Intel\WiFi\bin\;C:\Program Files\Common Files\Intel\WirelessCommon\;C:\Users\peng\spark-2.4.0-bin-hadoop2.7\bin;C:\Users\peng\spark-2.4.0-bin-hadoop2.7\sbin;C:\Users\peng\AppData\Local\Microsoft\WindowsApps;;C:\Program Files\Microsoft VS Code\bin;.]
2018-12-16 20:20:04.826 [main] INFO  o.a.c.core.ContainerBase.[Tomcat].[localhost].[/] - Initializing Spring embedded WebApplicationContext
2018-12-16 20:20:04.829 [main] INFO  org.springframework.web.context.ContextLoader - Root WebApplicationContext: initialization completed in 2261 ms
2018-12-16 20:20:06.190 [main] INFO  o.s.scheduling.concurrent.ThreadPoolTaskExecutor - Initializing ExecutorService 'applicationTaskExecutor'
2018-12-16 20:20:06.653 [main] INFO  org.apache.coyote.http11.Http11NioProtocol - Starting ProtocolHandler ["http-nio-10029"]
2018-12-16 20:20:06.669 [main] INFO  org.apache.tomcat.util.net.NioSelectorPool - Using a shared selector for servlet write/read
2018-12-16 20:20:06.693 [main] INFO  o.s.boot.web.embedded.tomcat.TomcatWebServer - Tomcat started on port(s): 10029 (http) with context path ''
2018-12-16 20:20:06.698 [main] INFO  com.calligraphy.CalligraphyAppApplication - Started CalligraphyAppApplication in 4.951 seconds (JVM running for 6.955)
2018-12-16 20:20:34.348 [http-nio-10029-exec-1] INFO  org.apache.tomcat.util.http.parser.Cookie - A cookie header was received [1520497047] that contained an invalid cookie. That cookie will be ignored.Note: further occurrences of this error will be logged at DEBUG level.
2018-12-16 20:20:34.358 [http-nio-10029-exec-1] INFO  o.a.c.core.ContainerBase.[Tomcat].[localhost].[/] - Initializing Spring DispatcherServlet 'dispatcherServlet'
2018-12-16 20:20:34.359 [http-nio-10029-exec-1] INFO  org.springframework.web.servlet.DispatcherServlet - Initializing Servlet 'dispatcherServlet'
2018-12-16 20:20:34.376 [http-nio-10029-exec-1] INFO  org.springframework.web.servlet.DispatcherServlet - Completed initialization in 16 ms
2018-12-16 20:20:55.167 [http-nio-10029-exec-2] INFO  com.alibaba.druid.pool.DruidDataSource - {dataSource-1} inited
2018-12-16 20:22:48.298 [main] INFO  com.calligraphy.CalligraphyAppApplication - Starting CalligraphyAppApplication on DESKTOP-TBI9BAK with PID 43984 (C:\Users\peng\eclipse-workspace\calligraphyApp\target\classes started by peng in C:\Users\peng\eclipse-workspace\calligraphyApp)
2018-12-16 20:22:48.303 [main] INFO  com.calligraphy.CalligraphyAppApplication - The following profiles are active: dev
2018-12-16 20:22:49.386 [main] INFO  o.s.d.r.config.RepositoryConfigurationDelegate - Multiple Spring Data modules found, entering strict repository configuration mode!
2018-12-16 20:22:49.389 [main] INFO  o.s.d.r.config.RepositoryConfigurationDelegate - Bootstrapping Spring Data repositories in DEFAULT mode.
2018-12-16 20:22:49.458 [main] INFO  o.s.d.r.config.RepositoryConfigurationDelegate - Finished Spring Data repository scanning in 50ms. Found 0 repository interfaces.
2018-12-16 20:22:49.851 [main] INFO  o.s.c.s.PostProcessorRegistrationDelegate$BeanPostProcessorChecker - Bean 'org.springframework.transaction.annotation.ProxyTransactionManagementConfiguration' of type [org.springframework.transaction.annotation.ProxyTransactionManagementConfiguration$$EnhancerBySpringCGLIB$$6c81fbfd] is not eligible for getting processed by all BeanPostProcessors (for example: not eligible for auto-proxying)
2018-12-16 20:22:50.289 [main] INFO  o.s.boot.web.embedded.tomcat.TomcatWebServer - Tomcat initialized with port(s): 10029 (http)
2018-12-16 20:22:50.306 [main] INFO  org.apache.coyote.http11.Http11NioProtocol - Initializing ProtocolHandler ["http-nio-10029"]
2018-12-16 20:22:50.317 [main] INFO  org.apache.catalina.core.StandardService - Starting service [Tomcat]
2018-12-16 20:22:50.317 [main] INFO  org.apache.catalina.core.StandardEngine - Starting Servlet Engine: Apache Tomcat/9.0.13
2018-12-16 20:22:50.326 [main] INFO  org.apache.catalina.core.AprLifecycleListener - The APR based Apache Tomcat Native library which allows optimal performance in production environments was not found on the java.library.path: [C:\Program Files\Java\jdk1.8.0_151\bin;C:\WINDOWS\Sun\Java\bin;C:\WINDOWS\system32;C:\WINDOWS;C:\Program Files\Java\jdk1.8.0_151\bin;C:\Users\peng\apache-maven-3.5.2\bin;C:\ProgramData\Oracle\Java\javapath;C:\Program Files (x86)\Intel\iCLS Client\;C:\Program Files\Intel\iCLS Client\;C:\windows\system32;C:\windows;C:\windows\System32\Wbem;C:\windows\System32\WindowsPowerShell\v1.0\;C:\Program Files (x86)\NVIDIA Corporation\PhysX\Common;C:\Program Files (x86)\Intel\Intel(R) Management Engine Components\DAL;C:\Program Files\Intel\Intel(R) Management Engine Components\DAL;C:\Program Files (x86)\Intel\Intel(R) Management Engine Components\IPT;C:\Program Files\Intel\Intel(R) Management Engine Components\IPT;C:\Program Files\Git\cmd;C:\Program Files\TortoiseGit\bin;C:\WINDOWS\system32;C:\WINDOWS;C:\WINDOWS\System32\Wbem;C:\WINDOWS\System32\WindowsPowerShell\v1.0\;C:\Program Files\TortoiseSVN\bin;C:\Users\peng\spring-boot-cli-2.0.0.RELEASE-bin\spring-2.0.0.RELEASE\bin;C:\Users\peng\hadoop-2.7.5\bin;hadoop;C:\Users\peng\gradle-4.7\bin;C:\Users\peng\AppData\Local\Programs\Python\Python37-32;C:\Users\peng\AppData\Local\Programs\Python\Python37-32\Scripts;C:\WINDOWS\System32\OpenSSH\;C:\Program Files\Intel\WiFi\bin\;C:\Program Files\Common Files\Intel\WirelessCommon\;C:\Users\peng\spark-2.4.0-bin-hadoop2.7\bin;C:\Users\peng\spark-2.4.0-bin-hadoop2.7\sbin;C:\Users\peng\AppData\Local\Microsoft\WindowsApps;;C:\Program Files\Microsoft VS Code\bin;.]
2018-12-16 20:22:50.503 [main] INFO  o.a.c.core.ContainerBase.[Tomcat].[localhost].[/] - Initializing Spring embedded WebApplicationContext
2018-12-16 20:22:50.505 [main] INFO  org.springframework.web.context.ContextLoader - Root WebApplicationContext: initialization completed in 2124 ms
2018-12-16 20:22:51.825 [main] INFO  o.s.scheduling.concurrent.ThreadPoolTaskExecutor - Initializing ExecutorService 'applicationTaskExecutor'
2018-12-16 20:22:52.305 [main] INFO  org.apache.coyote.http11.Http11NioProtocol - Starting ProtocolHandler ["http-nio-10029"]
2018-12-16 20:22:52.323 [main] INFO  org.apache.tomcat.util.net.NioSelectorPool - Using a shared selector for servlet write/read
2018-12-16 20:22:52.353 [main] INFO  o.s.boot.web.embedded.tomcat.TomcatWebServer - Tomcat started on port(s): 10029 (http) with context path ''
2018-12-16 20:22:52.359 [main] INFO  com.calligraphy.CalligraphyAppApplication - Started CalligraphyAppApplication in 4.676 seconds (JVM running for 6.698)
2018-12-16 20:22:54.941 [http-nio-10029-exec-1] INFO  org.apache.tomcat.util.http.parser.Cookie - A cookie header was received [1520497047] that contained an invalid cookie. That cookie will be ignored.Note: further occurrences of this error will be logged at DEBUG level.
2018-12-16 20:22:54.955 [http-nio-10029-exec-1] INFO  o.a.c.core.ContainerBase.[Tomcat].[localhost].[/] - Initializing Spring DispatcherServlet 'dispatcherServlet'
2018-12-16 20:22:54.957 [http-nio-10029-exec-1] INFO  org.springframework.web.servlet.DispatcherServlet - Initializing Servlet 'dispatcherServlet'
2018-12-16 20:22:54.970 [http-nio-10029-exec-1] INFO  org.springframework.web.servlet.DispatcherServlet - Completed initialization in 13 ms
2018-12-16 20:22:55.133 [http-nio-10029-exec-1] INFO  com.alibaba.druid.pool.DruidDataSource - {dataSource-1} inited
2018-12-16 20:22:55.281 [http-nio-10029-exec-1] DEBUG com.calligraphy.dao.ArticleMapper.queryByid - ==>  Preparing: SELECT id,title,author,content FROM `article` WHERE id=? 
2018-12-16 20:22:55.315 [http-nio-10029-exec-1] DEBUG com.calligraphy.dao.ArticleMapper.queryByid - ==> Parameters: 1(String)
2018-12-16 20:22:55.347 [http-nio-10029-exec-1] DEBUG com.calligraphy.dao.ArticleMapper.queryByid - <==      Total: 1
