2019-03-09 10:52:54.224 [main] INFO  com.calligraphy.CalligraphyAppApplication - Starting CalligraphyAppApplication on DESKTOP-TBI9BAK with PID 1000 (C:\Users\peng\eclipse-workspace\calligraphyApp\target\classes started by peng in C:\Users\peng\eclipse-workspace\calligraphyApp)
2019-03-09 10:52:54.232 [main] INFO  com.calligraphy.CalligraphyAppApplication - The following profiles are active: dev
2019-03-09 10:52:55.531 [main] INFO  o.s.d.r.config.RepositoryConfigurationDelegate - Multiple Spring Data modules found, entering strict repository configuration mode!
2019-03-09 10:52:55.535 [main] INFO  o.s.d.r.config.RepositoryConfigurationDelegate - Bootstrapping Spring Data repositories in DEFAULT mode.
2019-03-09 10:52:55.633 [main] INFO  o.s.d.r.config.RepositoryConfigurationDelegate - Finished Spring Data repository scanning in 70ms. Found 0 repository interfaces.
2019-03-09 10:52:56.180 [main] INFO  o.s.c.s.PostProcessorRegistrationDelegate$BeanPostProcessorChecker - Bean 'org.springframework.transaction.annotation.ProxyTransactionManagementConfiguration' of type [org.springframework.transaction.annotation.ProxyTransactionManagementConfiguration$$EnhancerBySpringCGLIB$$13b2f44f] is not eligible for getting processed by all BeanPostProcessors (for example: not eligible for auto-proxying)
2019-03-09 10:52:56.899 [main] INFO  o.s.boot.web.embedded.tomcat.TomcatWebServer - Tomcat initialized with port(s): 10129 (http)
2019-03-09 10:52:56.936 [main] INFO  org.apache.coyote.http11.Http11NioProtocol - Initializing ProtocolHandler ["http-nio-10129"]
2019-03-09 10:52:56.961 [main] INFO  org.apache.catalina.core.StandardService - Starting service [Tomcat]
2019-03-09 10:52:56.962 [main] INFO  org.apache.catalina.core.StandardEngine - Starting Servlet Engine: Apache Tomcat/9.0.13
2019-03-09 10:52:56.972 [main] INFO  org.apache.catalina.core.AprLifecycleListener - The APR based Apache Tomcat Native library which allows optimal performance in production environments was not found on the java.library.path: [C:\Program Files\Java\jdk1.8.0_151\bin;C:\WINDOWS\Sun\Java\bin;C:\WINDOWS\system32;C:\WINDOWS;C:\Program Files\Java\jdk1.8.0_151\bin;C:\Users\peng\apache-maven-3.5.2\bin;C:\ProgramData\Oracle\Java\javapath;C:\Program Files (x86)\Intel\iCLS Client\;C:\Program Files\Intel\iCLS Client\;C:\windows\system32;C:\windows;C:\windows\System32\Wbem;C:\windows\System32\WindowsPowerShell\v1.0\;C:\Program Files (x86)\NVIDIA Corporation\PhysX\Common;C:\Program Files (x86)\Intel\Intel(R) Management Engine Components\DAL;C:\Program Files\Intel\Intel(R) Management Engine Components\DAL;C:\Program Files (x86)\Intel\Intel(R) Management Engine Components\IPT;C:\Program Files\Intel\Intel(R) Management Engine Components\IPT;C:\WINDOWS\system32;C:\WINDOWS;C:\WINDOWS\System32\Wbem;C:\WINDOWS\System32\WindowsPowerShell\v1.0\;C:\Program Files\TortoiseSVN\bin;C:\Users\peng\spring-boot-cli-2.0.0.RELEASE-bin\spring-2.0.0.RELEASE\bin;C:\Users\peng\hadoop-2.7.5\bin;hadoop;C:\Users\peng\gradle-4.7\bin;C:\Users\peng\AppData\Local\Programs\Python\Python37-32;C:\Users\peng\AppData\Local\Programs\Python\Python37-32\Scripts;C:\WINDOWS\System32\OpenSSH\;C:\Program Files\Intel\WiFi\bin\;C:\Program Files\Common Files\Intel\WirelessCommon\;C:\Users\peng\spark-2.4.0-bin-hadoop2.7\bin;C:\Users\peng\spark-2.4.0-bin-hadoop2.7\sbin;C:\Users\peng\AppData\Local\Programs\Git\cmd;C:\Program Files\TortoiseGit\bin;C:\Users\peng\AppData\Local\Microsoft\WindowsApps;;C:\Program Files\Microsoft VS Code\bin;.]
2019-03-09 10:52:57.248 [main] INFO  o.a.c.core.ContainerBase.[Tomcat].[localhost].[/] - Initializing Spring embedded WebApplicationContext
2019-03-09 10:52:57.248 [main] INFO  org.springframework.web.context.ContextLoader - Root WebApplicationContext: initialization completed in 2934 ms
2019-03-09 10:52:59.592 [container-1] INFO  io.lettuce.core.EpollProvider - Starting without optional epoll library
2019-03-09 10:52:59.596 [container-1] INFO  io.lettuce.core.KqueueProvider - Starting without optional kqueue library
2019-03-09 10:53:01.686 [container-1] ERROR o.s.d.redis.listener.RedisMessageListenerContainer - Connection failure occurred. Restarting subscription task after 5000 ms
2019-03-09 10:53:04.419 [main] INFO  org.apache.coyote.http11.Http11NioProtocol - Starting ProtocolHandler ["http-nio-10129"]
2019-03-09 10:53:04.423 [main] INFO  org.apache.tomcat.util.net.NioSelectorPool - Using a shared selector for servlet write/read
2019-03-09 10:53:04.461 [main] INFO  o.s.boot.web.embedded.tomcat.TomcatWebServer - Tomcat started on port(s): 10129 (http) with context path ''
2019-03-09 10:53:04.465 [main] INFO  com.calligraphy.CalligraphyAppApplication - Started CalligraphyAppApplication in 10.939 seconds (JVM running for 13.653)
2019-03-09 10:53:07.701 [container-2] ERROR o.s.d.redis.listener.RedisMessageListenerContainer - Connection failure occurred. Restarting subscription task after 5000 ms
2019-03-09 10:53:13.730 [container-3] ERROR o.s.d.redis.listener.RedisMessageListenerContainer - Connection failure occurred. Restarting subscription task after 5000 ms
2019-03-09 10:53:19.752 [container-4] ERROR o.s.d.redis.listener.RedisMessageListenerContainer - Connection failure occurred. Restarting subscription task after 5000 ms
2019-03-09 10:53:25.770 [container-5] ERROR o.s.d.redis.listener.RedisMessageListenerContainer - Connection failure occurred. Restarting subscription task after 5000 ms
2019-03-09 10:55:10.297 [main] INFO  com.calligraphy.CalligraphyAppApplication - Starting CalligraphyAppApplication on DESKTOP-TBI9BAK with PID 5884 (C:\Users\peng\eclipse-workspace\calligraphyApp\target\classes started by peng in C:\Users\peng\eclipse-workspace\calligraphyApp)
2019-03-09 10:55:10.303 [main] INFO  com.calligraphy.CalligraphyAppApplication - The following profiles are active: dev
2019-03-09 10:55:11.774 [main] INFO  o.s.d.r.config.RepositoryConfigurationDelegate - Multiple Spring Data modules found, entering strict repository configuration mode!
2019-03-09 10:55:11.782 [main] INFO  o.s.d.r.config.RepositoryConfigurationDelegate - Bootstrapping Spring Data repositories in DEFAULT mode.
2019-03-09 10:55:11.898 [main] INFO  o.s.d.r.config.RepositoryConfigurationDelegate - Finished Spring Data repository scanning in 93ms. Found 0 repository interfaces.
2019-03-09 10:55:12.444 [main] INFO  o.s.c.s.PostProcessorRegistrationDelegate$BeanPostProcessorChecker - Bean 'org.springframework.transaction.annotation.ProxyTransactionManagementConfiguration' of type [org.springframework.transaction.annotation.ProxyTransactionManagementConfiguration$$EnhancerBySpringCGLIB$$42562cf] is not eligible for getting processed by all BeanPostProcessors (for example: not eligible for auto-proxying)
2019-03-09 10:55:13.089 [main] INFO  o.s.boot.web.embedded.tomcat.TomcatWebServer - Tomcat initialized with port(s): 10129 (http)
2019-03-09 10:55:13.109 [main] INFO  org.apache.coyote.http11.Http11NioProtocol - Initializing ProtocolHandler ["http-nio-10129"]
2019-03-09 10:55:13.126 [main] INFO  org.apache.catalina.core.StandardService - Starting service [Tomcat]
2019-03-09 10:55:13.126 [main] INFO  org.apache.catalina.core.StandardEngine - Starting Servlet Engine: Apache Tomcat/9.0.13
2019-03-09 10:55:13.134 [main] INFO  org.apache.catalina.core.AprLifecycleListener - The APR based Apache Tomcat Native library which allows optimal performance in production environments was not found on the java.library.path: [C:\Program Files\Java\jdk1.8.0_151\bin;C:\WINDOWS\Sun\Java\bin;C:\WINDOWS\system32;C:\WINDOWS;C:\Program Files\Java\jdk1.8.0_151\bin;C:\Users\peng\apache-maven-3.5.2\bin;C:\ProgramData\Oracle\Java\javapath;C:\Program Files (x86)\Intel\iCLS Client\;C:\Program Files\Intel\iCLS Client\;C:\windows\system32;C:\windows;C:\windows\System32\Wbem;C:\windows\System32\WindowsPowerShell\v1.0\;C:\Program Files (x86)\NVIDIA Corporation\PhysX\Common;C:\Program Files (x86)\Intel\Intel(R) Management Engine Components\DAL;C:\Program Files\Intel\Intel(R) Management Engine Components\DAL;C:\Program Files (x86)\Intel\Intel(R) Management Engine Components\IPT;C:\Program Files\Intel\Intel(R) Management Engine Components\IPT;C:\WINDOWS\system32;C:\WINDOWS;C:\WINDOWS\System32\Wbem;C:\WINDOWS\System32\WindowsPowerShell\v1.0\;C:\Program Files\TortoiseSVN\bin;C:\Users\peng\spring-boot-cli-2.0.0.RELEASE-bin\spring-2.0.0.RELEASE\bin;C:\Users\peng\hadoop-2.7.5\bin;hadoop;C:\Users\peng\gradle-4.7\bin;C:\Users\peng\AppData\Local\Programs\Python\Python37-32;C:\Users\peng\AppData\Local\Programs\Python\Python37-32\Scripts;C:\WINDOWS\System32\OpenSSH\;C:\Program Files\Intel\WiFi\bin\;C:\Program Files\Common Files\Intel\WirelessCommon\;C:\Users\peng\spark-2.4.0-bin-hadoop2.7\bin;C:\Users\peng\spark-2.4.0-bin-hadoop2.7\sbin;C:\Users\peng\AppData\Local\Programs\Git\cmd;C:\Program Files\TortoiseGit\bin;C:\Users\peng\AppData\Local\Microsoft\WindowsApps;;C:\Program Files\Microsoft VS Code\bin;.]
2019-03-09 10:55:13.399 [main] INFO  o.a.c.core.ContainerBase.[Tomcat].[localhost].[/] - Initializing Spring embedded WebApplicationContext
2019-03-09 10:55:13.401 [main] INFO  org.springframework.web.context.ContextLoader - Root WebApplicationContext: initialization completed in 2989 ms
2019-03-09 10:55:15.368 [container-1] INFO  io.lettuce.core.EpollProvider - Starting without optional epoll library
2019-03-09 10:55:15.369 [container-1] INFO  io.lettuce.core.KqueueProvider - Starting without optional kqueue library
2019-03-09 10:55:16.382 [main] INFO  org.apache.coyote.http11.Http11NioProtocol - Starting ProtocolHandler ["http-nio-10129"]
2019-03-09 10:55:16.385 [main] INFO  org.apache.tomcat.util.net.NioSelectorPool - Using a shared selector for servlet write/read
2019-03-09 10:55:16.407 [main] INFO  o.s.boot.web.embedded.tomcat.TomcatWebServer - Tomcat started on port(s): 10129 (http) with context path ''
2019-03-09 10:55:16.413 [main] INFO  com.calligraphy.CalligraphyAppApplication - Started CalligraphyAppApplication in 6.861 seconds (JVM running for 8.816)
2019-03-09 10:55:57.273 [http-nio-10129-exec-2] INFO  o.a.c.core.ContainerBase.[Tomcat].[localhost].[/] - Initializing Spring DispatcherServlet 'dispatcherServlet'
2019-03-09 10:55:57.273 [http-nio-10129-exec-2] INFO  org.springframework.web.servlet.DispatcherServlet - Initializing Servlet 'dispatcherServlet'
2019-03-09 10:55:57.282 [http-nio-10129-exec-2] INFO  org.springframework.web.servlet.DispatcherServlet - Completed initialization in 8 ms
2019-03-09 10:58:19.076 [http-nio-10129-exec-4] INFO  com.alibaba.druid.pool.DruidDataSource - {dataSource-1} inited
2019-03-09 10:58:19.310 [http-nio-10129-exec-4] DEBUG com.calligraphy.dao.ArticleMapper.queryByid - ==>  Preparing: SELECT id,title,author,content,praisenum,rednum,reportednum FROM `article` WHERE id=? 
2019-03-09 10:58:19.352 [http-nio-10129-exec-4] DEBUG com.calligraphy.dao.ArticleMapper.queryByid - ==> Parameters: 1(String)
2019-03-09 10:58:19.402 [http-nio-10129-exec-4] DEBUG com.calligraphy.dao.ArticleMapper.queryByid - <==      Total: 1
2019-03-09 11:00:45.402 [main] INFO  com.calligraphy.CalligraphyAppApplication - Starting CalligraphyAppApplication on DESKTOP-TBI9BAK with PID 5268 (C:\Users\peng\eclipse-workspace\calligraphyApp\target\classes started by peng in C:\Users\peng\eclipse-workspace\calligraphyApp)
2019-03-09 11:00:45.408 [main] INFO  com.calligraphy.CalligraphyAppApplication - The following profiles are active: dev
2019-03-09 11:00:46.446 [main] INFO  o.s.d.r.config.RepositoryConfigurationDelegate - Multiple Spring Data modules found, entering strict repository configuration mode!
2019-03-09 11:00:46.452 [main] INFO  o.s.d.r.config.RepositoryConfigurationDelegate - Bootstrapping Spring Data repositories in DEFAULT mode.
2019-03-09 11:00:46.546 [main] INFO  o.s.d.r.config.RepositoryConfigurationDelegate - Finished Spring Data repository scanning in 78ms. Found 0 repository interfaces.
2019-03-09 11:00:47.013 [main] INFO  o.s.c.s.PostProcessorRegistrationDelegate$BeanPostProcessorChecker - Bean 'org.springframework.transaction.annotation.ProxyTransactionManagementConfiguration' of type [org.springframework.transaction.annotation.ProxyTransactionManagementConfiguration$$EnhancerBySpringCGLIB$$4224fa7c] is not eligible for getting processed by all BeanPostProcessors (for example: not eligible for auto-proxying)
2019-03-09 11:00:47.412 [main] INFO  o.s.boot.web.embedded.tomcat.TomcatWebServer - Tomcat initialized with port(s): 10129 (http)
2019-03-09 11:00:47.427 [main] INFO  org.apache.coyote.http11.Http11NioProtocol - Initializing ProtocolHandler ["http-nio-10129"]
2019-03-09 11:00:47.438 [main] INFO  org.apache.catalina.core.StandardService - Starting service [Tomcat]
2019-03-09 11:00:47.439 [main] INFO  org.apache.catalina.core.StandardEngine - Starting Servlet Engine: Apache Tomcat/9.0.13
2019-03-09 11:00:47.446 [main] INFO  org.apache.catalina.core.AprLifecycleListener - The APR based Apache Tomcat Native library which allows optimal performance in production environments was not found on the java.library.path: [C:\Program Files\Java\jdk1.8.0_151\bin;C:\WINDOWS\Sun\Java\bin;C:\WINDOWS\system32;C:\WINDOWS;C:\Program Files\Java\jdk1.8.0_151\bin;C:\Users\peng\apache-maven-3.5.2\bin;C:\ProgramData\Oracle\Java\javapath;C:\Program Files (x86)\Intel\iCLS Client\;C:\Program Files\Intel\iCLS Client\;C:\windows\system32;C:\windows;C:\windows\System32\Wbem;C:\windows\System32\WindowsPowerShell\v1.0\;C:\Program Files (x86)\NVIDIA Corporation\PhysX\Common;C:\Program Files (x86)\Intel\Intel(R) Management Engine Components\DAL;C:\Program Files\Intel\Intel(R) Management Engine Components\DAL;C:\Program Files (x86)\Intel\Intel(R) Management Engine Components\IPT;C:\Program Files\Intel\Intel(R) Management Engine Components\IPT;C:\WINDOWS\system32;C:\WINDOWS;C:\WINDOWS\System32\Wbem;C:\WINDOWS\System32\WindowsPowerShell\v1.0\;C:\Program Files\TortoiseSVN\bin;C:\Users\peng\spring-boot-cli-2.0.0.RELEASE-bin\spring-2.0.0.RELEASE\bin;C:\Users\peng\hadoop-2.7.5\bin;hadoop;C:\Users\peng\gradle-4.7\bin;C:\Users\peng\AppData\Local\Programs\Python\Python37-32;C:\Users\peng\AppData\Local\Programs\Python\Python37-32\Scripts;C:\WINDOWS\System32\OpenSSH\;C:\Program Files\Intel\WiFi\bin\;C:\Program Files\Common Files\Intel\WirelessCommon\;C:\Users\peng\spark-2.4.0-bin-hadoop2.7\bin;C:\Users\peng\spark-2.4.0-bin-hadoop2.7\sbin;C:\Users\peng\AppData\Local\Programs\Git\cmd;C:\Program Files\TortoiseGit\bin;C:\Users\peng\AppData\Local\Microsoft\WindowsApps;;C:\Program Files\Microsoft VS Code\bin;.]
2019-03-09 11:00:47.610 [main] INFO  o.a.c.core.ContainerBase.[Tomcat].[localhost].[/] - Initializing Spring embedded WebApplicationContext
2019-03-09 11:00:47.610 [main] INFO  org.springframework.web.context.ContextLoader - Root WebApplicationContext: initialization completed in 2110 ms
2019-03-09 11:00:49.151 [container-1] INFO  io.lettuce.core.EpollProvider - Starting without optional epoll library
2019-03-09 11:00:49.157 [container-1] INFO  io.lettuce.core.KqueueProvider - Starting without optional kqueue library
2019-03-09 11:00:50.169 [main] INFO  org.apache.coyote.http11.Http11NioProtocol - Starting ProtocolHandler ["http-nio-10129"]
2019-03-09 11:00:50.174 [main] INFO  org.apache.tomcat.util.net.NioSelectorPool - Using a shared selector for servlet write/read
2019-03-09 11:00:50.196 [main] INFO  o.s.boot.web.embedded.tomcat.TomcatWebServer - Tomcat started on port(s): 10129 (http) with context path ''
2019-03-09 11:00:50.200 [main] INFO  com.calligraphy.CalligraphyAppApplication - Started CalligraphyAppApplication in 5.414 seconds (JVM running for 7.094)
2019-03-09 11:12:36.036 [main] INFO  com.calligraphy.CalligraphyAppApplication - Starting CalligraphyAppApplication on DESKTOP-TBI9BAK with PID 11524 (C:\Users\peng\eclipse-workspace\calligraphyApp\target\classes started by peng in C:\Users\peng\eclipse-workspace\calligraphyApp)
2019-03-09 11:12:36.046 [main] INFO  com.calligraphy.CalligraphyAppApplication - The following profiles are active: dev
2019-03-09 11:12:37.110 [main] INFO  o.s.d.r.config.RepositoryConfigurationDelegate - Multiple Spring Data modules found, entering strict repository configuration mode!
2019-03-09 11:12:37.116 [main] INFO  o.s.d.r.config.RepositoryConfigurationDelegate - Bootstrapping Spring Data repositories in DEFAULT mode.
2019-03-09 11:12:37.190 [main] INFO  o.s.d.r.config.RepositoryConfigurationDelegate - Finished Spring Data repository scanning in 60ms. Found 0 repository interfaces.
2019-03-09 11:12:37.551 [main] INFO  o.s.c.s.PostProcessorRegistrationDelegate$BeanPostProcessorChecker - Bean 'org.springframework.transaction.annotation.ProxyTransactionManagementConfiguration' of type [org.springframework.transaction.annotation.ProxyTransactionManagementConfiguration$$EnhancerBySpringCGLIB$$a5d1ea3f] is not eligible for getting processed by all BeanPostProcessors (for example: not eligible for auto-proxying)
2019-03-09 11:12:37.954 [main] INFO  o.s.boot.web.embedded.tomcat.TomcatWebServer - Tomcat initialized with port(s): 10129 (http)
2019-03-09 11:12:37.969 [main] INFO  org.apache.coyote.http11.Http11NioProtocol - Initializing ProtocolHandler ["http-nio-10129"]
2019-03-09 11:12:37.982 [main] INFO  org.apache.catalina.core.StandardService - Starting service [Tomcat]
2019-03-09 11:12:37.982 [main] INFO  org.apache.catalina.core.StandardEngine - Starting Servlet Engine: Apache Tomcat/9.0.13
2019-03-09 11:12:37.989 [main] INFO  org.apache.catalina.core.AprLifecycleListener - The APR based Apache Tomcat Native library which allows optimal performance in production environments was not found on the java.library.path: [C:\Program Files\Java\jdk1.8.0_151\bin;C:\WINDOWS\Sun\Java\bin;C:\WINDOWS\system32;C:\WINDOWS;C:\Program Files\Java\jdk1.8.0_151\bin;C:\Users\peng\apache-maven-3.5.2\bin;C:\ProgramData\Oracle\Java\javapath;C:\Program Files (x86)\Intel\iCLS Client\;C:\Program Files\Intel\iCLS Client\;C:\windows\system32;C:\windows;C:\windows\System32\Wbem;C:\windows\System32\WindowsPowerShell\v1.0\;C:\Program Files (x86)\NVIDIA Corporation\PhysX\Common;C:\Program Files (x86)\Intel\Intel(R) Management Engine Components\DAL;C:\Program Files\Intel\Intel(R) Management Engine Components\DAL;C:\Program Files (x86)\Intel\Intel(R) Management Engine Components\IPT;C:\Program Files\Intel\Intel(R) Management Engine Components\IPT;C:\WINDOWS\system32;C:\WINDOWS;C:\WINDOWS\System32\Wbem;C:\WINDOWS\System32\WindowsPowerShell\v1.0\;C:\Program Files\TortoiseSVN\bin;C:\Users\peng\spring-boot-cli-2.0.0.RELEASE-bin\spring-2.0.0.RELEASE\bin;C:\Users\peng\hadoop-2.7.5\bin;hadoop;C:\Users\peng\gradle-4.7\bin;C:\Users\peng\AppData\Local\Programs\Python\Python37-32;C:\Users\peng\AppData\Local\Programs\Python\Python37-32\Scripts;C:\WINDOWS\System32\OpenSSH\;C:\Program Files\Intel\WiFi\bin\;C:\Program Files\Common Files\Intel\WirelessCommon\;C:\Users\peng\spark-2.4.0-bin-hadoop2.7\bin;C:\Users\peng\spark-2.4.0-bin-hadoop2.7\sbin;C:\Users\peng\AppData\Local\Programs\Git\cmd;C:\Program Files\TortoiseGit\bin;C:\Users\peng\AppData\Local\Microsoft\WindowsApps;;C:\Program Files\Microsoft VS Code\bin;.]
2019-03-09 11:12:38.151 [main] INFO  o.a.c.core.ContainerBase.[Tomcat].[localhost].[/] - Initializing Spring embedded WebApplicationContext
2019-03-09 11:12:38.154 [main] INFO  org.springframework.web.context.ContextLoader - Root WebApplicationContext: initialization completed in 2025 ms
2019-03-09 11:12:39.706 [container-1] INFO  io.lettuce.core.EpollProvider - Starting without optional epoll library
2019-03-09 11:12:39.710 [container-1] INFO  io.lettuce.core.KqueueProvider - Starting without optional kqueue library
2019-03-09 11:12:40.645 [main] INFO  org.apache.coyote.http11.Http11NioProtocol - Starting ProtocolHandler ["http-nio-10129"]
2019-03-09 11:12:40.651 [main] INFO  org.apache.tomcat.util.net.NioSelectorPool - Using a shared selector for servlet write/read
2019-03-09 11:12:40.682 [main] INFO  o.s.boot.web.embedded.tomcat.TomcatWebServer - Tomcat started on port(s): 10129 (http) with context path ''
2019-03-09 11:12:40.687 [main] INFO  com.calligraphy.CalligraphyAppApplication - Started CalligraphyAppApplication in 5.248 seconds (JVM running for 6.906)
2019-03-09 11:12:49.824 [http-nio-10129-exec-1] INFO  o.a.c.core.ContainerBase.[Tomcat].[localhost].[/] - Initializing Spring DispatcherServlet 'dispatcherServlet'
2019-03-09 11:12:49.825 [http-nio-10129-exec-1] INFO  org.springframework.web.servlet.DispatcherServlet - Initializing Servlet 'dispatcherServlet'
2019-03-09 11:12:49.835 [http-nio-10129-exec-1] INFO  org.springframework.web.servlet.DispatcherServlet - Completed initialization in 10 ms
2019-03-09 11:12:50.597 [http-nio-10129-exec-1] INFO  com.alibaba.druid.pool.DruidDataSource - {dataSource-1} inited
2019-03-09 11:12:50.730 [http-nio-10129-exec-1] DEBUG com.calligraphy.dao.ArticleMapper.queryByid - ==>  Preparing: SELECT id,title,author,content,praisenum,rednum,reportednum FROM `article` WHERE id=? 
2019-03-09 11:12:50.763 [http-nio-10129-exec-1] DEBUG com.calligraphy.dao.ArticleMapper.queryByid - ==> Parameters: 1(String)
2019-03-09 11:12:50.793 [http-nio-10129-exec-1] DEBUG com.calligraphy.dao.ArticleMapper.queryByid - <==      Total: 1
2019-03-09 11:20:12.418 [main] INFO  com.calligraphy.CalligraphyAppApplication - Starting CalligraphyAppApplication on DESKTOP-TBI9BAK with PID 16132 (C:\Users\peng\eclipse-workspace\calligraphyApp\target\classes started by peng in C:\Users\peng\eclipse-workspace\calligraphyApp)
2019-03-09 11:20:12.425 [main] INFO  com.calligraphy.CalligraphyAppApplication - The following profiles are active: dev
2019-03-09 11:20:13.461 [main] INFO  o.s.d.r.config.RepositoryConfigurationDelegate - Multiple Spring Data modules found, entering strict repository configuration mode!
2019-03-09 11:20:13.467 [main] INFO  o.s.d.r.config.RepositoryConfigurationDelegate - Bootstrapping Spring Data repositories in DEFAULT mode.
2019-03-09 11:20:13.547 [main] INFO  o.s.d.r.config.RepositoryConfigurationDelegate - Finished Spring Data repository scanning in 63ms. Found 0 repository interfaces.
2019-03-09 11:20:13.913 [main] INFO  o.s.c.s.PostProcessorRegistrationDelegate$BeanPostProcessorChecker - Bean 'org.springframework.transaction.annotation.ProxyTransactionManagementConfiguration' of type [org.springframework.transaction.annotation.ProxyTransactionManagementConfiguration$$EnhancerBySpringCGLIB$$21858b99] is not eligible for getting processed by all BeanPostProcessors (for example: not eligible for auto-proxying)
2019-03-09 11:20:14.362 [main] INFO  o.s.boot.web.embedded.tomcat.TomcatWebServer - Tomcat initialized with port(s): 10129 (http)
2019-03-09 11:20:14.385 [main] INFO  org.apache.coyote.http11.Http11NioProtocol - Initializing ProtocolHandler ["http-nio-10129"]
2019-03-09 11:20:14.402 [main] INFO  org.apache.catalina.core.StandardService - Starting service [Tomcat]
2019-03-09 11:20:14.402 [main] INFO  org.apache.catalina.core.StandardEngine - Starting Servlet Engine: Apache Tomcat/9.0.13
2019-03-09 11:20:14.412 [main] INFO  org.apache.catalina.core.AprLifecycleListener - The APR based Apache Tomcat Native library which allows optimal performance in production environments was not found on the java.library.path: [C:\Program Files\Java\jdk1.8.0_151\bin;C:\WINDOWS\Sun\Java\bin;C:\WINDOWS\system32;C:\WINDOWS;C:\Program Files\Java\jdk1.8.0_151\bin;C:\Users\peng\apache-maven-3.5.2\bin;C:\ProgramData\Oracle\Java\javapath;C:\Program Files (x86)\Intel\iCLS Client\;C:\Program Files\Intel\iCLS Client\;C:\windows\system32;C:\windows;C:\windows\System32\Wbem;C:\windows\System32\WindowsPowerShell\v1.0\;C:\Program Files (x86)\NVIDIA Corporation\PhysX\Common;C:\Program Files (x86)\Intel\Intel(R) Management Engine Components\DAL;C:\Program Files\Intel\Intel(R) Management Engine Components\DAL;C:\Program Files (x86)\Intel\Intel(R) Management Engine Components\IPT;C:\Program Files\Intel\Intel(R) Management Engine Components\IPT;C:\WINDOWS\system32;C:\WINDOWS;C:\WINDOWS\System32\Wbem;C:\WINDOWS\System32\WindowsPowerShell\v1.0\;C:\Program Files\TortoiseSVN\bin;C:\Users\peng\spring-boot-cli-2.0.0.RELEASE-bin\spring-2.0.0.RELEASE\bin;C:\Users\peng\hadoop-2.7.5\bin;hadoop;C:\Users\peng\gradle-4.7\bin;C:\Users\peng\AppData\Local\Programs\Python\Python37-32;C:\Users\peng\AppData\Local\Programs\Python\Python37-32\Scripts;C:\WINDOWS\System32\OpenSSH\;C:\Program Files\Intel\WiFi\bin\;C:\Program Files\Common Files\Intel\WirelessCommon\;C:\Users\peng\spark-2.4.0-bin-hadoop2.7\bin;C:\Users\peng\spark-2.4.0-bin-hadoop2.7\sbin;C:\Users\peng\AppData\Local\Programs\Git\cmd;C:\Program Files\TortoiseGit\bin;C:\Users\peng\AppData\Local\Microsoft\WindowsApps;;C:\Program Files\Microsoft VS Code\bin;.]
2019-03-09 11:20:14.582 [main] INFO  o.a.c.core.ContainerBase.[Tomcat].[localhost].[/] - Initializing Spring embedded WebApplicationContext
2019-03-09 11:20:14.584 [main] INFO  org.springframework.web.context.ContextLoader - Root WebApplicationContext: initialization completed in 2077 ms
2019-03-09 11:20:16.289 [container-1] INFO  io.lettuce.core.EpollProvider - Starting without optional epoll library
2019-03-09 11:20:16.293 [container-1] INFO  io.lettuce.core.KqueueProvider - Starting without optional kqueue library
2019-03-09 11:20:17.256 [main] INFO  org.apache.coyote.http11.Http11NioProtocol - Starting ProtocolHandler ["http-nio-10129"]
2019-03-09 11:20:17.262 [main] INFO  org.apache.tomcat.util.net.NioSelectorPool - Using a shared selector for servlet write/read
2019-03-09 11:20:17.290 [main] INFO  o.s.boot.web.embedded.tomcat.TomcatWebServer - Tomcat started on port(s): 10129 (http) with context path ''
2019-03-09 11:20:17.293 [main] INFO  com.calligraphy.CalligraphyAppApplication - Started CalligraphyAppApplication in 5.43 seconds (JVM running for 7.247)
2019-03-09 11:20:22.959 [http-nio-10129-exec-1] INFO  o.a.c.core.ContainerBase.[Tomcat].[localhost].[/] - Initializing Spring DispatcherServlet 'dispatcherServlet'
2019-03-09 11:20:22.959 [http-nio-10129-exec-1] INFO  org.springframework.web.servlet.DispatcherServlet - Initializing Servlet 'dispatcherServlet'
2019-03-09 11:20:22.970 [http-nio-10129-exec-1] INFO  org.springframework.web.servlet.DispatcherServlet - Completed initialization in 11 ms
2019-03-09 11:20:23.729 [http-nio-10129-exec-1] INFO  com.alibaba.druid.pool.DruidDataSource - {dataSource-1} inited
2019-03-09 11:20:23.877 [http-nio-10129-exec-1] DEBUG com.calligraphy.dao.ArticleMapper.queryByid - ==>  Preparing: SELECT id, title, author, content, ( SELECT COUNT(*) FROM artilce_praisenum WHERE articleid = ? ) AS praisenum, ( SELECT COUNT(*) FROM artilce_readnum WHERE articleid = ? ) AS rednum, ( SELECT COUNT(*) FROM artilce_reportednum WHERE articleid = ? ) AS reportednum FROM `article` WHERE id = ?; 
2019-03-09 11:20:23.908 [http-nio-10129-exec-1] DEBUG com.calligraphy.dao.ArticleMapper.queryByid - ==> Parameters: 1(String), 1(String), 1(String), 1(String)
2019-03-09 11:20:23.947 [http-nio-10129-exec-1] DEBUG com.calligraphy.dao.ArticleMapper.queryByid - <==      Total: 1
2019-03-09 11:20:42.229 [http-nio-10129-exec-2] DEBUG com.calligraphy.dao.ArticleMapper.queryByid - ==>  Preparing: SELECT id, title, author, content, ( SELECT COUNT(*) FROM artilce_praisenum WHERE articleid = ? ) AS praisenum, ( SELECT COUNT(*) FROM artilce_readnum WHERE articleid = ? ) AS rednum, ( SELECT COUNT(*) FROM artilce_reportednum WHERE articleid = ? ) AS reportednum FROM `article` WHERE id = ?; 
2019-03-09 11:20:42.231 [http-nio-10129-exec-2] DEBUG com.calligraphy.dao.ArticleMapper.queryByid - ==> Parameters: 1(String), 1(String), 1(String), 1(String)
2019-03-09 11:20:42.233 [http-nio-10129-exec-2] DEBUG com.calligraphy.dao.ArticleMapper.queryByid - <==      Total: 1
2019-03-09 11:20:44.410 [http-nio-10129-exec-3] DEBUG com.calligraphy.dao.ArticleMapper.queryByid - ==>  Preparing: SELECT id, title, author, content, ( SELECT COUNT(*) FROM artilce_praisenum WHERE articleid = ? ) AS praisenum, ( SELECT COUNT(*) FROM artilce_readnum WHERE articleid = ? ) AS rednum, ( SELECT COUNT(*) FROM artilce_reportednum WHERE articleid = ? ) AS reportednum FROM `article` WHERE id = ?; 
2019-03-09 11:20:44.412 [http-nio-10129-exec-3] DEBUG com.calligraphy.dao.ArticleMapper.queryByid - ==> Parameters: 1(String), 1(String), 1(String), 1(String)
2019-03-09 11:20:44.415 [http-nio-10129-exec-3] DEBUG com.calligraphy.dao.ArticleMapper.queryByid - <==      Total: 1
2019-03-09 11:20:45.865 [http-nio-10129-exec-4] DEBUG com.calligraphy.dao.ArticleMapper.queryByid - ==>  Preparing: SELECT id, title, author, content, ( SELECT COUNT(*) FROM artilce_praisenum WHERE articleid = ? ) AS praisenum, ( SELECT COUNT(*) FROM artilce_readnum WHERE articleid = ? ) AS rednum, ( SELECT COUNT(*) FROM artilce_reportednum WHERE articleid = ? ) AS reportednum FROM `article` WHERE id = ?; 
2019-03-09 11:20:45.866 [http-nio-10129-exec-4] DEBUG com.calligraphy.dao.ArticleMapper.queryByid - ==> Parameters: 1(String), 1(String), 1(String), 1(String)
2019-03-09 11:20:45.870 [http-nio-10129-exec-4] DEBUG com.calligraphy.dao.ArticleMapper.queryByid - <==      Total: 1
2019-03-09 11:20:47.290 [http-nio-10129-exec-5] DEBUG com.calligraphy.dao.ArticleMapper.queryByid - ==>  Preparing: SELECT id, title, author, content, ( SELECT COUNT(*) FROM artilce_praisenum WHERE articleid = ? ) AS praisenum, ( SELECT COUNT(*) FROM artilce_readnum WHERE articleid = ? ) AS rednum, ( SELECT COUNT(*) FROM artilce_reportednum WHERE articleid = ? ) AS reportednum FROM `article` WHERE id = ?; 
2019-03-09 11:20:47.291 [http-nio-10129-exec-5] DEBUG com.calligraphy.dao.ArticleMapper.queryByid - ==> Parameters: 1(String), 1(String), 1(String), 1(String)
2019-03-09 11:20:47.292 [http-nio-10129-exec-5] DEBUG com.calligraphy.dao.ArticleMapper.queryByid - <==      Total: 1
2019-03-09 11:20:48.306 [http-nio-10129-exec-6] DEBUG com.calligraphy.dao.ArticleMapper.queryByid - ==>  Preparing: SELECT id, title, author, content, ( SELECT COUNT(*) FROM artilce_praisenum WHERE articleid = ? ) AS praisenum, ( SELECT COUNT(*) FROM artilce_readnum WHERE articleid = ? ) AS rednum, ( SELECT COUNT(*) FROM artilce_reportednum WHERE articleid = ? ) AS reportednum FROM `article` WHERE id = ?; 
2019-03-09 11:20:48.307 [http-nio-10129-exec-6] DEBUG com.calligraphy.dao.ArticleMapper.queryByid - ==> Parameters: 1(String), 1(String), 1(String), 1(String)
2019-03-09 11:20:48.311 [http-nio-10129-exec-6] DEBUG com.calligraphy.dao.ArticleMapper.queryByid - <==      Total: 1
2019-03-09 11:20:49.310 [http-nio-10129-exec-7] DEBUG com.calligraphy.dao.ArticleMapper.queryByid - ==>  Preparing: SELECT id, title, author, content, ( SELECT COUNT(*) FROM artilce_praisenum WHERE articleid = ? ) AS praisenum, ( SELECT COUNT(*) FROM artilce_readnum WHERE articleid = ? ) AS rednum, ( SELECT COUNT(*) FROM artilce_reportednum WHERE articleid = ? ) AS reportednum FROM `article` WHERE id = ?; 
2019-03-09 11:20:49.310 [http-nio-10129-exec-7] DEBUG com.calligraphy.dao.ArticleMapper.queryByid - ==> Parameters: 1(String), 1(String), 1(String), 1(String)
2019-03-09 11:20:49.313 [http-nio-10129-exec-7] DEBUG com.calligraphy.dao.ArticleMapper.queryByid - <==      Total: 1
2019-03-09 11:33:04.996 [main] INFO  com.calligraphy.CalligraphyAppApplication - Starting CalligraphyAppApplication on DESKTOP-TBI9BAK with PID 11604 (C:\Users\peng\eclipse-workspace\calligraphyApp\target\classes started by peng in C:\Users\peng\eclipse-workspace\calligraphyApp)
2019-03-09 11:33:05.001 [main] INFO  com.calligraphy.CalligraphyAppApplication - The following profiles are active: dev
2019-03-09 11:33:06.087 [main] INFO  o.s.d.r.config.RepositoryConfigurationDelegate - Multiple Spring Data modules found, entering strict repository configuration mode!
2019-03-09 11:33:06.088 [main] INFO  o.s.d.r.config.RepositoryConfigurationDelegate - Bootstrapping Spring Data repositories in DEFAULT mode.
2019-03-09 11:33:06.174 [main] INFO  o.s.d.r.config.RepositoryConfigurationDelegate - Finished Spring Data repository scanning in 64ms. Found 0 repository interfaces.
2019-03-09 11:33:06.550 [main] INFO  o.s.c.s.PostProcessorRegistrationDelegate$BeanPostProcessorChecker - Bean 'org.springframework.transaction.annotation.ProxyTransactionManagementConfiguration' of type [org.springframework.transaction.annotation.ProxyTransactionManagementConfiguration$$EnhancerBySpringCGLIB$$94113f8e] is not eligible for getting processed by all BeanPostProcessors (for example: not eligible for auto-proxying)
2019-03-09 11:33:06.967 [main] INFO  o.s.boot.web.embedded.tomcat.TomcatWebServer - Tomcat initialized with port(s): 10129 (http)
2019-03-09 11:33:06.985 [main] INFO  org.apache.coyote.http11.Http11NioProtocol - Initializing ProtocolHandler ["http-nio-10129"]
2019-03-09 11:33:06.996 [main] INFO  org.apache.catalina.core.StandardService - Starting service [Tomcat]
2019-03-09 11:33:06.997 [main] INFO  org.apache.catalina.core.StandardEngine - Starting Servlet Engine: Apache Tomcat/9.0.13
2019-03-09 11:33:07.005 [main] INFO  org.apache.catalina.core.AprLifecycleListener - The APR based Apache Tomcat Native library which allows optimal performance in production environments was not found on the java.library.path: [C:\Program Files\Java\jdk1.8.0_151\bin;C:\WINDOWS\Sun\Java\bin;C:\WINDOWS\system32;C:\WINDOWS;C:\Program Files\Java\jdk1.8.0_151\bin;C:\Users\peng\apache-maven-3.5.2\bin;C:\ProgramData\Oracle\Java\javapath;C:\Program Files (x86)\Intel\iCLS Client\;C:\Program Files\Intel\iCLS Client\;C:\windows\system32;C:\windows;C:\windows\System32\Wbem;C:\windows\System32\WindowsPowerShell\v1.0\;C:\Program Files (x86)\NVIDIA Corporation\PhysX\Common;C:\Program Files (x86)\Intel\Intel(R) Management Engine Components\DAL;C:\Program Files\Intel\Intel(R) Management Engine Components\DAL;C:\Program Files (x86)\Intel\Intel(R) Management Engine Components\IPT;C:\Program Files\Intel\Intel(R) Management Engine Components\IPT;C:\WINDOWS\system32;C:\WINDOWS;C:\WINDOWS\System32\Wbem;C:\WINDOWS\System32\WindowsPowerShell\v1.0\;C:\Program Files\TortoiseSVN\bin;C:\Users\peng\spring-boot-cli-2.0.0.RELEASE-bin\spring-2.0.0.RELEASE\bin;C:\Users\peng\hadoop-2.7.5\bin;hadoop;C:\Users\peng\gradle-4.7\bin;C:\Users\peng\AppData\Local\Programs\Python\Python37-32;C:\Users\peng\AppData\Local\Programs\Python\Python37-32\Scripts;C:\WINDOWS\System32\OpenSSH\;C:\Program Files\Intel\WiFi\bin\;C:\Program Files\Common Files\Intel\WirelessCommon\;C:\Users\peng\spark-2.4.0-bin-hadoop2.7\bin;C:\Users\peng\spark-2.4.0-bin-hadoop2.7\sbin;C:\Users\peng\AppData\Local\Programs\Git\cmd;C:\Program Files\TortoiseGit\bin;C:\Users\peng\AppData\Local\Microsoft\WindowsApps;;C:\Program Files\Microsoft VS Code\bin;.]
2019-03-09 11:33:07.172 [main] INFO  o.a.c.core.ContainerBase.[Tomcat].[localhost].[/] - Initializing Spring embedded WebApplicationContext
2019-03-09 11:33:07.172 [main] INFO  org.springframework.web.context.ContextLoader - Root WebApplicationContext: initialization completed in 2061 ms
2019-03-09 11:33:08.793 [container-1] INFO  io.lettuce.core.EpollProvider - Starting without optional epoll library
2019-03-09 11:33:08.798 [container-1] INFO  io.lettuce.core.KqueueProvider - Starting without optional kqueue library
2019-03-09 11:33:09.790 [main] INFO  org.apache.coyote.http11.Http11NioProtocol - Starting ProtocolHandler ["http-nio-10129"]
2019-03-09 11:33:09.793 [main] INFO  org.apache.tomcat.util.net.NioSelectorPool - Using a shared selector for servlet write/read
2019-03-09 11:33:09.815 [main] INFO  o.s.boot.web.embedded.tomcat.TomcatWebServer - Tomcat started on port(s): 10129 (http) with context path ''
2019-03-09 11:33:09.822 [main] INFO  com.calligraphy.CalligraphyAppApplication - Started CalligraphyAppApplication in 5.382 seconds (JVM running for 7.049)
2019-03-09 11:33:36.057 [http-nio-10129-exec-1] INFO  o.a.c.core.ContainerBase.[Tomcat].[localhost].[/] - Initializing Spring DispatcherServlet 'dispatcherServlet'
2019-03-09 11:33:36.057 [http-nio-10129-exec-1] INFO  org.springframework.web.servlet.DispatcherServlet - Initializing Servlet 'dispatcherServlet'
2019-03-09 11:33:36.070 [http-nio-10129-exec-1] INFO  org.springframework.web.servlet.DispatcherServlet - Completed initialization in 13 ms
2019-03-09 11:33:37.023 [http-nio-10129-exec-1] INFO  com.alibaba.druid.pool.DruidDataSource - {dataSource-1} inited
2019-03-09 11:33:37.194 [http-nio-10129-exec-1] DEBUG com.calligraphy.dao.ArticleMapper.queryByid - ==>  Preparing: SELECT id, title, author, content, ( SELECT COUNT(*) FROM artilce_praisenum WHERE articleid = ? ) AS praisenum, ( SELECT COUNT(*) FROM artilce_readnum WHERE articleid = ? ) AS rednum, ( SELECT COUNT(*) FROM artilce_reportednum WHERE articleid = ? ) AS reportednum FROM `article` WHERE id = ?; 
2019-03-09 11:33:37.237 [http-nio-10129-exec-1] DEBUG com.calligraphy.dao.ArticleMapper.queryByid - ==> Parameters: 1(String), 1(String), 1(String), 1(String)
2019-03-09 11:33:37.288 [http-nio-10129-exec-1] DEBUG com.calligraphy.dao.ArticleMapper.queryByid - <==      Total: 1
2019-03-09 11:34:14.281 [http-nio-10129-exec-3] DEBUG com.calligraphy.dao.ArticleMapper.queryByid - ==>  Preparing: SELECT id, title, author, content, ( SELECT COUNT(*) FROM artilce_praisenum WHERE articleid = ? ) AS praisenum, ( SELECT COUNT(*) FROM artilce_readnum WHERE articleid = ? ) AS rednum, ( SELECT COUNT(*) FROM artilce_reportednum WHERE articleid = ? ) AS reportednum FROM `article` WHERE id = ?; 
2019-03-09 11:34:14.281 [http-nio-10129-exec-3] DEBUG com.calligraphy.dao.ArticleMapper.queryByid - ==> Parameters: 1(String), 1(String), 1(String), 1(String)
2019-03-09 11:34:14.299 [http-nio-10129-exec-3] DEBUG com.calligraphy.dao.ArticleMapper.queryByid - <==      Total: 1
2019-03-09 11:35:33.695 [http-nio-10129-exec-5] DEBUG com.calligraphy.dao.ArticleMapper.queryByid - ==>  Preparing: SELECT id, title, author, content, ( SELECT COUNT(*) FROM artilce_praisenum WHERE articleid = ? ) AS praisenum, ( SELECT COUNT(*) FROM artilce_readnum WHERE articleid = ? ) AS rednum, ( SELECT COUNT(*) FROM artilce_reportednum WHERE articleid = ? ) AS reportednum FROM `article` WHERE id = ?; 
2019-03-09 11:35:33.696 [http-nio-10129-exec-5] DEBUG com.calligraphy.dao.ArticleMapper.queryByid - ==> Parameters: 1(String), 1(String), 1(String), 1(String)
2019-03-09 11:35:33.698 [http-nio-10129-exec-5] DEBUG com.calligraphy.dao.ArticleMapper.queryByid - <==      Total: 1
2019-03-09 11:35:46.855 [http-nio-10129-exec-7] DEBUG com.calligraphy.dao.ArticleMapper.queryByid - ==>  Preparing: SELECT id, title, author, content, ( SELECT COUNT(*) FROM artilce_praisenum WHERE articleid = ? ) AS praisenum, ( SELECT COUNT(*) FROM artilce_readnum WHERE articleid = ? ) AS rednum, ( SELECT COUNT(*) FROM artilce_reportednum WHERE articleid = ? ) AS reportednum FROM `article` WHERE id = ?; 
2019-03-09 11:35:46.857 [http-nio-10129-exec-7] DEBUG com.calligraphy.dao.ArticleMapper.queryByid - ==> Parameters: 1(String), 1(String), 1(String), 1(String)
2019-03-09 11:35:46.861 [http-nio-10129-exec-7] DEBUG com.calligraphy.dao.ArticleMapper.queryByid - <==      Total: 1
2019-03-09 11:35:56.776 [http-nio-10129-exec-6] DEBUG com.calligraphy.dao.ArticleMapper.queryByid - ==>  Preparing: SELECT id, title, author, content, ( SELECT COUNT(*) FROM artilce_praisenum WHERE articleid = ? ) AS praisenum, ( SELECT COUNT(*) FROM artilce_readnum WHERE articleid = ? ) AS rednum, ( SELECT COUNT(*) FROM artilce_reportednum WHERE articleid = ? ) AS reportednum FROM `article` WHERE id = ?; 
2019-03-09 11:35:56.776 [http-nio-10129-exec-6] DEBUG com.calligraphy.dao.ArticleMapper.queryByid - ==> Parameters: 1(String), 1(String), 1(String), 1(String)
2019-03-09 11:35:56.778 [http-nio-10129-exec-6] DEBUG com.calligraphy.dao.ArticleMapper.queryByid - <==      Total: 1
2019-03-09 11:39:34.542 [main] INFO  com.calligraphy.CalligraphyAppApplication - Starting CalligraphyAppApplication on DESKTOP-TBI9BAK with PID 15504 (C:\Users\peng\eclipse-workspace\calligraphyApp\target\classes started by peng in C:\Users\peng\eclipse-workspace\calligraphyApp)
2019-03-09 11:39:34.549 [main] INFO  com.calligraphy.CalligraphyAppApplication - The following profiles are active: dev
2019-03-09 11:39:35.587 [main] INFO  o.s.d.r.config.RepositoryConfigurationDelegate - Multiple Spring Data modules found, entering strict repository configuration mode!
2019-03-09 11:39:35.592 [main] INFO  o.s.d.r.config.RepositoryConfigurationDelegate - Bootstrapping Spring Data repositories in DEFAULT mode.
2019-03-09 11:39:35.665 [main] INFO  o.s.d.r.config.RepositoryConfigurationDelegate - Finished Spring Data repository scanning in 51ms. Found 0 repository interfaces.
2019-03-09 11:39:36.045 [main] INFO  o.s.c.s.PostProcessorRegistrationDelegate$BeanPostProcessorChecker - Bean 'org.springframework.transaction.annotation.ProxyTransactionManagementConfiguration' of type [org.springframework.transaction.annotation.ProxyTransactionManagementConfiguration$$EnhancerBySpringCGLIB$$891d417b] is not eligible for getting processed by all BeanPostProcessors (for example: not eligible for auto-proxying)
2019-03-09 11:39:36.447 [main] INFO  o.s.boot.web.embedded.tomcat.TomcatWebServer - Tomcat initialized with port(s): 10129 (http)
2019-03-09 11:39:36.463 [main] INFO  org.apache.coyote.http11.Http11NioProtocol - Initializing ProtocolHandler ["http-nio-10129"]
2019-03-09 11:39:36.474 [main] INFO  org.apache.catalina.core.StandardService - Starting service [Tomcat]
2019-03-09 11:39:36.474 [main] INFO  org.apache.catalina.core.StandardEngine - Starting Servlet Engine: Apache Tomcat/9.0.13
2019-03-09 11:39:36.486 [main] INFO  org.apache.catalina.core.AprLifecycleListener - The APR based Apache Tomcat Native library which allows optimal performance in production environments was not found on the java.library.path: [C:\Program Files\Java\jdk1.8.0_151\bin;C:\WINDOWS\Sun\Java\bin;C:\WINDOWS\system32;C:\WINDOWS;C:\Program Files\Java\jdk1.8.0_151\bin;C:\Users\peng\apache-maven-3.5.2\bin;C:\ProgramData\Oracle\Java\javapath;C:\Program Files (x86)\Intel\iCLS Client\;C:\Program Files\Intel\iCLS Client\;C:\windows\system32;C:\windows;C:\windows\System32\Wbem;C:\windows\System32\WindowsPowerShell\v1.0\;C:\Program Files (x86)\NVIDIA Corporation\PhysX\Common;C:\Program Files (x86)\Intel\Intel(R) Management Engine Components\DAL;C:\Program Files\Intel\Intel(R) Management Engine Components\DAL;C:\Program Files (x86)\Intel\Intel(R) Management Engine Components\IPT;C:\Program Files\Intel\Intel(R) Management Engine Components\IPT;C:\WINDOWS\system32;C:\WINDOWS;C:\WINDOWS\System32\Wbem;C:\WINDOWS\System32\WindowsPowerShell\v1.0\;C:\Program Files\TortoiseSVN\bin;C:\Users\peng\spring-boot-cli-2.0.0.RELEASE-bin\spring-2.0.0.RELEASE\bin;C:\Users\peng\hadoop-2.7.5\bin;hadoop;C:\Users\peng\gradle-4.7\bin;C:\Users\peng\AppData\Local\Programs\Python\Python37-32;C:\Users\peng\AppData\Local\Programs\Python\Python37-32\Scripts;C:\WINDOWS\System32\OpenSSH\;C:\Program Files\Intel\WiFi\bin\;C:\Program Files\Common Files\Intel\WirelessCommon\;C:\Users\peng\spark-2.4.0-bin-hadoop2.7\bin;C:\Users\peng\spark-2.4.0-bin-hadoop2.7\sbin;C:\Users\peng\AppData\Local\Programs\Git\cmd;C:\Program Files\TortoiseGit\bin;C:\Users\peng\AppData\Local\Microsoft\WindowsApps;;C:\Program Files\Microsoft VS Code\bin;.]
2019-03-09 11:39:36.652 [main] INFO  o.a.c.core.ContainerBase.[Tomcat].[localhost].[/] - Initializing Spring embedded WebApplicationContext
2019-03-09 11:39:36.654 [main] INFO  org.springframework.web.context.ContextLoader - Root WebApplicationContext: initialization completed in 2025 ms
2019-03-09 11:39:38.239 [container-1] INFO  io.lettuce.core.EpollProvider - Starting without optional epoll library
2019-03-09 11:39:38.244 [container-1] INFO  io.lettuce.core.KqueueProvider - Starting without optional kqueue library
2019-03-09 11:39:39.286 [main] INFO  org.apache.coyote.http11.Http11NioProtocol - Starting ProtocolHandler ["http-nio-10129"]
2019-03-09 11:39:39.290 [main] INFO  org.apache.tomcat.util.net.NioSelectorPool - Using a shared selector for servlet write/read
2019-03-09 11:39:39.313 [main] INFO  o.s.boot.web.embedded.tomcat.TomcatWebServer - Tomcat started on port(s): 10129 (http) with context path ''
2019-03-09 11:39:39.320 [main] INFO  com.calligraphy.CalligraphyAppApplication - Started CalligraphyAppApplication in 5.348 seconds (JVM running for 7.036)
2019-03-09 11:39:45.458 [http-nio-10129-exec-1] INFO  o.a.c.core.ContainerBase.[Tomcat].[localhost].[/] - Initializing Spring DispatcherServlet 'dispatcherServlet'
2019-03-09 11:39:45.462 [http-nio-10129-exec-1] INFO  org.springframework.web.servlet.DispatcherServlet - Initializing Servlet 'dispatcherServlet'
2019-03-09 11:39:45.471 [http-nio-10129-exec-1] INFO  org.springframework.web.servlet.DispatcherServlet - Completed initialization in 9 ms
2019-03-09 11:39:46.235 [http-nio-10129-exec-1] INFO  com.alibaba.druid.pool.DruidDataSource - {dataSource-1} inited
2019-03-09 11:39:46.371 [http-nio-10129-exec-1] DEBUG com.calligraphy.dao.ArticleMapper.queryByid - ==>  Preparing: SELECT id, title, author, content, ( SELECT COUNT(*) FROM artilce_praisenum WHERE articleid = ? ) AS praisenum, ( SELECT COUNT(*) FROM artilce_readnum WHERE articleid = ? ) AS rednum, ( SELECT COUNT(*) FROM artilce_reportednum WHERE articleid = ? ) AS reportednum FROM `article` WHERE id = ?; 
2019-03-09 11:39:46.415 [http-nio-10129-exec-1] DEBUG com.calligraphy.dao.ArticleMapper.queryByid - ==> Parameters: 1(String), 1(String), 1(String), 1(String)
2019-03-09 11:39:46.442 [http-nio-10129-exec-1] DEBUG com.calligraphy.dao.ArticleMapper.queryByid - <==      Total: 1
2019-03-09 11:39:55.493 [lettuce-nioEventLoop-4-1] INFO  io.lettuce.core.protocol.CommandHandler - null Unexpected exception during request: java.io.IOException: 远程主机强迫关闭了一个现有的连接。
java.io.IOException: 远程主机强迫关闭了一个现有的连接。
	at sun.nio.ch.SocketDispatcher.read0(Native Method)
	at sun.nio.ch.SocketDispatcher.read(SocketDispatcher.java:43)
	at sun.nio.ch.IOUtil.readIntoNativeBuffer(IOUtil.java:223)
	at sun.nio.ch.IOUtil.read(IOUtil.java:192)
	at sun.nio.ch.SocketChannelImpl.read(SocketChannelImpl.java:380)
	at io.netty.buffer.PooledUnsafeDirectByteBuf.setBytes(PooledUnsafeDirectByteBuf.java:288)
	at io.netty.buffer.AbstractByteBuf.writeBytes(AbstractByteBuf.java:1132)
	at io.netty.channel.socket.nio.NioSocketChannel.doReadBytes(NioSocketChannel.java:347)
	at io.netty.channel.nio.AbstractNioByteChannel$NioByteUnsafe.read(AbstractNioByteChannel.java:148)
	at io.netty.channel.nio.NioEventLoop.processSelectedKey(NioEventLoop.java:648)
	at io.netty.channel.nio.NioEventLoop.processSelectedKeysOptimized(NioEventLoop.java:583)
	at io.netty.channel.nio.NioEventLoop.processSelectedKeys(NioEventLoop.java:500)
	at io.netty.channel.nio.NioEventLoop.run(NioEventLoop.java:462)
	at io.netty.util.concurrent.SingleThreadEventExecutor$5.run(SingleThreadEventExecutor.java:897)
	at io.netty.util.concurrent.FastThreadLocalRunnable.run(FastThreadLocalRunnable.java:30)
	at java.lang.Thread.run(Thread.java:748)
2019-03-09 11:39:55.493 [lettuce-nioEventLoop-4-2] INFO  io.lettuce.core.protocol.CommandHandler - null Unexpected exception during request: java.io.IOException: 远程主机强迫关闭了一个现有的连接。
java.io.IOException: 远程主机强迫关闭了一个现有的连接。
	at sun.nio.ch.SocketDispatcher.read0(Native Method)
	at sun.nio.ch.SocketDispatcher.read(SocketDispatcher.java:43)
	at sun.nio.ch.IOUtil.readIntoNativeBuffer(IOUtil.java:223)
	at sun.nio.ch.IOUtil.read(IOUtil.java:192)
	at sun.nio.ch.SocketChannelImpl.read(SocketChannelImpl.java:380)
	at io.netty.buffer.PooledUnsafeDirectByteBuf.setBytes(PooledUnsafeDirectByteBuf.java:288)
	at io.netty.buffer.AbstractByteBuf.writeBytes(AbstractByteBuf.java:1132)
	at io.netty.channel.socket.nio.NioSocketChannel.doReadBytes(NioSocketChannel.java:347)
	at io.netty.channel.nio.AbstractNioByteChannel$NioByteUnsafe.read(AbstractNioByteChannel.java:148)
	at io.netty.channel.nio.NioEventLoop.processSelectedKey(NioEventLoop.java:648)
	at io.netty.channel.nio.NioEventLoop.processSelectedKeysOptimized(NioEventLoop.java:583)
	at io.netty.channel.nio.NioEventLoop.processSelectedKeys(NioEventLoop.java:500)
	at io.netty.channel.nio.NioEventLoop.run(NioEventLoop.java:462)
	at io.netty.util.concurrent.SingleThreadEventExecutor$5.run(SingleThreadEventExecutor.java:897)
	at io.netty.util.concurrent.FastThreadLocalRunnable.run(FastThreadLocalRunnable.java:30)
	at java.lang.Thread.run(Thread.java:748)
2019-03-09 11:39:55.609 [lettuce-eventExecutorLoop-1-2] INFO  io.lettuce.core.protocol.ConnectionWatchdog - Reconnecting, last destination was localhost/127.0.0.1:6379
2019-03-09 11:39:55.609 [lettuce-eventExecutorLoop-1-1] INFO  io.lettuce.core.protocol.ConnectionWatchdog - Reconnecting, last destination was localhost/127.0.0.1:6379
2019-03-09 11:39:56.637 [lettuce-nioEventLoop-4-4] WARN  io.lettuce.core.protocol.ConnectionWatchdog - Cannot reconnect: io.netty.channel.AbstractChannel$AnnotatedConnectException: Connection refused: no further information: localhost/127.0.0.1:6379
2019-03-09 11:39:56.637 [lettuce-nioEventLoop-4-3] WARN  io.lettuce.core.protocol.ConnectionWatchdog - Cannot reconnect: io.netty.channel.AbstractChannel$AnnotatedConnectException: Connection refused: no further information: localhost/127.0.0.1:6379
2019-03-09 11:40:01.108 [lettuce-eventExecutorLoop-1-3] INFO  io.lettuce.core.protocol.ConnectionWatchdog - Reconnecting, last destination was localhost:6379
2019-03-09 11:40:01.108 [lettuce-eventExecutorLoop-1-4] INFO  io.lettuce.core.protocol.ConnectionWatchdog - Reconnecting, last destination was localhost:6379
2019-03-09 11:40:02.115 [lettuce-nioEventLoop-4-5] WARN  io.lettuce.core.protocol.ConnectionWatchdog - Cannot reconnect: io.netty.channel.AbstractChannel$AnnotatedConnectException: Connection refused: no further information: localhost/127.0.0.1:6379
2019-03-09 11:40:02.118 [lettuce-nioEventLoop-4-6] WARN  io.lettuce.core.protocol.ConnectionWatchdog - Cannot reconnect: io.netty.channel.AbstractChannel$AnnotatedConnectException: Connection refused: no further information: localhost/127.0.0.1:6379
2019-03-09 11:40:02.961 [http-nio-10129-exec-2] ERROR o.a.c.c.C.[.[localhost].[/].[dispatcherServlet] - Servlet.service() for servlet [dispatcherServlet] in context with path [] threw exception [Request processing failed; nested exception is org.springframework.dao.QueryTimeoutException: Redis command timed out; nested exception is io.lettuce.core.RedisCommandTimeoutException: Command timed out after 5 second(s)] with root cause
io.lettuce.core.RedisCommandTimeoutException: Command timed out after 5 second(s)
	at io.lettuce.core.ExceptionFactory.createTimeoutException(ExceptionFactory.java:51)
	at io.lettuce.core.LettuceFutures.awaitOrCancel(LettuceFutures.java:114)
	at io.lettuce.core.FutureSyncInvocationHandler.handleInvocation(FutureSyncInvocationHandler.java:69)
	at io.lettuce.core.internal.AbstractInvocationHandler.invoke(AbstractInvocationHandler.java:80)
	at com.sun.proxy.$Proxy81.publish(Unknown Source)
	at org.springframework.data.redis.connection.lettuce.LettuceConnection.publish(LettuceConnection.java:765)
	at org.springframework.data.redis.connection.DefaultStringRedisConnection.publish(DefaultStringRedisConnection.java:811)
	at org.springframework.data.redis.core.RedisTemplate.lambda$convertAndSend$10(RedisTemplate.java:836)
	at org.springframework.data.redis.core.RedisTemplate.execute(RedisTemplate.java:224)
	at org.springframework.data.redis.core.RedisTemplate.execute(RedisTemplate.java:184)
	at org.springframework.data.redis.core.RedisTemplate.convertAndSend(RedisTemplate.java:835)
	at com.calligraphy.controller.ArticleController.articleDetail(ArticleController.java:62)
	at sun.reflect.NativeMethodAccessorImpl.invoke0(Native Method)
	at sun.reflect.NativeMethodAccessorImpl.invoke(NativeMethodAccessorImpl.java:62)
	at sun.reflect.DelegatingMethodAccessorImpl.invoke(DelegatingMethodAccessorImpl.java:43)
	at java.lang.reflect.Method.invoke(Method.java:498)
	at org.springframework.web.method.support.InvocableHandlerMethod.doInvoke(InvocableHandlerMethod.java:189)
	at org.springframework.web.method.support.InvocableHandlerMethod.invokeForRequest(InvocableHandlerMethod.java:138)
	at org.springframework.web.servlet.mvc.method.annotation.ServletInvocableHandlerMethod.invokeAndHandle(ServletInvocableHandlerMethod.java:102)
	at org.springframework.web.servlet.mvc.method.annotation.RequestMappingHandlerAdapter.invokeHandlerMethod(RequestMappingHandlerAdapter.java:895)
	at org.springframework.web.servlet.mvc.method.annotation.RequestMappingHandlerAdapter.handleInternal(RequestMappingHandlerAdapter.java:800)
	at org.springframework.web.servlet.mvc.method.AbstractHandlerMethodAdapter.handle(AbstractHandlerMethodAdapter.java:87)
	at org.springframework.web.servlet.DispatcherServlet.doDispatch(DispatcherServlet.java:1038)
	at org.springframework.web.servlet.DispatcherServlet.doService(DispatcherServlet.java:942)
	at org.springframework.web.servlet.FrameworkServlet.processRequest(FrameworkServlet.java:1005)
	at org.springframework.web.servlet.FrameworkServlet.doPost(FrameworkServlet.java:908)
	at javax.servlet.http.HttpServlet.service(HttpServlet.java:660)
	at org.springframework.web.servlet.FrameworkServlet.service(FrameworkServlet.java:882)
	at javax.servlet.http.HttpServlet.service(HttpServlet.java:741)
	at org.apache.catalina.core.ApplicationFilterChain.internalDoFilter(ApplicationFilterChain.java:231)
	at org.apache.catalina.core.ApplicationFilterChain.doFilter(ApplicationFilterChain.java:166)
	at org.apache.tomcat.websocket.server.WsFilter.doFilter(WsFilter.java:53)
	at org.apache.catalina.core.ApplicationFilterChain.internalDoFilter(ApplicationFilterChain.java:193)
	at org.apache.catalina.core.ApplicationFilterChain.doFilter(ApplicationFilterChain.java:166)
	at org.springframework.web.filter.CharacterEncodingFilter.doFilterInternal(CharacterEncodingFilter.java:200)
	at org.springframework.web.filter.OncePerRequestFilter.doFilter(OncePerRequestFilter.java:107)
	at org.apache.catalina.core.ApplicationFilterChain.internalDoFilter(ApplicationFilterChain.java:193)
	at org.apache.catalina.core.ApplicationFilterChain.doFilter(ApplicationFilterChain.java:166)
	at org.apache.catalina.core.StandardWrapperValve.invoke(StandardWrapperValve.java:199)
	at org.apache.catalina.core.StandardContextValve.invoke(StandardContextValve.java:96)
	at org.apache.catalina.authenticator.AuthenticatorBase.invoke(AuthenticatorBase.java:490)
	at org.apache.catalina.core.StandardHostValve.invoke(StandardHostValve.java:139)
	at org.apache.catalina.valves.ErrorReportValve.invoke(ErrorReportValve.java:92)
	at org.apache.catalina.core.StandardEngineValve.invoke(StandardEngineValve.java:74)
	at org.apache.catalina.connector.CoyoteAdapter.service(CoyoteAdapter.java:343)
	at org.apache.coyote.http11.Http11Processor.service(Http11Processor.java:408)
	at org.apache.coyote.AbstractProcessorLight.process(AbstractProcessorLight.java:66)
	at org.apache.coyote.AbstractProtocol$ConnectionHandler.process(AbstractProtocol.java:791)
	at org.apache.tomcat.util.net.NioEndpoint$SocketProcessor.doRun(NioEndpoint.java:1417)
	at org.apache.tomcat.util.net.SocketProcessorBase.run(SocketProcessorBase.java:49)
	at java.util.concurrent.ThreadPoolExecutor.runWorker(ThreadPoolExecutor.java:1149)
	at java.util.concurrent.ThreadPoolExecutor$Worker.run(ThreadPoolExecutor.java:624)
	at org.apache.tomcat.util.threads.TaskThread$WrappingRunnable.run(TaskThread.java:61)
	at java.lang.Thread.run(Thread.java:748)
2019-03-09 11:40:13.868 [main] INFO  com.calligraphy.CalligraphyAppApplication - Starting CalligraphyAppApplication on DESKTOP-TBI9BAK with PID 12688 (C:\Users\peng\eclipse-workspace\calligraphyApp\target\classes started by peng in C:\Users\peng\eclipse-workspace\calligraphyApp)
2019-03-09 11:40:13.873 [main] INFO  com.calligraphy.CalligraphyAppApplication - The following profiles are active: dev
2019-03-09 11:40:14.922 [main] INFO  o.s.d.r.config.RepositoryConfigurationDelegate - Multiple Spring Data modules found, entering strict repository configuration mode!
2019-03-09 11:40:14.925 [main] INFO  o.s.d.r.config.RepositoryConfigurationDelegate - Bootstrapping Spring Data repositories in DEFAULT mode.
2019-03-09 11:40:14.997 [main] INFO  o.s.d.r.config.RepositoryConfigurationDelegate - Finished Spring Data repository scanning in 51ms. Found 0 repository interfaces.
2019-03-09 11:40:15.371 [main] INFO  o.s.c.s.PostProcessorRegistrationDelegate$BeanPostProcessorChecker - Bean 'org.springframework.transaction.annotation.ProxyTransactionManagementConfiguration' of type [org.springframework.transaction.annotation.ProxyTransactionManagementConfiguration$$EnhancerBySpringCGLIB$$3da8496] is not eligible for getting processed by all BeanPostProcessors (for example: not eligible for auto-proxying)
2019-03-09 11:40:15.881 [main] INFO  o.s.boot.web.embedded.tomcat.TomcatWebServer - Tomcat initialized with port(s): 10129 (http)
2019-03-09 11:40:15.897 [main] INFO  org.apache.coyote.http11.Http11NioProtocol - Initializing ProtocolHandler ["http-nio-10129"]
2019-03-09 11:40:15.913 [main] INFO  org.apache.catalina.core.StandardService - Starting service [Tomcat]
2019-03-09 11:40:15.913 [main] INFO  org.apache.catalina.core.StandardEngine - Starting Servlet Engine: Apache Tomcat/9.0.13
2019-03-09 11:40:15.923 [main] INFO  org.apache.catalina.core.AprLifecycleListener - The APR based Apache Tomcat Native library which allows optimal performance in production environments was not found on the java.library.path: [C:\Program Files\Java\jdk1.8.0_151\bin;C:\WINDOWS\Sun\Java\bin;C:\WINDOWS\system32;C:\WINDOWS;C:\Program Files\Java\jdk1.8.0_151\bin;C:\Users\peng\apache-maven-3.5.2\bin;C:\ProgramData\Oracle\Java\javapath;C:\Program Files (x86)\Intel\iCLS Client\;C:\Program Files\Intel\iCLS Client\;C:\windows\system32;C:\windows;C:\windows\System32\Wbem;C:\windows\System32\WindowsPowerShell\v1.0\;C:\Program Files (x86)\NVIDIA Corporation\PhysX\Common;C:\Program Files (x86)\Intel\Intel(R) Management Engine Components\DAL;C:\Program Files\Intel\Intel(R) Management Engine Components\DAL;C:\Program Files (x86)\Intel\Intel(R) Management Engine Components\IPT;C:\Program Files\Intel\Intel(R) Management Engine Components\IPT;C:\WINDOWS\system32;C:\WINDOWS;C:\WINDOWS\System32\Wbem;C:\WINDOWS\System32\WindowsPowerShell\v1.0\;C:\Program Files\TortoiseSVN\bin;C:\Users\peng\spring-boot-cli-2.0.0.RELEASE-bin\spring-2.0.0.RELEASE\bin;C:\Users\peng\hadoop-2.7.5\bin;hadoop;C:\Users\peng\gradle-4.7\bin;C:\Users\peng\AppData\Local\Programs\Python\Python37-32;C:\Users\peng\AppData\Local\Programs\Python\Python37-32\Scripts;C:\WINDOWS\System32\OpenSSH\;C:\Program Files\Intel\WiFi\bin\;C:\Program Files\Common Files\Intel\WirelessCommon\;C:\Users\peng\spark-2.4.0-bin-hadoop2.7\bin;C:\Users\peng\spark-2.4.0-bin-hadoop2.7\sbin;C:\Users\peng\AppData\Local\Programs\Git\cmd;C:\Program Files\TortoiseGit\bin;C:\Users\peng\AppData\Local\Microsoft\WindowsApps;;C:\Program Files\Microsoft VS Code\bin;.]
2019-03-09 11:40:16.128 [main] INFO  o.a.c.core.ContainerBase.[Tomcat].[localhost].[/] - Initializing Spring embedded WebApplicationContext
2019-03-09 11:40:16.129 [main] INFO  org.springframework.web.context.ContextLoader - Root WebApplicationContext: initialization completed in 2168 ms
2019-03-09 11:40:17.760 [container-1] INFO  io.lettuce.core.EpollProvider - Starting without optional epoll library
2019-03-09 11:40:17.763 [container-1] INFO  io.lettuce.core.KqueueProvider - Starting without optional kqueue library
2019-03-09 11:40:18.671 [main] INFO  org.apache.coyote.http11.Http11NioProtocol - Starting ProtocolHandler ["http-nio-10129"]
2019-03-09 11:40:18.679 [main] INFO  org.apache.tomcat.util.net.NioSelectorPool - Using a shared selector for servlet write/read
2019-03-09 11:40:18.707 [main] INFO  o.s.boot.web.embedded.tomcat.TomcatWebServer - Tomcat started on port(s): 10129 (http) with context path ''
2019-03-09 11:40:18.717 [main] INFO  com.calligraphy.CalligraphyAppApplication - Started CalligraphyAppApplication in 5.398 seconds (JVM running for 7.211)
2019-03-09 11:40:20.403 [http-nio-10129-exec-1] INFO  o.a.c.core.ContainerBase.[Tomcat].[localhost].[/] - Initializing Spring DispatcherServlet 'dispatcherServlet'
2019-03-09 11:40:20.405 [http-nio-10129-exec-1] INFO  org.springframework.web.servlet.DispatcherServlet - Initializing Servlet 'dispatcherServlet'
2019-03-09 11:40:20.415 [http-nio-10129-exec-1] INFO  org.springframework.web.servlet.DispatcherServlet - Completed initialization in 10 ms
2019-03-09 11:40:21.153 [http-nio-10129-exec-1] INFO  com.alibaba.druid.pool.DruidDataSource - {dataSource-1} inited
2019-03-09 11:40:21.287 [http-nio-10129-exec-1] DEBUG com.calligraphy.dao.ArticleMapper.queryByid - ==>  Preparing: SELECT id, title, author, content, ( SELECT COUNT(*) FROM artilce_praisenum WHERE articleid = ? ) AS praisenum, ( SELECT COUNT(*) FROM artilce_readnum WHERE articleid = ? ) AS rednum, ( SELECT COUNT(*) FROM artilce_reportednum WHERE articleid = ? ) AS reportednum FROM `article` WHERE id = ?; 
2019-03-09 11:40:21.324 [http-nio-10129-exec-1] DEBUG com.calligraphy.dao.ArticleMapper.queryByid - ==> Parameters: 1(String), 1(String), 1(String), 1(String)
2019-03-09 11:40:21.369 [http-nio-10129-exec-1] DEBUG com.calligraphy.dao.ArticleMapper.queryByid - <==      Total: 1
