2019-02-17 14:58:38.209 [main] INFO  com.calligraphy.CalligraphyAppApplication - Starting CalligraphyAppApplication on DESKTOP-TBI9BAK with PID 5528 (C:\Users\peng\eclipse-workspace\calligraphyApp\target\classes started by peng in C:\Users\peng\eclipse-workspace\calligraphyApp)
2019-02-17 14:58:38.215 [main] INFO  com.calligraphy.CalligraphyAppApplication - The following profiles are active: dev
2019-02-17 14:58:39.626 [main] INFO  o.s.d.r.config.RepositoryConfigurationDelegate - Multiple Spring Data modules found, entering strict repository configuration mode!
2019-02-17 14:58:39.633 [main] INFO  o.s.d.r.config.RepositoryConfigurationDelegate - Bootstrapping Spring Data repositories in DEFAULT mode.
2019-02-17 14:58:39.756 [main] INFO  o.s.d.r.config.RepositoryConfigurationDelegate - Finished Spring Data repository scanning in 82ms. Found 0 repository interfaces.
2019-02-17 14:58:40.255 [main] INFO  o.s.c.s.PostProcessorRegistrationDelegate$BeanPostProcessorChecker - Bean 'org.springframework.transaction.annotation.ProxyTransactionManagementConfiguration' of type [org.springframework.transaction.annotation.ProxyTransactionManagementConfiguration$$EnhancerBySpringCGLIB$$5d1e7b8c] is not eligible for getting processed by all BeanPostProcessors (for example: not eligible for auto-proxying)
2019-02-17 14:58:40.910 [main] INFO  o.s.boot.web.embedded.tomcat.TomcatWebServer - Tomcat initialized with port(s): 10129 (http)
2019-02-17 14:58:40.940 [main] INFO  org.apache.coyote.http11.Http11NioProtocol - Initializing ProtocolHandler ["http-nio-10129"]
2019-02-17 14:58:40.956 [main] INFO  org.apache.catalina.core.StandardService - Starting service [Tomcat]
2019-02-17 14:58:40.957 [main] INFO  org.apache.catalina.core.StandardEngine - Starting Servlet Engine: Apache Tomcat/9.0.13
2019-02-17 14:58:40.968 [main] INFO  org.apache.catalina.core.AprLifecycleListener - The APR based Apache Tomcat Native library which allows optimal performance in production environments was not found on the java.library.path: [C:\Program Files\Java\jdk1.8.0_151\bin;C:\WINDOWS\Sun\Java\bin;C:\WINDOWS\system32;C:\WINDOWS;C:\Program Files\Java\jdk1.8.0_151\bin;C:\Users\peng\apache-maven-3.5.2\bin;C:\ProgramData\Oracle\Java\javapath;C:\Program Files (x86)\Intel\iCLS Client\;C:\Program Files\Intel\iCLS Client\;C:\windows\system32;C:\windows;C:\windows\System32\Wbem;C:\windows\System32\WindowsPowerShell\v1.0\;C:\Program Files (x86)\NVIDIA Corporation\PhysX\Common;C:\Program Files (x86)\Intel\Intel(R) Management Engine Components\DAL;C:\Program Files\Intel\Intel(R) Management Engine Components\DAL;C:\Program Files (x86)\Intel\Intel(R) Management Engine Components\IPT;C:\Program Files\Intel\Intel(R) Management Engine Components\IPT;C:\WINDOWS\system32;C:\WINDOWS;C:\WINDOWS\System32\Wbem;C:\WINDOWS\System32\WindowsPowerShell\v1.0\;C:\Program Files\TortoiseSVN\bin;C:\Users\peng\spring-boot-cli-2.0.0.RELEASE-bin\spring-2.0.0.RELEASE\bin;C:\Users\peng\hadoop-2.7.5\bin;hadoop;C:\Users\peng\gradle-4.7\bin;C:\Users\peng\AppData\Local\Programs\Python\Python37-32;C:\Users\peng\AppData\Local\Programs\Python\Python37-32\Scripts;C:\WINDOWS\System32\OpenSSH\;C:\Program Files\Intel\WiFi\bin\;C:\Program Files\Common Files\Intel\WirelessCommon\;C:\Users\peng\spark-2.4.0-bin-hadoop2.7\bin;C:\Users\peng\spark-2.4.0-bin-hadoop2.7\sbin;C:\Users\peng\AppData\Local\Programs\Git\cmd;C:\Program Files\TortoiseGit\bin;C:\Users\peng\AppData\Local\Microsoft\WindowsApps;;C:\Program Files\Microsoft VS Code\bin;.]
2019-02-17 14:58:41.180 [main] INFO  o.a.c.core.ContainerBase.[Tomcat].[localhost].[/] - Initializing Spring embedded WebApplicationContext
2019-02-17 14:58:41.181 [main] INFO  org.springframework.web.context.ContextLoader - Root WebApplicationContext: initialization completed in 2883 ms
2019-02-17 14:58:43.304 [main] INFO  org.apache.coyote.http11.Http11NioProtocol - Starting ProtocolHandler ["http-nio-10129"]
2019-02-17 14:58:43.318 [main] INFO  org.apache.tomcat.util.net.NioSelectorPool - Using a shared selector for servlet write/read
2019-02-17 14:58:43.346 [main] INFO  o.s.boot.web.embedded.tomcat.TomcatWebServer - Tomcat started on port(s): 10129 (http) with context path ''
2019-02-17 14:58:43.352 [main] INFO  com.calligraphy.CalligraphyAppApplication - Started CalligraphyAppApplication in 5.922 seconds (JVM running for 8.447)
2019-02-17 15:00:47.726 [http-nio-10129-exec-1] INFO  org.apache.tomcat.util.http.parser.Cookie - A cookie header was received [1520497047] that contained an invalid cookie. That cookie will be ignored.Note: further occurrences of this error will be logged at DEBUG level.
2019-02-17 15:00:47.759 [http-nio-10129-exec-1] INFO  o.a.c.core.ContainerBase.[Tomcat].[localhost].[/] - Initializing Spring DispatcherServlet 'dispatcherServlet'
2019-02-17 15:00:47.761 [http-nio-10129-exec-1] INFO  org.springframework.web.servlet.DispatcherServlet - Initializing Servlet 'dispatcherServlet'
2019-02-17 15:00:47.777 [http-nio-10129-exec-1] INFO  org.springframework.web.servlet.DispatcherServlet - Completed initialization in 14 ms
2019-02-17 15:00:47.971 [http-nio-10129-exec-1] ERROR o.a.c.c.C.[.[localhost].[/].[dispatcherServlet] - Servlet.service() for servlet [dispatcherServlet] in context with path [] threw exception [Request processing failed; nested exception is org.mybatis.spring.MyBatisSystemException: nested exception is org.apache.ibatis.binding.BindingException: Parameter 'username' not found. Available parameters are [serialNumber, userName, param1, param2]] with root cause
org.apache.ibatis.binding.BindingException: Parameter 'username' not found. Available parameters are [serialNumber, userName, param1, param2]
	at org.apache.ibatis.binding.MapperMethod$ParamMap.get(MapperMethod.java:204)
	at org.apache.ibatis.reflection.wrapper.MapWrapper.get(MapWrapper.java:45)
	at org.apache.ibatis.reflection.MetaObject.getValue(MetaObject.java:122)
	at org.apache.ibatis.executor.BaseExecutor.createCacheKey(BaseExecutor.java:219)
	at org.apache.ibatis.executor.CachingExecutor.createCacheKey(CachingExecutor.java:146)
	at org.apache.ibatis.executor.CachingExecutor.query(CachingExecutor.java:82)
	at org.apache.ibatis.session.defaults.DefaultSqlSession.selectList(DefaultSqlSession.java:148)
	at org.apache.ibatis.session.defaults.DefaultSqlSession.selectList(DefaultSqlSession.java:141)
	at org.apache.ibatis.session.defaults.DefaultSqlSession.selectOne(DefaultSqlSession.java:77)
	at sun.reflect.NativeMethodAccessorImpl.invoke0(Native Method)
	at sun.reflect.NativeMethodAccessorImpl.invoke(NativeMethodAccessorImpl.java:62)
	at sun.reflect.DelegatingMethodAccessorImpl.invoke(DelegatingMethodAccessorImpl.java:43)
	at java.lang.reflect.Method.invoke(Method.java:498)
	at org.mybatis.spring.SqlSessionTemplate$SqlSessionInterceptor.invoke(SqlSessionTemplate.java:433)
	at com.sun.proxy.$Proxy58.selectOne(Unknown Source)
	at org.mybatis.spring.SqlSessionTemplate.selectOne(SqlSessionTemplate.java:166)
	at org.apache.ibatis.binding.MapperMethod.execute(MapperMethod.java:83)
	at org.apache.ibatis.binding.MapperProxy.invoke(MapperProxy.java:59)
	at com.sun.proxy.$Proxy69.findUser(Unknown Source)
	at com.calligraphy.service.impl.UserServiceImpl.findUser(UserServiceImpl.java:18)
	at com.calligraphy.controller.UserController.active(UserController.java:33)
	at sun.reflect.NativeMethodAccessorImpl.invoke0(Native Method)
	at sun.reflect.NativeMethodAccessorImpl.invoke(NativeMethodAccessorImpl.java:62)
	at sun.reflect.DelegatingMethodAccessorImpl.invoke(DelegatingMethodAccessorImpl.java:43)
	at java.lang.reflect.Method.invoke(Method.java:498)
	at org.springframework.web.method.support.InvocableHandlerMethod.doInvoke(InvocableHandlerMethod.java:189)
	at org.springframework.web.method.support.InvocableHandlerMethod.invokeForRequest(InvocableHandlerMethod.java:138)
	at org.springframework.web.servlet.mvc.method.annotation.ServletInvocableHandlerMethod.invokeAndHandle(ServletInvocableHandlerMethod.java:102)
	at org.springframework.web.servlet.mvc.method.annotation.RequestMappingHandlerAdapter.invokeHandlerMethod(RequestMappingHandlerAdapter.java:895)
	at org.springframework.web.servlet.mvc.method.annotation.RequestMappingHandlerAdapter.handleInternal(RequestMappingHandlerAdapter.java:800)
	at org.springframework.web.servlet.mvc.method.AbstractHandlerMethodAdapter.handle(AbstractHandlerMethodAdapter.java:87)
	at org.springframework.web.servlet.DispatcherServlet.doDispatch(DispatcherServlet.java:1038)
	at org.springframework.web.servlet.DispatcherServlet.doService(DispatcherServlet.java:942)
	at org.springframework.web.servlet.FrameworkServlet.processRequest(FrameworkServlet.java:1005)
	at org.springframework.web.servlet.FrameworkServlet.doPost(FrameworkServlet.java:908)
	at javax.servlet.http.HttpServlet.service(HttpServlet.java:660)
	at org.springframework.web.servlet.FrameworkServlet.service(FrameworkServlet.java:882)
	at javax.servlet.http.HttpServlet.service(HttpServlet.java:741)
	at org.apache.catalina.core.ApplicationFilterChain.internalDoFilter(ApplicationFilterChain.java:231)
	at org.apache.catalina.core.ApplicationFilterChain.doFilter(ApplicationFilterChain.java:166)
	at org.apache.tomcat.websocket.server.WsFilter.doFilter(WsFilter.java:53)
	at org.apache.catalina.core.ApplicationFilterChain.internalDoFilter(ApplicationFilterChain.java:193)
	at org.apache.catalina.core.ApplicationFilterChain.doFilter(ApplicationFilterChain.java:166)
	at org.springframework.web.filter.CharacterEncodingFilter.doFilterInternal(CharacterEncodingFilter.java:200)
	at org.springframework.web.filter.OncePerRequestFilter.doFilter(OncePerRequestFilter.java:107)
	at org.apache.catalina.core.ApplicationFilterChain.internalDoFilter(ApplicationFilterChain.java:193)
	at org.apache.catalina.core.ApplicationFilterChain.doFilter(ApplicationFilterChain.java:166)
	at org.apache.catalina.core.StandardWrapperValve.invoke(StandardWrapperValve.java:199)
	at org.apache.catalina.core.StandardContextValve.invoke(StandardContextValve.java:96)
	at org.apache.catalina.authenticator.AuthenticatorBase.invoke(AuthenticatorBase.java:490)
	at org.apache.catalina.core.StandardHostValve.invoke(StandardHostValve.java:139)
	at org.apache.catalina.valves.ErrorReportValve.invoke(ErrorReportValve.java:92)
	at org.apache.catalina.core.StandardEngineValve.invoke(StandardEngineValve.java:74)
	at org.apache.catalina.connector.CoyoteAdapter.service(CoyoteAdapter.java:343)
	at org.apache.coyote.http11.Http11Processor.service(Http11Processor.java:408)
	at org.apache.coyote.AbstractProcessorLight.process(AbstractProcessorLight.java:66)
	at org.apache.coyote.AbstractProtocol$ConnectionHandler.process(AbstractProtocol.java:791)
	at org.apache.tomcat.util.net.NioEndpoint$SocketProcessor.doRun(NioEndpoint.java:1417)
	at org.apache.tomcat.util.net.SocketProcessorBase.run(SocketProcessorBase.java:49)
	at java.util.concurrent.ThreadPoolExecutor.runWorker(ThreadPoolExecutor.java:1149)
	at java.util.concurrent.ThreadPoolExecutor$Worker.run(ThreadPoolExecutor.java:624)
	at org.apache.tomcat.util.threads.TaskThread$WrappingRunnable.run(TaskThread.java:61)
	at java.lang.Thread.run(Thread.java:748)
2019-02-17 15:01:43.500 [main] INFO  com.calligraphy.CalligraphyAppApplication - Starting CalligraphyAppApplication on DESKTOP-TBI9BAK with PID 3532 (C:\Users\peng\eclipse-workspace\calligraphyApp\target\classes started by peng in C:\Users\peng\eclipse-workspace\calligraphyApp)
2019-02-17 15:01:43.505 [main] INFO  com.calligraphy.CalligraphyAppApplication - The following profiles are active: dev
2019-02-17 15:01:44.497 [main] INFO  o.s.d.r.config.RepositoryConfigurationDelegate - Multiple Spring Data modules found, entering strict repository configuration mode!
2019-02-17 15:01:44.500 [main] INFO  o.s.d.r.config.RepositoryConfigurationDelegate - Bootstrapping Spring Data repositories in DEFAULT mode.
2019-02-17 15:01:44.568 [main] INFO  o.s.d.r.config.RepositoryConfigurationDelegate - Finished Spring Data repository scanning in 52ms. Found 0 repository interfaces.
2019-02-17 15:01:44.933 [main] INFO  o.s.c.s.PostProcessorRegistrationDelegate$BeanPostProcessorChecker - Bean 'org.springframework.transaction.annotation.ProxyTransactionManagementConfiguration' of type [org.springframework.transaction.annotation.ProxyTransactionManagementConfiguration$$EnhancerBySpringCGLIB$$a379188d] is not eligible for getting processed by all BeanPostProcessors (for example: not eligible for auto-proxying)
2019-02-17 15:01:45.325 [main] INFO  o.s.boot.web.embedded.tomcat.TomcatWebServer - Tomcat initialized with port(s): 10129 (http)
2019-02-17 15:01:45.343 [main] INFO  org.apache.coyote.http11.Http11NioProtocol - Initializing ProtocolHandler ["http-nio-10129"]
2019-02-17 15:01:45.355 [main] INFO  org.apache.catalina.core.StandardService - Starting service [Tomcat]
2019-02-17 15:01:45.355 [main] INFO  org.apache.catalina.core.StandardEngine - Starting Servlet Engine: Apache Tomcat/9.0.13
2019-02-17 15:01:45.363 [main] INFO  org.apache.catalina.core.AprLifecycleListener - The APR based Apache Tomcat Native library which allows optimal performance in production environments was not found on the java.library.path: [C:\Program Files\Java\jdk1.8.0_151\bin;C:\WINDOWS\Sun\Java\bin;C:\WINDOWS\system32;C:\WINDOWS;C:\Program Files\Java\jdk1.8.0_151\bin;C:\Users\peng\apache-maven-3.5.2\bin;C:\ProgramData\Oracle\Java\javapath;C:\Program Files (x86)\Intel\iCLS Client\;C:\Program Files\Intel\iCLS Client\;C:\windows\system32;C:\windows;C:\windows\System32\Wbem;C:\windows\System32\WindowsPowerShell\v1.0\;C:\Program Files (x86)\NVIDIA Corporation\PhysX\Common;C:\Program Files (x86)\Intel\Intel(R) Management Engine Components\DAL;C:\Program Files\Intel\Intel(R) Management Engine Components\DAL;C:\Program Files (x86)\Intel\Intel(R) Management Engine Components\IPT;C:\Program Files\Intel\Intel(R) Management Engine Components\IPT;C:\WINDOWS\system32;C:\WINDOWS;C:\WINDOWS\System32\Wbem;C:\WINDOWS\System32\WindowsPowerShell\v1.0\;C:\Program Files\TortoiseSVN\bin;C:\Users\peng\spring-boot-cli-2.0.0.RELEASE-bin\spring-2.0.0.RELEASE\bin;C:\Users\peng\hadoop-2.7.5\bin;hadoop;C:\Users\peng\gradle-4.7\bin;C:\Users\peng\AppData\Local\Programs\Python\Python37-32;C:\Users\peng\AppData\Local\Programs\Python\Python37-32\Scripts;C:\WINDOWS\System32\OpenSSH\;C:\Program Files\Intel\WiFi\bin\;C:\Program Files\Common Files\Intel\WirelessCommon\;C:\Users\peng\spark-2.4.0-bin-hadoop2.7\bin;C:\Users\peng\spark-2.4.0-bin-hadoop2.7\sbin;C:\Users\peng\AppData\Local\Programs\Git\cmd;C:\Program Files\TortoiseGit\bin;C:\Users\peng\AppData\Local\Microsoft\WindowsApps;;C:\Program Files\Microsoft VS Code\bin;.]
2019-02-17 15:01:45.509 [main] INFO  o.a.c.core.ContainerBase.[Tomcat].[localhost].[/] - Initializing Spring embedded WebApplicationContext
2019-02-17 15:01:45.511 [main] INFO  org.springframework.web.context.ContextLoader - Root WebApplicationContext: initialization completed in 1929 ms
2019-02-17 15:01:46.886 [main] INFO  org.apache.coyote.http11.Http11NioProtocol - Starting ProtocolHandler ["http-nio-10129"]
2019-02-17 15:01:46.898 [main] INFO  org.apache.tomcat.util.net.NioSelectorPool - Using a shared selector for servlet write/read
2019-02-17 15:01:46.920 [main] INFO  o.s.boot.web.embedded.tomcat.TomcatWebServer - Tomcat started on port(s): 10129 (http) with context path ''
2019-02-17 15:01:46.926 [main] INFO  com.calligraphy.CalligraphyAppApplication - Started CalligraphyAppApplication in 3.978 seconds (JVM running for 5.71)
2019-02-17 15:01:53.875 [http-nio-10129-exec-1] INFO  org.apache.tomcat.util.http.parser.Cookie - A cookie header was received [1520497047] that contained an invalid cookie. That cookie will be ignored.Note: further occurrences of this error will be logged at DEBUG level.
2019-02-17 15:01:53.885 [http-nio-10129-exec-1] INFO  o.a.c.core.ContainerBase.[Tomcat].[localhost].[/] - Initializing Spring DispatcherServlet 'dispatcherServlet'
2019-02-17 15:01:53.887 [http-nio-10129-exec-1] INFO  org.springframework.web.servlet.DispatcherServlet - Initializing Servlet 'dispatcherServlet'
2019-02-17 15:01:53.898 [http-nio-10129-exec-1] INFO  org.springframework.web.servlet.DispatcherServlet - Completed initialization in 10 ms
2019-02-17 15:01:54.058 [http-nio-10129-exec-1] INFO  com.alibaba.druid.pool.DruidDataSource - {dataSource-1} inited
2019-02-17 15:01:54.221 [http-nio-10129-exec-1] DEBUG com.calligraphy.dao.UserMapper.findUser - ==>  Preparing: SELECT id,status FROM app_user where username=? and code = ? 
2019-02-17 15:01:54.248 [http-nio-10129-exec-1] DEBUG com.calligraphy.dao.UserMapper.findUser - ==> Parameters: admin2(String), 10(String)
2019-02-17 15:01:54.285 [http-nio-10129-exec-1] DEBUG com.calligraphy.dao.UserMapper.findUser - <==      Total: 0
2019-02-17 15:02:13.106 [http-nio-10129-exec-2] DEBUG com.calligraphy.dao.UserMapper.findUser - ==>  Preparing: SELECT id,status FROM app_user where username=? and code = ? 
2019-02-17 15:02:13.108 [http-nio-10129-exec-2] DEBUG com.calligraphy.dao.UserMapper.findUser - ==> Parameters: admin2(String), MTM1NDUwNzAzODk=(String)
2019-02-17 15:02:13.114 [http-nio-10129-exec-2] DEBUG com.calligraphy.dao.UserMapper.findUser - <==      Total: 1
2019-02-17 15:02:18.813 [http-nio-10129-exec-3] DEBUG com.calligraphy.dao.UserMapper.findUser - ==>  Preparing: SELECT id,status FROM app_user where username=? and code = ? 
2019-02-17 15:02:18.815 [http-nio-10129-exec-3] DEBUG com.calligraphy.dao.UserMapper.findUser - ==> Parameters: admin2(String), MTM1NDUwNzAzODk=(String)
2019-02-17 15:02:18.817 [http-nio-10129-exec-3] DEBUG com.calligraphy.dao.UserMapper.findUser - <==      Total: 1
2019-02-17 15:02:59.609 [main] INFO  com.calligraphy.CalligraphyAppApplication - Starting CalligraphyAppApplication on DESKTOP-TBI9BAK with PID 9008 (C:\Users\peng\eclipse-workspace\calligraphyApp\target\classes started by peng in C:\Users\peng\eclipse-workspace\calligraphyApp)
2019-02-17 15:02:59.613 [main] INFO  com.calligraphy.CalligraphyAppApplication - The following profiles are active: dev
2019-02-17 15:03:00.621 [main] INFO  o.s.d.r.config.RepositoryConfigurationDelegate - Multiple Spring Data modules found, entering strict repository configuration mode!
2019-02-17 15:03:00.625 [main] INFO  o.s.d.r.config.RepositoryConfigurationDelegate - Bootstrapping Spring Data repositories in DEFAULT mode.
2019-02-17 15:03:00.692 [main] INFO  o.s.d.r.config.RepositoryConfigurationDelegate - Finished Spring Data repository scanning in 52ms. Found 0 repository interfaces.
2019-02-17 15:03:01.044 [main] INFO  o.s.c.s.PostProcessorRegistrationDelegate$BeanPostProcessorChecker - Bean 'org.springframework.transaction.annotation.ProxyTransactionManagementConfiguration' of type [org.springframework.transaction.annotation.ProxyTransactionManagementConfiguration$$EnhancerBySpringCGLIB$$bc7f3cf4] is not eligible for getting processed by all BeanPostProcessors (for example: not eligible for auto-proxying)
2019-02-17 15:03:01.439 [main] INFO  o.s.boot.web.embedded.tomcat.TomcatWebServer - Tomcat initialized with port(s): 10129 (http)
2019-02-17 15:03:01.453 [main] INFO  org.apache.coyote.http11.Http11NioProtocol - Initializing ProtocolHandler ["http-nio-10129"]
2019-02-17 15:03:01.466 [main] INFO  org.apache.catalina.core.StandardService - Starting service [Tomcat]
2019-02-17 15:03:01.466 [main] INFO  org.apache.catalina.core.StandardEngine - Starting Servlet Engine: Apache Tomcat/9.0.13
2019-02-17 15:03:01.474 [main] INFO  org.apache.catalina.core.AprLifecycleListener - The APR based Apache Tomcat Native library which allows optimal performance in production environments was not found on the java.library.path: [C:\Program Files\Java\jdk1.8.0_151\bin;C:\WINDOWS\Sun\Java\bin;C:\WINDOWS\system32;C:\WINDOWS;C:\Program Files\Java\jdk1.8.0_151\bin;C:\Users\peng\apache-maven-3.5.2\bin;C:\ProgramData\Oracle\Java\javapath;C:\Program Files (x86)\Intel\iCLS Client\;C:\Program Files\Intel\iCLS Client\;C:\windows\system32;C:\windows;C:\windows\System32\Wbem;C:\windows\System32\WindowsPowerShell\v1.0\;C:\Program Files (x86)\NVIDIA Corporation\PhysX\Common;C:\Program Files (x86)\Intel\Intel(R) Management Engine Components\DAL;C:\Program Files\Intel\Intel(R) Management Engine Components\DAL;C:\Program Files (x86)\Intel\Intel(R) Management Engine Components\IPT;C:\Program Files\Intel\Intel(R) Management Engine Components\IPT;C:\WINDOWS\system32;C:\WINDOWS;C:\WINDOWS\System32\Wbem;C:\WINDOWS\System32\WindowsPowerShell\v1.0\;C:\Program Files\TortoiseSVN\bin;C:\Users\peng\spring-boot-cli-2.0.0.RELEASE-bin\spring-2.0.0.RELEASE\bin;C:\Users\peng\hadoop-2.7.5\bin;hadoop;C:\Users\peng\gradle-4.7\bin;C:\Users\peng\AppData\Local\Programs\Python\Python37-32;C:\Users\peng\AppData\Local\Programs\Python\Python37-32\Scripts;C:\WINDOWS\System32\OpenSSH\;C:\Program Files\Intel\WiFi\bin\;C:\Program Files\Common Files\Intel\WirelessCommon\;C:\Users\peng\spark-2.4.0-bin-hadoop2.7\bin;C:\Users\peng\spark-2.4.0-bin-hadoop2.7\sbin;C:\Users\peng\AppData\Local\Programs\Git\cmd;C:\Program Files\TortoiseGit\bin;C:\Users\peng\AppData\Local\Microsoft\WindowsApps;;C:\Program Files\Microsoft VS Code\bin;.]
2019-02-17 15:03:01.642 [main] INFO  o.a.c.core.ContainerBase.[Tomcat].[localhost].[/] - Initializing Spring embedded WebApplicationContext
2019-02-17 15:03:01.645 [main] INFO  org.springframework.web.context.ContextLoader - Root WebApplicationContext: initialization completed in 1967 ms
2019-02-17 15:03:03.058 [main] INFO  org.apache.coyote.http11.Http11NioProtocol - Starting ProtocolHandler ["http-nio-10129"]
2019-02-17 15:03:03.072 [main] INFO  org.apache.tomcat.util.net.NioSelectorPool - Using a shared selector for servlet write/read
2019-02-17 15:03:03.097 [main] INFO  o.s.boot.web.embedded.tomcat.TomcatWebServer - Tomcat started on port(s): 10129 (http) with context path ''
2019-02-17 15:03:03.102 [main] INFO  com.calligraphy.CalligraphyAppApplication - Started CalligraphyAppApplication in 4.058 seconds (JVM running for 5.737)
2019-02-17 15:03:11.571 [http-nio-10129-exec-1] INFO  org.apache.tomcat.util.http.parser.Cookie - A cookie header was received [1520497047] that contained an invalid cookie. That cookie will be ignored.Note: further occurrences of this error will be logged at DEBUG level.
2019-02-17 15:03:11.580 [http-nio-10129-exec-1] INFO  o.a.c.core.ContainerBase.[Tomcat].[localhost].[/] - Initializing Spring DispatcherServlet 'dispatcherServlet'
2019-02-17 15:03:11.580 [http-nio-10129-exec-1] INFO  org.springframework.web.servlet.DispatcherServlet - Initializing Servlet 'dispatcherServlet'
2019-02-17 15:03:11.591 [http-nio-10129-exec-1] INFO  org.springframework.web.servlet.DispatcherServlet - Completed initialization in 9 ms
2019-02-17 15:03:11.722 [http-nio-10129-exec-1] INFO  com.alibaba.druid.pool.DruidDataSource - {dataSource-1} inited
2019-02-17 15:03:11.843 [http-nio-10129-exec-1] DEBUG com.calligraphy.dao.UserMapper.findUser - ==>  Preparing: SELECT id,status FROM app_user where username=? and code = ? 
2019-02-17 15:03:11.871 [http-nio-10129-exec-1] DEBUG com.calligraphy.dao.UserMapper.findUser - ==> Parameters: admin2(String), MTM1NDUwNzAzODk=(String)
2019-02-17 15:03:11.898 [http-nio-10129-exec-1] DEBUG com.calligraphy.dao.UserMapper.findUser - <==      Total: 1
2019-02-17 15:03:11.903 [http-nio-10129-exec-1] DEBUG com.calligraphy.dao.UserMapper.active - ==>  Preparing: update SET status =4 where id= ? 
2019-02-17 15:03:11.903 [http-nio-10129-exec-1] DEBUG com.calligraphy.dao.UserMapper.active - ==> Parameters: 22b8554af886449a94eaa5cb34558b53(String)
2019-02-17 15:03:11.989 [http-nio-10129-exec-1] ERROR o.a.c.c.C.[.[localhost].[/].[dispatcherServlet] - Servlet.service() for servlet [dispatcherServlet] in context with path [] threw exception [Request processing failed; nested exception is org.springframework.jdbc.BadSqlGrammarException: 
### Error updating database.  Cause: java.sql.SQLSyntaxErrorException: You have an error in your SQL syntax; check the manual that corresponds to your MySQL server version for the right syntax to use near 'SET status =4 where id= '22b8554af886449a94eaa5cb34558b53'' at line 1
### The error may involve defaultParameterMap
### The error occurred while setting parameters
### SQL: update SET status =4 where id= ?
### Cause: java.sql.SQLSyntaxErrorException: You have an error in your SQL syntax; check the manual that corresponds to your MySQL server version for the right syntax to use near 'SET status =4 where id= '22b8554af886449a94eaa5cb34558b53'' at line 1
; bad SQL grammar []; nested exception is java.sql.SQLSyntaxErrorException: You have an error in your SQL syntax; check the manual that corresponds to your MySQL server version for the right syntax to use near 'SET status =4 where id= '22b8554af886449a94eaa5cb34558b53'' at line 1] with root cause
java.sql.SQLSyntaxErrorException: You have an error in your SQL syntax; check the manual that corresponds to your MySQL server version for the right syntax to use near 'SET status =4 where id= '22b8554af886449a94eaa5cb34558b53'' at line 1
	at com.mysql.cj.jdbc.exceptions.SQLError.createSQLException(SQLError.java:120)
	at com.mysql.cj.jdbc.exceptions.SQLError.createSQLException(SQLError.java:97)
	at com.mysql.cj.jdbc.exceptions.SQLExceptionsMapping.translateException(SQLExceptionsMapping.java:122)
	at com.mysql.cj.jdbc.ClientPreparedStatement.executeInternal(ClientPreparedStatement.java:974)
	at com.mysql.cj.jdbc.ClientPreparedStatement.execute(ClientPreparedStatement.java:391)
	at com.alibaba.druid.pool.DruidPooledPreparedStatement.execute(DruidPooledPreparedStatement.java:493)
	at sun.reflect.NativeMethodAccessorImpl.invoke0(Native Method)
	at sun.reflect.NativeMethodAccessorImpl.invoke(NativeMethodAccessorImpl.java:62)
	at sun.reflect.DelegatingMethodAccessorImpl.invoke(DelegatingMethodAccessorImpl.java:43)
	at java.lang.reflect.Method.invoke(Method.java:498)
	at org.apache.ibatis.logging.jdbc.PreparedStatementLogger.invoke(PreparedStatementLogger.java:59)
	at com.sun.proxy.$Proxy83.execute(Unknown Source)
	at org.apache.ibatis.executor.statement.PreparedStatementHandler.update(PreparedStatementHandler.java:46)
	at org.apache.ibatis.executor.statement.RoutingStatementHandler.update(RoutingStatementHandler.java:74)
	at org.apache.ibatis.executor.SimpleExecutor.doUpdate(SimpleExecutor.java:50)
	at org.apache.ibatis.executor.BaseExecutor.update(BaseExecutor.java:117)
	at org.apache.ibatis.executor.CachingExecutor.update(CachingExecutor.java:76)
	at org.apache.ibatis.session.defaults.DefaultSqlSession.update(DefaultSqlSession.java:198)
	at sun.reflect.NativeMethodAccessorImpl.invoke0(Native Method)
	at sun.reflect.NativeMethodAccessorImpl.invoke(NativeMethodAccessorImpl.java:62)
	at sun.reflect.DelegatingMethodAccessorImpl.invoke(DelegatingMethodAccessorImpl.java:43)
	at java.lang.reflect.Method.invoke(Method.java:498)
	at org.mybatis.spring.SqlSessionTemplate$SqlSessionInterceptor.invoke(SqlSessionTemplate.java:433)
	at com.sun.proxy.$Proxy58.update(Unknown Source)
	at org.mybatis.spring.SqlSessionTemplate.update(SqlSessionTemplate.java:294)
	at org.apache.ibatis.binding.MapperMethod.execute(MapperMethod.java:63)
	at org.apache.ibatis.binding.MapperProxy.invoke(MapperProxy.java:59)
	at com.sun.proxy.$Proxy69.active(Unknown Source)
	at com.calligraphy.service.impl.UserServiceImpl.avtive(UserServiceImpl.java:23)
	at com.calligraphy.controller.UserController.active(UserController.java:40)
	at sun.reflect.NativeMethodAccessorImpl.invoke0(Native Method)
	at sun.reflect.NativeMethodAccessorImpl.invoke(NativeMethodAccessorImpl.java:62)
	at sun.reflect.DelegatingMethodAccessorImpl.invoke(DelegatingMethodAccessorImpl.java:43)
	at java.lang.reflect.Method.invoke(Method.java:498)
	at org.springframework.web.method.support.InvocableHandlerMethod.doInvoke(InvocableHandlerMethod.java:189)
	at org.springframework.web.method.support.InvocableHandlerMethod.invokeForRequest(InvocableHandlerMethod.java:138)
	at org.springframework.web.servlet.mvc.method.annotation.ServletInvocableHandlerMethod.invokeAndHandle(ServletInvocableHandlerMethod.java:102)
	at org.springframework.web.servlet.mvc.method.annotation.RequestMappingHandlerAdapter.invokeHandlerMethod(RequestMappingHandlerAdapter.java:895)
	at org.springframework.web.servlet.mvc.method.annotation.RequestMappingHandlerAdapter.handleInternal(RequestMappingHandlerAdapter.java:800)
	at org.springframework.web.servlet.mvc.method.AbstractHandlerMethodAdapter.handle(AbstractHandlerMethodAdapter.java:87)
	at org.springframework.web.servlet.DispatcherServlet.doDispatch(DispatcherServlet.java:1038)
	at org.springframework.web.servlet.DispatcherServlet.doService(DispatcherServlet.java:942)
	at org.springframework.web.servlet.FrameworkServlet.processRequest(FrameworkServlet.java:1005)
	at org.springframework.web.servlet.FrameworkServlet.doPost(FrameworkServlet.java:908)
	at javax.servlet.http.HttpServlet.service(HttpServlet.java:660)
	at org.springframework.web.servlet.FrameworkServlet.service(FrameworkServlet.java:882)
	at javax.servlet.http.HttpServlet.service(HttpServlet.java:741)
	at org.apache.catalina.core.ApplicationFilterChain.internalDoFilter(ApplicationFilterChain.java:231)
	at org.apache.catalina.core.ApplicationFilterChain.doFilter(ApplicationFilterChain.java:166)
	at org.apache.tomcat.websocket.server.WsFilter.doFilter(WsFilter.java:53)
	at org.apache.catalina.core.ApplicationFilterChain.internalDoFilter(ApplicationFilterChain.java:193)
	at org.apache.catalina.core.ApplicationFilterChain.doFilter(ApplicationFilterChain.java:166)
	at org.springframework.web.filter.CharacterEncodingFilter.doFilterInternal(CharacterEncodingFilter.java:200)
	at org.springframework.web.filter.OncePerRequestFilter.doFilter(OncePerRequestFilter.java:107)
	at org.apache.catalina.core.ApplicationFilterChain.internalDoFilter(ApplicationFilterChain.java:193)
	at org.apache.catalina.core.ApplicationFilterChain.doFilter(ApplicationFilterChain.java:166)
	at org.apache.catalina.core.StandardWrapperValve.invoke(StandardWrapperValve.java:199)
	at org.apache.catalina.core.StandardContextValve.invoke(StandardContextValve.java:96)
	at org.apache.catalina.authenticator.AuthenticatorBase.invoke(AuthenticatorBase.java:490)
	at org.apache.catalina.core.StandardHostValve.invoke(StandardHostValve.java:139)
	at org.apache.catalina.valves.ErrorReportValve.invoke(ErrorReportValve.java:92)
	at org.apache.catalina.core.StandardEngineValve.invoke(StandardEngineValve.java:74)
	at org.apache.catalina.connector.CoyoteAdapter.service(CoyoteAdapter.java:343)
	at org.apache.coyote.http11.Http11Processor.service(Http11Processor.java:408)
	at org.apache.coyote.AbstractProcessorLight.process(AbstractProcessorLight.java:66)
	at org.apache.coyote.AbstractProtocol$ConnectionHandler.process(AbstractProtocol.java:791)
	at org.apache.tomcat.util.net.NioEndpoint$SocketProcessor.doRun(NioEndpoint.java:1417)
	at org.apache.tomcat.util.net.SocketProcessorBase.run(SocketProcessorBase.java:49)
	at java.util.concurrent.ThreadPoolExecutor.runWorker(ThreadPoolExecutor.java:1149)
	at java.util.concurrent.ThreadPoolExecutor$Worker.run(ThreadPoolExecutor.java:624)
	at org.apache.tomcat.util.threads.TaskThread$WrappingRunnable.run(TaskThread.java:61)
	at java.lang.Thread.run(Thread.java:748)
2019-02-17 15:03:43.975 [main] INFO  com.calligraphy.CalligraphyAppApplication - Starting CalligraphyAppApplication on DESKTOP-TBI9BAK with PID 11924 (C:\Users\peng\eclipse-workspace\calligraphyApp\target\classes started by peng in C:\Users\peng\eclipse-workspace\calligraphyApp)
2019-02-17 15:03:43.980 [main] INFO  com.calligraphy.CalligraphyAppApplication - The following profiles are active: dev
2019-02-17 15:03:44.926 [main] INFO  o.s.d.r.config.RepositoryConfigurationDelegate - Multiple Spring Data modules found, entering strict repository configuration mode!
2019-02-17 15:03:44.930 [main] INFO  o.s.d.r.config.RepositoryConfigurationDelegate - Bootstrapping Spring Data repositories in DEFAULT mode.
2019-02-17 15:03:44.995 [main] INFO  o.s.d.r.config.RepositoryConfigurationDelegate - Finished Spring Data repository scanning in 50ms. Found 0 repository interfaces.
2019-02-17 15:03:45.355 [main] INFO  o.s.c.s.PostProcessorRegistrationDelegate$BeanPostProcessorChecker - Bean 'org.springframework.transaction.annotation.ProxyTransactionManagementConfiguration' of type [org.springframework.transaction.annotation.ProxyTransactionManagementConfiguration$$EnhancerBySpringCGLIB$$c3e6558b] is not eligible for getting processed by all BeanPostProcessors (for example: not eligible for auto-proxying)
2019-02-17 15:03:45.726 [main] INFO  o.s.boot.web.embedded.tomcat.TomcatWebServer - Tomcat initialized with port(s): 10129 (http)
2019-02-17 15:03:45.740 [main] INFO  org.apache.coyote.http11.Http11NioProtocol - Initializing ProtocolHandler ["http-nio-10129"]
2019-02-17 15:03:45.753 [main] INFO  org.apache.catalina.core.StandardService - Starting service [Tomcat]
2019-02-17 15:03:45.754 [main] INFO  org.apache.catalina.core.StandardEngine - Starting Servlet Engine: Apache Tomcat/9.0.13
2019-02-17 15:03:45.762 [main] INFO  org.apache.catalina.core.AprLifecycleListener - The APR based Apache Tomcat Native library which allows optimal performance in production environments was not found on the java.library.path: [C:\Program Files\Java\jdk1.8.0_151\bin;C:\WINDOWS\Sun\Java\bin;C:\WINDOWS\system32;C:\WINDOWS;C:\Program Files\Java\jdk1.8.0_151\bin;C:\Users\peng\apache-maven-3.5.2\bin;C:\ProgramData\Oracle\Java\javapath;C:\Program Files (x86)\Intel\iCLS Client\;C:\Program Files\Intel\iCLS Client\;C:\windows\system32;C:\windows;C:\windows\System32\Wbem;C:\windows\System32\WindowsPowerShell\v1.0\;C:\Program Files (x86)\NVIDIA Corporation\PhysX\Common;C:\Program Files (x86)\Intel\Intel(R) Management Engine Components\DAL;C:\Program Files\Intel\Intel(R) Management Engine Components\DAL;C:\Program Files (x86)\Intel\Intel(R) Management Engine Components\IPT;C:\Program Files\Intel\Intel(R) Management Engine Components\IPT;C:\WINDOWS\system32;C:\WINDOWS;C:\WINDOWS\System32\Wbem;C:\WINDOWS\System32\WindowsPowerShell\v1.0\;C:\Program Files\TortoiseSVN\bin;C:\Users\peng\spring-boot-cli-2.0.0.RELEASE-bin\spring-2.0.0.RELEASE\bin;C:\Users\peng\hadoop-2.7.5\bin;hadoop;C:\Users\peng\gradle-4.7\bin;C:\Users\peng\AppData\Local\Programs\Python\Python37-32;C:\Users\peng\AppData\Local\Programs\Python\Python37-32\Scripts;C:\WINDOWS\System32\OpenSSH\;C:\Program Files\Intel\WiFi\bin\;C:\Program Files\Common Files\Intel\WirelessCommon\;C:\Users\peng\spark-2.4.0-bin-hadoop2.7\bin;C:\Users\peng\spark-2.4.0-bin-hadoop2.7\sbin;C:\Users\peng\AppData\Local\Programs\Git\cmd;C:\Program Files\TortoiseGit\bin;C:\Users\peng\AppData\Local\Microsoft\WindowsApps;;C:\Program Files\Microsoft VS Code\bin;.]
2019-02-17 15:03:45.919 [main] INFO  o.a.c.core.ContainerBase.[Tomcat].[localhost].[/] - Initializing Spring embedded WebApplicationContext
2019-02-17 15:03:45.919 [main] INFO  org.springframework.web.context.ContextLoader - Root WebApplicationContext: initialization completed in 1862 ms
2019-02-17 15:03:47.290 [main] INFO  org.apache.coyote.http11.Http11NioProtocol - Starting ProtocolHandler ["http-nio-10129"]
2019-02-17 15:03:47.305 [main] INFO  org.apache.tomcat.util.net.NioSelectorPool - Using a shared selector for servlet write/read
2019-02-17 15:03:47.340 [main] INFO  o.s.boot.web.embedded.tomcat.TomcatWebServer - Tomcat started on port(s): 10129 (http) with context path ''
2019-02-17 15:03:47.346 [main] INFO  com.calligraphy.CalligraphyAppApplication - Started CalligraphyAppApplication in 3.954 seconds (JVM running for 5.713)
2019-02-17 15:03:51.829 [http-nio-10129-exec-1] INFO  org.apache.tomcat.util.http.parser.Cookie - A cookie header was received [1520497047] that contained an invalid cookie. That cookie will be ignored.Note: further occurrences of this error will be logged at DEBUG level.
2019-02-17 15:03:51.839 [http-nio-10129-exec-1] INFO  o.a.c.core.ContainerBase.[Tomcat].[localhost].[/] - Initializing Spring DispatcherServlet 'dispatcherServlet'
2019-02-17 15:03:51.841 [http-nio-10129-exec-1] INFO  org.springframework.web.servlet.DispatcherServlet - Initializing Servlet 'dispatcherServlet'
2019-02-17 15:03:51.851 [http-nio-10129-exec-1] INFO  org.springframework.web.servlet.DispatcherServlet - Completed initialization in 9 ms
2019-02-17 15:03:52.111 [http-nio-10129-exec-1] INFO  com.alibaba.druid.pool.DruidDataSource - {dataSource-1} inited
2019-02-17 15:03:52.250 [http-nio-10129-exec-1] DEBUG com.calligraphy.dao.UserMapper.findUser - ==>  Preparing: SELECT id,status FROM app_user where username=? and code = ? 
2019-02-17 15:03:52.285 [http-nio-10129-exec-1] DEBUG com.calligraphy.dao.UserMapper.findUser - ==> Parameters: admin2(String), MTM1NDUwNzAzODk=(String)
2019-02-17 15:03:52.315 [http-nio-10129-exec-1] DEBUG com.calligraphy.dao.UserMapper.findUser - <==      Total: 1
2019-02-17 15:03:52.321 [http-nio-10129-exec-1] DEBUG com.calligraphy.dao.UserMapper.active - ==>  Preparing: update app_user SET status =4 where id= ? 
2019-02-17 15:03:52.321 [http-nio-10129-exec-1] DEBUG com.calligraphy.dao.UserMapper.active - ==> Parameters: 22b8554af886449a94eaa5cb34558b53(String)
2019-02-17 15:03:52.331 [http-nio-10129-exec-1] DEBUG com.calligraphy.dao.UserMapper.active - <==    Updates: 1
2019-02-17 15:03:54.665 [http-nio-10129-exec-2] DEBUG com.calligraphy.dao.UserMapper.findUser - ==>  Preparing: SELECT id,status FROM app_user where username=? and code = ? 
2019-02-17 15:03:54.667 [http-nio-10129-exec-2] DEBUG com.calligraphy.dao.UserMapper.findUser - ==> Parameters: admin2(String), MTM1NDUwNzAzODk=(String)
2019-02-17 15:03:54.670 [http-nio-10129-exec-2] DEBUG com.calligraphy.dao.UserMapper.findUser - <==      Total: 1
2019-02-17 15:03:56.638 [http-nio-10129-exec-3] DEBUG com.calligraphy.dao.UserMapper.findUser - ==>  Preparing: SELECT id,status FROM app_user where username=? and code = ? 
2019-02-17 15:03:56.640 [http-nio-10129-exec-3] DEBUG com.calligraphy.dao.UserMapper.findUser - ==> Parameters: admin2(String), MTM1NDUwNzAzODk=(String)
2019-02-17 15:03:56.642 [http-nio-10129-exec-3] DEBUG com.calligraphy.dao.UserMapper.findUser - <==      Total: 1
2019-02-17 15:04:49.265 [main] INFO  o.s.b.t.context.SpringBootTestContextBootstrapper - Neither @ContextConfiguration nor @ContextHierarchy found for test class [com.calligraphy.CalligraphyAppApplicationTests], using SpringBootContextLoader
2019-02-17 15:04:49.278 [main] INFO  o.s.test.context.support.AbstractContextLoader - Could not detect default resource locations for test class [com.calligraphy.CalligraphyAppApplicationTests]: no resource found for suffixes {-context.xml, Context.groovy}.
2019-02-17 15:04:49.280 [main] INFO  o.s.t.c.support.AnnotationConfigContextLoaderUtils - Could not detect default configuration classes for test class [com.calligraphy.CalligraphyAppApplicationTests]: CalligraphyAppApplicationTests does not declare any static, non-private, non-final, nested classes annotated with @Configuration.
2019-02-17 15:04:49.558 [main] INFO  o.s.b.t.context.SpringBootTestContextBootstrapper - Found @SpringBootConfiguration com.calligraphy.CalligraphyAppApplication for test class com.calligraphy.CalligraphyAppApplicationTests
2019-02-17 15:04:49.723 [main] INFO  o.s.b.t.context.SpringBootTestContextBootstrapper - Loaded default TestExecutionListener class names from location [META-INF/spring.factories]: [org.springframework.boot.test.mock.mockito.MockitoTestExecutionListener, org.springframework.boot.test.mock.mockito.ResetMocksTestExecutionListener, org.springframework.boot.test.autoconfigure.restdocs.RestDocsTestExecutionListener, org.springframework.boot.test.autoconfigure.web.client.MockRestServiceServerResetTestExecutionListener, org.springframework.boot.test.autoconfigure.web.servlet.MockMvcPrintOnlyOnFailureTestExecutionListener, org.springframework.boot.test.autoconfigure.web.servlet.WebDriverTestExecutionListener, org.springframework.test.context.web.ServletTestExecutionListener, org.springframework.test.context.support.DirtiesContextBeforeModesTestExecutionListener, org.springframework.test.context.support.DependencyInjectionTestExecutionListener, org.springframework.test.context.support.DirtiesContextTestExecutionListener, org.springframework.test.context.transaction.TransactionalTestExecutionListener, org.springframework.test.context.jdbc.SqlScriptsTestExecutionListener]
2019-02-17 15:04:49.752 [main] INFO  o.s.b.t.context.SpringBootTestContextBootstrapper - Using TestExecutionListeners: [org.springframework.test.context.web.ServletTestExecutionListener@1b1426f4, org.springframework.test.context.support.DirtiesContextBeforeModesTestExecutionListener@32b260fa, org.springframework.boot.test.mock.mockito.MockitoTestExecutionListener@581ac8a8, org.springframework.boot.test.autoconfigure.SpringBootDependencyInjectionTestExecutionListener@6d4e5011, org.springframework.test.context.support.DirtiesContextTestExecutionListener@57d7f8ca, org.springframework.test.context.transaction.TransactionalTestExecutionListener@76c3e77a, org.springframework.test.context.jdbc.SqlScriptsTestExecutionListener@78123e82, org.springframework.boot.test.mock.mockito.ResetMocksTestExecutionListener@67c33749, org.springframework.boot.test.autoconfigure.restdocs.RestDocsTestExecutionListener@fba92d3, org.springframework.boot.test.autoconfigure.web.client.MockRestServiceServerResetTestExecutionListener@662b4c69, org.springframework.boot.test.autoconfigure.web.servlet.MockMvcPrintOnlyOnFailureTestExecutionListener@fa49800, org.springframework.boot.test.autoconfigure.web.servlet.WebDriverTestExecutionListener@71238fc2]
2019-02-17 15:04:50.337 [main] INFO  com.calligraphy.CalligraphyAppApplicationTests - Starting CalligraphyAppApplicationTests on DESKTOP-TBI9BAK with PID 9384 (started by peng in C:\Users\peng\eclipse-workspace\calligraphyApp)
2019-02-17 15:04:50.337 [main] INFO  com.calligraphy.CalligraphyAppApplicationTests - The following profiles are active: dev
2019-02-17 15:04:51.739 [main] INFO  o.s.d.r.config.RepositoryConfigurationDelegate - Multiple Spring Data modules found, entering strict repository configuration mode!
2019-02-17 15:04:51.744 [main] INFO  o.s.d.r.config.RepositoryConfigurationDelegate - Bootstrapping Spring Data repositories in DEFAULT mode.
2019-02-17 15:04:51.853 [main] INFO  o.s.d.r.config.RepositoryConfigurationDelegate - Finished Spring Data repository scanning in 78ms. Found 0 repository interfaces.
2019-02-17 15:04:52.609 [main] INFO  o.s.c.s.PostProcessorRegistrationDelegate$BeanPostProcessorChecker - Bean 'org.springframework.transaction.annotation.ProxyTransactionManagementConfiguration' of type [org.springframework.transaction.annotation.ProxyTransactionManagementConfiguration$$EnhancerBySpringCGLIB$$2df72b02] is not eligible for getting processed by all BeanPostProcessors (for example: not eligible for auto-proxying)
2019-02-17 15:04:56.837 [main] INFO  com.calligraphy.CalligraphyAppApplicationTests - Started CalligraphyAppApplicationTests in 6.996 seconds (JVM running for 9.001)
2019-02-17 15:17:51.337 [main] INFO  com.calligraphy.CalligraphyAppApplication - Starting CalligraphyAppApplication on DESKTOP-TBI9BAK with PID 2740 (C:\Users\peng\eclipse-workspace\calligraphyApp\target\classes started by peng in C:\Users\peng\eclipse-workspace\calligraphyApp)
2019-02-17 15:17:51.342 [main] INFO  com.calligraphy.CalligraphyAppApplication - The following profiles are active: dev
2019-02-17 15:17:52.341 [main] INFO  o.s.d.r.config.RepositoryConfigurationDelegate - Multiple Spring Data modules found, entering strict repository configuration mode!
2019-02-17 15:17:52.347 [main] INFO  o.s.d.r.config.RepositoryConfigurationDelegate - Bootstrapping Spring Data repositories in DEFAULT mode.
2019-02-17 15:17:52.440 [main] INFO  o.s.d.r.config.RepositoryConfigurationDelegate - Finished Spring Data repository scanning in 58ms. Found 0 repository interfaces.
2019-02-17 15:17:52.869 [main] INFO  o.s.c.s.PostProcessorRegistrationDelegate$BeanPostProcessorChecker - Bean 'org.springframework.transaction.annotation.ProxyTransactionManagementConfiguration' of type [org.springframework.transaction.annotation.ProxyTransactionManagementConfiguration$$EnhancerBySpringCGLIB$$dbcf3c91] is not eligible for getting processed by all BeanPostProcessors (for example: not eligible for auto-proxying)
2019-02-17 15:17:53.486 [main] INFO  o.s.boot.web.embedded.tomcat.TomcatWebServer - Tomcat initialized with port(s): 10129 (http)
2019-02-17 15:17:53.518 [main] INFO  org.apache.coyote.http11.Http11NioProtocol - Initializing ProtocolHandler ["http-nio-10129"]
2019-02-17 15:17:53.535 [main] INFO  org.apache.catalina.core.StandardService - Starting service [Tomcat]
2019-02-17 15:17:53.536 [main] INFO  org.apache.catalina.core.StandardEngine - Starting Servlet Engine: Apache Tomcat/9.0.13
2019-02-17 15:17:53.547 [main] INFO  org.apache.catalina.core.AprLifecycleListener - The APR based Apache Tomcat Native library which allows optimal performance in production environments was not found on the java.library.path: [C:\Program Files\Java\jdk1.8.0_151\bin;C:\WINDOWS\Sun\Java\bin;C:\WINDOWS\system32;C:\WINDOWS;C:\Program Files\Java\jdk1.8.0_151\bin;C:\Users\peng\apache-maven-3.5.2\bin;C:\ProgramData\Oracle\Java\javapath;C:\Program Files (x86)\Intel\iCLS Client\;C:\Program Files\Intel\iCLS Client\;C:\windows\system32;C:\windows;C:\windows\System32\Wbem;C:\windows\System32\WindowsPowerShell\v1.0\;C:\Program Files (x86)\NVIDIA Corporation\PhysX\Common;C:\Program Files (x86)\Intel\Intel(R) Management Engine Components\DAL;C:\Program Files\Intel\Intel(R) Management Engine Components\DAL;C:\Program Files (x86)\Intel\Intel(R) Management Engine Components\IPT;C:\Program Files\Intel\Intel(R) Management Engine Components\IPT;C:\WINDOWS\system32;C:\WINDOWS;C:\WINDOWS\System32\Wbem;C:\WINDOWS\System32\WindowsPowerShell\v1.0\;C:\Program Files\TortoiseSVN\bin;C:\Users\peng\spring-boot-cli-2.0.0.RELEASE-bin\spring-2.0.0.RELEASE\bin;C:\Users\peng\hadoop-2.7.5\bin;hadoop;C:\Users\peng\gradle-4.7\bin;C:\Users\peng\AppData\Local\Programs\Python\Python37-32;C:\Users\peng\AppData\Local\Programs\Python\Python37-32\Scripts;C:\WINDOWS\System32\OpenSSH\;C:\Program Files\Intel\WiFi\bin\;C:\Program Files\Common Files\Intel\WirelessCommon\;C:\Users\peng\spark-2.4.0-bin-hadoop2.7\bin;C:\Users\peng\spark-2.4.0-bin-hadoop2.7\sbin;C:\Users\peng\AppData\Local\Programs\Git\cmd;C:\Program Files\TortoiseGit\bin;C:\Users\peng\AppData\Local\Microsoft\WindowsApps;;C:\Program Files\Microsoft VS Code\bin;.]
2019-02-17 15:17:53.727 [main] INFO  o.a.c.core.ContainerBase.[Tomcat].[localhost].[/] - Initializing Spring embedded WebApplicationContext
2019-02-17 15:17:53.730 [main] INFO  org.springframework.web.context.ContextLoader - Root WebApplicationContext: initialization completed in 2321 ms
2019-02-17 15:17:55.731 [main] INFO  org.apache.coyote.http11.Http11NioProtocol - Starting ProtocolHandler ["http-nio-10129"]
2019-02-17 15:17:55.744 [main] INFO  org.apache.tomcat.util.net.NioSelectorPool - Using a shared selector for servlet write/read
2019-02-17 15:17:55.770 [main] INFO  o.s.boot.web.embedded.tomcat.TomcatWebServer - Tomcat started on port(s): 10129 (http) with context path ''
2019-02-17 15:17:55.775 [main] INFO  com.calligraphy.CalligraphyAppApplication - Started CalligraphyAppApplication in 5.06 seconds (JVM running for 6.883)
2019-02-17 15:17:59.972 [http-nio-10129-exec-1] INFO  org.apache.tomcat.util.http.parser.Cookie - A cookie header was received [1520497047] that contained an invalid cookie. That cookie will be ignored.Note: further occurrences of this error will be logged at DEBUG level.
2019-02-17 15:17:59.982 [http-nio-10129-exec-1] INFO  o.a.c.core.ContainerBase.[Tomcat].[localhost].[/] - Initializing Spring DispatcherServlet 'dispatcherServlet'
2019-02-17 15:17:59.983 [http-nio-10129-exec-1] INFO  org.springframework.web.servlet.DispatcherServlet - Initializing Servlet 'dispatcherServlet'
2019-02-17 15:17:59.998 [http-nio-10129-exec-1] INFO  org.springframework.web.servlet.DispatcherServlet - Completed initialization in 14 ms
2019-02-17 15:18:00.207 [http-nio-10129-exec-1] INFO  com.alibaba.druid.pool.DruidDataSource - {dataSource-1} inited
2019-02-17 15:18:00.365 [http-nio-10129-exec-1] DEBUG com.calligraphy.dao.UserMapper.findUser - ==>  Preparing: SELECT id,status FROM app_user where username=? and code = ? 
2019-02-17 15:18:00.404 [http-nio-10129-exec-1] DEBUG com.calligraphy.dao.UserMapper.findUser - ==> Parameters: admin2(String), MTM1NDUwNzAzODk=(String)
2019-02-17 15:18:00.439 [http-nio-10129-exec-1] DEBUG com.calligraphy.dao.UserMapper.findUser - <==      Total: 1
2019-02-17 15:18:00.455 [http-nio-10129-exec-1] ERROR o.a.c.c.C.[.[localhost].[/].[dispatcherServlet] - Servlet.service() for servlet [dispatcherServlet] in context with path [] threw exception [Request processing failed; nested exception is java.lang.NullPointerException] with root cause
java.lang.NullPointerException: null
	at com.calligraphy.controller.UserController.active(UserController.java:36)
	at sun.reflect.NativeMethodAccessorImpl.invoke0(Native Method)
	at sun.reflect.NativeMethodAccessorImpl.invoke(NativeMethodAccessorImpl.java:62)
	at sun.reflect.DelegatingMethodAccessorImpl.invoke(DelegatingMethodAccessorImpl.java:43)
	at java.lang.reflect.Method.invoke(Method.java:498)
	at org.springframework.web.method.support.InvocableHandlerMethod.doInvoke(InvocableHandlerMethod.java:189)
	at org.springframework.web.method.support.InvocableHandlerMethod.invokeForRequest(InvocableHandlerMethod.java:138)
	at org.springframework.web.servlet.mvc.method.annotation.ServletInvocableHandlerMethod.invokeAndHandle(ServletInvocableHandlerMethod.java:102)
	at org.springframework.web.servlet.mvc.method.annotation.RequestMappingHandlerAdapter.invokeHandlerMethod(RequestMappingHandlerAdapter.java:895)
	at org.springframework.web.servlet.mvc.method.annotation.RequestMappingHandlerAdapter.handleInternal(RequestMappingHandlerAdapter.java:800)
	at org.springframework.web.servlet.mvc.method.AbstractHandlerMethodAdapter.handle(AbstractHandlerMethodAdapter.java:87)
	at org.springframework.web.servlet.DispatcherServlet.doDispatch(DispatcherServlet.java:1038)
	at org.springframework.web.servlet.DispatcherServlet.doService(DispatcherServlet.java:942)
	at org.springframework.web.servlet.FrameworkServlet.processRequest(FrameworkServlet.java:1005)
	at org.springframework.web.servlet.FrameworkServlet.doPost(FrameworkServlet.java:908)
	at javax.servlet.http.HttpServlet.service(HttpServlet.java:660)
	at org.springframework.web.servlet.FrameworkServlet.service(FrameworkServlet.java:882)
	at javax.servlet.http.HttpServlet.service(HttpServlet.java:741)
	at org.apache.catalina.core.ApplicationFilterChain.internalDoFilter(ApplicationFilterChain.java:231)
	at org.apache.catalina.core.ApplicationFilterChain.doFilter(ApplicationFilterChain.java:166)
	at org.apache.tomcat.websocket.server.WsFilter.doFilter(WsFilter.java:53)
	at org.apache.catalina.core.ApplicationFilterChain.internalDoFilter(ApplicationFilterChain.java:193)
	at org.apache.catalina.core.ApplicationFilterChain.doFilter(ApplicationFilterChain.java:166)
	at org.springframework.web.filter.CharacterEncodingFilter.doFilterInternal(CharacterEncodingFilter.java:200)
	at org.springframework.web.filter.OncePerRequestFilter.doFilter(OncePerRequestFilter.java:107)
	at org.apache.catalina.core.ApplicationFilterChain.internalDoFilter(ApplicationFilterChain.java:193)
	at org.apache.catalina.core.ApplicationFilterChain.doFilter(ApplicationFilterChain.java:166)
	at org.apache.catalina.core.StandardWrapperValve.invoke(StandardWrapperValve.java:199)
	at org.apache.catalina.core.StandardContextValve.invoke(StandardContextValve.java:96)
	at org.apache.catalina.authenticator.AuthenticatorBase.invoke(AuthenticatorBase.java:490)
	at org.apache.catalina.core.StandardHostValve.invoke(StandardHostValve.java:139)
	at org.apache.catalina.valves.ErrorReportValve.invoke(ErrorReportValve.java:92)
	at org.apache.catalina.core.StandardEngineValve.invoke(StandardEngineValve.java:74)
	at org.apache.catalina.connector.CoyoteAdapter.service(CoyoteAdapter.java:343)
	at org.apache.coyote.http11.Http11Processor.service(Http11Processor.java:408)
	at org.apache.coyote.AbstractProcessorLight.process(AbstractProcessorLight.java:66)
	at org.apache.coyote.AbstractProtocol$ConnectionHandler.process(AbstractProtocol.java:791)
	at org.apache.tomcat.util.net.NioEndpoint$SocketProcessor.doRun(NioEndpoint.java:1417)
	at org.apache.tomcat.util.net.SocketProcessorBase.run(SocketProcessorBase.java:49)
	at java.util.concurrent.ThreadPoolExecutor.runWorker(ThreadPoolExecutor.java:1149)
	at java.util.concurrent.ThreadPoolExecutor$Worker.run(ThreadPoolExecutor.java:624)
	at org.apache.tomcat.util.threads.TaskThread$WrappingRunnable.run(TaskThread.java:61)
	at java.lang.Thread.run(Thread.java:748)
2019-02-17 15:19:03.373 [main] INFO  com.calligraphy.CalligraphyAppApplication - Starting CalligraphyAppApplication on DESKTOP-TBI9BAK with PID 11164 (C:\Users\peng\eclipse-workspace\calligraphyApp\target\classes started by peng in C:\Users\peng\eclipse-workspace\calligraphyApp)
2019-02-17 15:19:03.379 [main] INFO  com.calligraphy.CalligraphyAppApplication - The following profiles are active: dev
2019-02-17 15:19:45.948 [main] INFO  com.calligraphy.CalligraphyAppApplication - Starting CalligraphyAppApplication on DESKTOP-TBI9BAK with PID 7148 (C:\Users\peng\eclipse-workspace\calligraphyApp\target\classes started by peng in C:\Users\peng\eclipse-workspace\calligraphyApp)
2019-02-17 15:19:45.953 [main] INFO  com.calligraphy.CalligraphyAppApplication - The following profiles are active: dev
2019-02-17 15:19:46.939 [main] INFO  o.s.d.r.config.RepositoryConfigurationDelegate - Multiple Spring Data modules found, entering strict repository configuration mode!
2019-02-17 15:19:46.942 [main] INFO  o.s.d.r.config.RepositoryConfigurationDelegate - Bootstrapping Spring Data repositories in DEFAULT mode.
2019-02-17 15:19:47.009 [main] INFO  o.s.d.r.config.RepositoryConfigurationDelegate - Finished Spring Data repository scanning in 53ms. Found 0 repository interfaces.
2019-02-17 15:19:47.368 [main] INFO  o.s.c.s.PostProcessorRegistrationDelegate$BeanPostProcessorChecker - Bean 'org.springframework.transaction.annotation.ProxyTransactionManagementConfiguration' of type [org.springframework.transaction.annotation.ProxyTransactionManagementConfiguration$$EnhancerBySpringCGLIB$$cfead7e3] is not eligible for getting processed by all BeanPostProcessors (for example: not eligible for auto-proxying)
2019-02-17 15:19:47.769 [main] INFO  o.s.boot.web.embedded.tomcat.TomcatWebServer - Tomcat initialized with port(s): 10129 (http)
2019-02-17 15:19:47.785 [main] INFO  org.apache.coyote.http11.Http11NioProtocol - Initializing ProtocolHandler ["http-nio-10129"]
2019-02-17 15:19:47.798 [main] INFO  org.apache.catalina.core.StandardService - Starting service [Tomcat]
2019-02-17 15:19:47.798 [main] INFO  org.apache.catalina.core.StandardEngine - Starting Servlet Engine: Apache Tomcat/9.0.13
2019-02-17 15:19:47.808 [main] INFO  org.apache.catalina.core.AprLifecycleListener - The APR based Apache Tomcat Native library which allows optimal performance in production environments was not found on the java.library.path: [C:\Program Files\Java\jdk1.8.0_151\bin;C:\WINDOWS\Sun\Java\bin;C:\WINDOWS\system32;C:\WINDOWS;C:\Program Files\Java\jdk1.8.0_151\bin;C:\Users\peng\apache-maven-3.5.2\bin;C:\ProgramData\Oracle\Java\javapath;C:\Program Files (x86)\Intel\iCLS Client\;C:\Program Files\Intel\iCLS Client\;C:\windows\system32;C:\windows;C:\windows\System32\Wbem;C:\windows\System32\WindowsPowerShell\v1.0\;C:\Program Files (x86)\NVIDIA Corporation\PhysX\Common;C:\Program Files (x86)\Intel\Intel(R) Management Engine Components\DAL;C:\Program Files\Intel\Intel(R) Management Engine Components\DAL;C:\Program Files (x86)\Intel\Intel(R) Management Engine Components\IPT;C:\Program Files\Intel\Intel(R) Management Engine Components\IPT;C:\WINDOWS\system32;C:\WINDOWS;C:\WINDOWS\System32\Wbem;C:\WINDOWS\System32\WindowsPowerShell\v1.0\;C:\Program Files\TortoiseSVN\bin;C:\Users\peng\spring-boot-cli-2.0.0.RELEASE-bin\spring-2.0.0.RELEASE\bin;C:\Users\peng\hadoop-2.7.5\bin;hadoop;C:\Users\peng\gradle-4.7\bin;C:\Users\peng\AppData\Local\Programs\Python\Python37-32;C:\Users\peng\AppData\Local\Programs\Python\Python37-32\Scripts;C:\WINDOWS\System32\OpenSSH\;C:\Program Files\Intel\WiFi\bin\;C:\Program Files\Common Files\Intel\WirelessCommon\;C:\Users\peng\spark-2.4.0-bin-hadoop2.7\bin;C:\Users\peng\spark-2.4.0-bin-hadoop2.7\sbin;C:\Users\peng\AppData\Local\Programs\Git\cmd;C:\Program Files\TortoiseGit\bin;C:\Users\peng\AppData\Local\Microsoft\WindowsApps;;C:\Program Files\Microsoft VS Code\bin;.]
2019-02-17 15:19:47.950 [main] INFO  o.a.c.core.ContainerBase.[Tomcat].[localhost].[/] - Initializing Spring embedded WebApplicationContext
2019-02-17 15:19:47.952 [main] INFO  org.springframework.web.context.ContextLoader - Root WebApplicationContext: initialization completed in 1930 ms
2019-02-17 15:19:49.377 [main] INFO  org.apache.coyote.http11.Http11NioProtocol - Starting ProtocolHandler ["http-nio-10129"]
2019-02-17 15:19:49.389 [main] INFO  org.apache.tomcat.util.net.NioSelectorPool - Using a shared selector for servlet write/read
2019-02-17 15:19:49.410 [main] INFO  o.s.boot.web.embedded.tomcat.TomcatWebServer - Tomcat started on port(s): 10129 (http) with context path ''
2019-02-17 15:19:49.417 [main] INFO  com.calligraphy.CalligraphyAppApplication - Started CalligraphyAppApplication in 4.038 seconds (JVM running for 5.918)
2019-02-17 15:19:54.971 [http-nio-10129-exec-1] INFO  org.apache.tomcat.util.http.parser.Cookie - A cookie header was received [1520497047] that contained an invalid cookie. That cookie will be ignored.Note: further occurrences of this error will be logged at DEBUG level.
2019-02-17 15:19:54.981 [http-nio-10129-exec-1] INFO  o.a.c.core.ContainerBase.[Tomcat].[localhost].[/] - Initializing Spring DispatcherServlet 'dispatcherServlet'
2019-02-17 15:19:54.983 [http-nio-10129-exec-1] INFO  org.springframework.web.servlet.DispatcherServlet - Initializing Servlet 'dispatcherServlet'
2019-02-17 15:19:54.993 [http-nio-10129-exec-1] INFO  org.springframework.web.servlet.DispatcherServlet - Completed initialization in 10 ms
2019-02-17 15:19:55.138 [http-nio-10129-exec-1] INFO  com.alibaba.druid.pool.DruidDataSource - {dataSource-1} inited
2019-02-17 15:19:55.268 [http-nio-10129-exec-1] DEBUG com.calligraphy.dao.UserMapper.findUser - ==>  Preparing: SELECT id,status FROM app_user where username=? and code = ? 
2019-02-17 15:19:55.295 [http-nio-10129-exec-1] DEBUG com.calligraphy.dao.UserMapper.findUser - ==> Parameters: admin2(String), MTM1NDUwNzAzODk=(String)
2019-02-17 15:19:55.322 [http-nio-10129-exec-1] DEBUG com.calligraphy.dao.UserMapper.findUser - <==      Total: 1
2019-02-17 15:19:55.327 [http-nio-10129-exec-1] DEBUG com.calligraphy.dao.UserMapper.active - ==>  Preparing: update app_user SET hasActived =1 where id= ? 
2019-02-17 15:19:55.327 [http-nio-10129-exec-1] DEBUG com.calligraphy.dao.UserMapper.active - ==> Parameters: 22b8554af886449a94eaa5cb34558b53(String)
2019-02-17 15:19:55.331 [http-nio-10129-exec-1] DEBUG com.calligraphy.dao.UserMapper.active - <==    Updates: 1
2019-02-17 15:20:00.303 [http-nio-10129-exec-2] DEBUG com.calligraphy.dao.UserMapper.findUser - ==>  Preparing: SELECT id,status FROM app_user where username=? and code = ? 
2019-02-17 15:20:00.304 [http-nio-10129-exec-2] DEBUG com.calligraphy.dao.UserMapper.findUser - ==> Parameters: admin2(String), MTM1NDUwNzAzODk=(String)
2019-02-17 15:20:00.307 [http-nio-10129-exec-2] DEBUG com.calligraphy.dao.UserMapper.findUser - <==      Total: 1
2019-02-17 15:20:00.307 [http-nio-10129-exec-2] DEBUG com.calligraphy.dao.UserMapper.active - ==>  Preparing: update app_user SET hasActived =1 where id= ? 
2019-02-17 15:20:00.308 [http-nio-10129-exec-2] DEBUG com.calligraphy.dao.UserMapper.active - ==> Parameters: 22b8554af886449a94eaa5cb34558b53(String)
2019-02-17 15:20:00.311 [http-nio-10129-exec-2] DEBUG com.calligraphy.dao.UserMapper.active - <==    Updates: 1
2019-02-17 15:20:01.789 [http-nio-10129-exec-3] DEBUG com.calligraphy.dao.UserMapper.findUser - ==>  Preparing: SELECT id,status FROM app_user where username=? and code = ? 
2019-02-17 15:20:01.791 [http-nio-10129-exec-3] DEBUG com.calligraphy.dao.UserMapper.findUser - ==> Parameters: admin2(String), MTM1NDUwNzAzODk=(String)
2019-02-17 15:20:01.793 [http-nio-10129-exec-3] DEBUG com.calligraphy.dao.UserMapper.findUser - <==      Total: 1
2019-02-17 15:20:01.794 [http-nio-10129-exec-3] DEBUG com.calligraphy.dao.UserMapper.active - ==>  Preparing: update app_user SET hasActived =1 where id= ? 
2019-02-17 15:20:01.794 [http-nio-10129-exec-3] DEBUG com.calligraphy.dao.UserMapper.active - ==> Parameters: 22b8554af886449a94eaa5cb34558b53(String)
2019-02-17 15:20:01.799 [http-nio-10129-exec-3] DEBUG com.calligraphy.dao.UserMapper.active - <==    Updates: 1
2019-02-17 15:21:15.993 [main] INFO  com.calligraphy.CalligraphyAppApplication - Starting CalligraphyAppApplication on DESKTOP-TBI9BAK with PID 12196 (C:\Users\peng\eclipse-workspace\calligraphyApp\target\classes started by peng in C:\Users\peng\eclipse-workspace\calligraphyApp)
2019-02-17 15:21:15.997 [main] INFO  com.calligraphy.CalligraphyAppApplication - The following profiles are active: dev
2019-02-17 15:21:16.994 [main] INFO  o.s.d.r.config.RepositoryConfigurationDelegate - Multiple Spring Data modules found, entering strict repository configuration mode!
2019-02-17 15:21:16.997 [main] INFO  o.s.d.r.config.RepositoryConfigurationDelegate - Bootstrapping Spring Data repositories in DEFAULT mode.
2019-02-17 15:21:17.067 [main] INFO  o.s.d.r.config.RepositoryConfigurationDelegate - Finished Spring Data repository scanning in 53ms. Found 0 repository interfaces.
2019-02-17 15:21:17.417 [main] INFO  o.s.c.s.PostProcessorRegistrationDelegate$BeanPostProcessorChecker - Bean 'org.springframework.transaction.annotation.ProxyTransactionManagementConfiguration' of type [org.springframework.transaction.annotation.ProxyTransactionManagementConfiguration$$EnhancerBySpringCGLIB$$f3dec6c5] is not eligible for getting processed by all BeanPostProcessors (for example: not eligible for auto-proxying)
2019-02-17 15:21:17.797 [main] INFO  o.s.boot.web.embedded.tomcat.TomcatWebServer - Tomcat initialized with port(s): 10129 (http)
2019-02-17 15:21:17.812 [main] INFO  org.apache.coyote.http11.Http11NioProtocol - Initializing ProtocolHandler ["http-nio-10129"]
2019-02-17 15:21:17.823 [main] INFO  org.apache.catalina.core.StandardService - Starting service [Tomcat]
2019-02-17 15:21:17.824 [main] INFO  org.apache.catalina.core.StandardEngine - Starting Servlet Engine: Apache Tomcat/9.0.13
2019-02-17 15:21:17.831 [main] INFO  org.apache.catalina.core.AprLifecycleListener - The APR based Apache Tomcat Native library which allows optimal performance in production environments was not found on the java.library.path: [C:\Program Files\Java\jdk1.8.0_151\bin;C:\WINDOWS\Sun\Java\bin;C:\WINDOWS\system32;C:\WINDOWS;C:\Program Files\Java\jdk1.8.0_151\bin;C:\Users\peng\apache-maven-3.5.2\bin;C:\ProgramData\Oracle\Java\javapath;C:\Program Files (x86)\Intel\iCLS Client\;C:\Program Files\Intel\iCLS Client\;C:\windows\system32;C:\windows;C:\windows\System32\Wbem;C:\windows\System32\WindowsPowerShell\v1.0\;C:\Program Files (x86)\NVIDIA Corporation\PhysX\Common;C:\Program Files (x86)\Intel\Intel(R) Management Engine Components\DAL;C:\Program Files\Intel\Intel(R) Management Engine Components\DAL;C:\Program Files (x86)\Intel\Intel(R) Management Engine Components\IPT;C:\Program Files\Intel\Intel(R) Management Engine Components\IPT;C:\WINDOWS\system32;C:\WINDOWS;C:\WINDOWS\System32\Wbem;C:\WINDOWS\System32\WindowsPowerShell\v1.0\;C:\Program Files\TortoiseSVN\bin;C:\Users\peng\spring-boot-cli-2.0.0.RELEASE-bin\spring-2.0.0.RELEASE\bin;C:\Users\peng\hadoop-2.7.5\bin;hadoop;C:\Users\peng\gradle-4.7\bin;C:\Users\peng\AppData\Local\Programs\Python\Python37-32;C:\Users\peng\AppData\Local\Programs\Python\Python37-32\Scripts;C:\WINDOWS\System32\OpenSSH\;C:\Program Files\Intel\WiFi\bin\;C:\Program Files\Common Files\Intel\WirelessCommon\;C:\Users\peng\spark-2.4.0-bin-hadoop2.7\bin;C:\Users\peng\spark-2.4.0-bin-hadoop2.7\sbin;C:\Users\peng\AppData\Local\Programs\Git\cmd;C:\Program Files\TortoiseGit\bin;C:\Users\peng\AppData\Local\Microsoft\WindowsApps;;C:\Program Files\Microsoft VS Code\bin;.]
2019-02-17 15:21:17.984 [main] INFO  o.a.c.core.ContainerBase.[Tomcat].[localhost].[/] - Initializing Spring embedded WebApplicationContext
2019-02-17 15:21:17.985 [main] INFO  org.springframework.web.context.ContextLoader - Root WebApplicationContext: initialization completed in 1905 ms
2019-02-17 15:21:19.431 [main] INFO  org.apache.coyote.http11.Http11NioProtocol - Starting ProtocolHandler ["http-nio-10129"]
2019-02-17 15:21:19.444 [main] INFO  org.apache.tomcat.util.net.NioSelectorPool - Using a shared selector for servlet write/read
2019-02-17 15:21:19.465 [main] INFO  o.s.boot.web.embedded.tomcat.TomcatWebServer - Tomcat started on port(s): 10129 (http) with context path ''
2019-02-17 15:21:19.470 [main] INFO  com.calligraphy.CalligraphyAppApplication - Started CalligraphyAppApplication in 4.038 seconds (JVM running for 5.639)
2019-02-17 15:21:24.129 [http-nio-10129-exec-1] INFO  org.apache.tomcat.util.http.parser.Cookie - A cookie header was received [1520497047] that contained an invalid cookie. That cookie will be ignored.Note: further occurrences of this error will be logged at DEBUG level.
2019-02-17 15:21:24.138 [http-nio-10129-exec-1] INFO  o.a.c.core.ContainerBase.[Tomcat].[localhost].[/] - Initializing Spring DispatcherServlet 'dispatcherServlet'
2019-02-17 15:21:24.140 [http-nio-10129-exec-1] INFO  org.springframework.web.servlet.DispatcherServlet - Initializing Servlet 'dispatcherServlet'
2019-02-17 15:21:24.149 [http-nio-10129-exec-1] INFO  org.springframework.web.servlet.DispatcherServlet - Completed initialization in 9 ms
2019-02-17 15:21:24.282 [http-nio-10129-exec-1] INFO  com.alibaba.druid.pool.DruidDataSource - {dataSource-1} inited
2019-02-17 15:21:24.397 [http-nio-10129-exec-1] DEBUG com.calligraphy.dao.UserMapper.findUser - ==>  Preparing: SELECT id,hasActived FROM app_user where username=? and code = ? 
2019-02-17 15:21:24.424 [http-nio-10129-exec-1] DEBUG com.calligraphy.dao.UserMapper.findUser - ==> Parameters: admin2(String), MTM1NDUwNzAzODk=(String)
2019-02-17 15:21:24.452 [http-nio-10129-exec-1] DEBUG com.calligraphy.dao.UserMapper.findUser - <==      Total: 1
2019-02-17 15:22:47.540 [main] INFO  o.s.b.t.context.SpringBootTestContextBootstrapper - Neither @ContextConfiguration nor @ContextHierarchy found for test class [com.calligraphy.CalligraphyAppApplicationTests], using SpringBootContextLoader
2019-02-17 15:22:47.555 [main] INFO  o.s.test.context.support.AbstractContextLoader - Could not detect default resource locations for test class [com.calligraphy.CalligraphyAppApplicationTests]: no resource found for suffixes {-context.xml, Context.groovy}.
2019-02-17 15:22:47.557 [main] INFO  o.s.t.c.support.AnnotationConfigContextLoaderUtils - Could not detect default configuration classes for test class [com.calligraphy.CalligraphyAppApplicationTests]: CalligraphyAppApplicationTests does not declare any static, non-private, non-final, nested classes annotated with @Configuration.
2019-02-17 15:22:47.772 [main] INFO  o.s.b.t.context.SpringBootTestContextBootstrapper - Found @SpringBootConfiguration com.calligraphy.CalligraphyAppApplication for test class com.calligraphy.CalligraphyAppApplicationTests
2019-02-17 15:22:47.948 [main] INFO  o.s.b.t.context.SpringBootTestContextBootstrapper - Loaded default TestExecutionListener class names from location [META-INF/spring.factories]: [org.springframework.boot.test.mock.mockito.MockitoTestExecutionListener, org.springframework.boot.test.mock.mockito.ResetMocksTestExecutionListener, org.springframework.boot.test.autoconfigure.restdocs.RestDocsTestExecutionListener, org.springframework.boot.test.autoconfigure.web.client.MockRestServiceServerResetTestExecutionListener, org.springframework.boot.test.autoconfigure.web.servlet.MockMvcPrintOnlyOnFailureTestExecutionListener, org.springframework.boot.test.autoconfigure.web.servlet.WebDriverTestExecutionListener, org.springframework.test.context.web.ServletTestExecutionListener, org.springframework.test.context.support.DirtiesContextBeforeModesTestExecutionListener, org.springframework.test.context.support.DependencyInjectionTestExecutionListener, org.springframework.test.context.support.DirtiesContextTestExecutionListener, org.springframework.test.context.transaction.TransactionalTestExecutionListener, org.springframework.test.context.jdbc.SqlScriptsTestExecutionListener]
2019-02-17 15:22:47.981 [main] INFO  o.s.b.t.context.SpringBootTestContextBootstrapper - Using TestExecutionListeners: [org.springframework.test.context.web.ServletTestExecutionListener@28f3b248, org.springframework.test.context.support.DirtiesContextBeforeModesTestExecutionListener@1b1426f4, org.springframework.boot.test.mock.mockito.MockitoTestExecutionListener@32b260fa, org.springframework.boot.test.autoconfigure.SpringBootDependencyInjectionTestExecutionListener@581ac8a8, org.springframework.test.context.support.DirtiesContextTestExecutionListener@6d4e5011, org.springframework.test.context.transaction.TransactionalTestExecutionListener@57d7f8ca, org.springframework.test.context.jdbc.SqlScriptsTestExecutionListener@76c3e77a, org.springframework.boot.test.mock.mockito.ResetMocksTestExecutionListener@78123e82, org.springframework.boot.test.autoconfigure.restdocs.RestDocsTestExecutionListener@67c33749, org.springframework.boot.test.autoconfigure.web.client.MockRestServiceServerResetTestExecutionListener@fba92d3, org.springframework.boot.test.autoconfigure.web.servlet.MockMvcPrintOnlyOnFailureTestExecutionListener@662b4c69, org.springframework.boot.test.autoconfigure.web.servlet.WebDriverTestExecutionListener@fa49800]
2019-02-17 15:22:48.612 [main] INFO  com.calligraphy.CalligraphyAppApplicationTests - Starting CalligraphyAppApplicationTests on DESKTOP-TBI9BAK with PID 4912 (started by peng in C:\Users\peng\eclipse-workspace\calligraphyApp)
2019-02-17 15:22:48.612 [main] INFO  com.calligraphy.CalligraphyAppApplicationTests - The following profiles are active: dev
2019-02-17 15:22:50.144 [main] INFO  o.s.d.r.config.RepositoryConfigurationDelegate - Multiple Spring Data modules found, entering strict repository configuration mode!
2019-02-17 15:22:50.149 [main] INFO  o.s.d.r.config.RepositoryConfigurationDelegate - Bootstrapping Spring Data repositories in DEFAULT mode.
2019-02-17 15:22:50.262 [main] INFO  o.s.d.r.config.RepositoryConfigurationDelegate - Finished Spring Data repository scanning in 86ms. Found 0 repository interfaces.
2019-02-17 15:22:50.994 [main] INFO  o.s.c.s.PostProcessorRegistrationDelegate$BeanPostProcessorChecker - Bean 'org.springframework.transaction.annotation.ProxyTransactionManagementConfiguration' of type [org.springframework.transaction.annotation.ProxyTransactionManagementConfiguration$$EnhancerBySpringCGLIB$$e1dec604] is not eligible for getting processed by all BeanPostProcessors (for example: not eligible for auto-proxying)
2019-02-17 15:22:54.868 [main] INFO  com.calligraphy.CalligraphyAppApplicationTests - Started CalligraphyAppApplicationTests in 6.807 seconds (JVM running for 8.418)
2019-02-17 15:56:08.729 [main] INFO  o.s.b.t.context.SpringBootTestContextBootstrapper - Neither @ContextConfiguration nor @ContextHierarchy found for test class [com.calligraphy.CalligraphyAppApplicationTests], using SpringBootContextLoader
2019-02-17 15:56:08.744 [main] INFO  o.s.test.context.support.AbstractContextLoader - Could not detect default resource locations for test class [com.calligraphy.CalligraphyAppApplicationTests]: no resource found for suffixes {-context.xml, Context.groovy}.
2019-02-17 15:56:08.746 [main] INFO  o.s.t.c.support.AnnotationConfigContextLoaderUtils - Could not detect default configuration classes for test class [com.calligraphy.CalligraphyAppApplicationTests]: CalligraphyAppApplicationTests does not declare any static, non-private, non-final, nested classes annotated with @Configuration.
2019-02-17 15:56:08.992 [main] INFO  o.s.b.t.context.SpringBootTestContextBootstrapper - Found @SpringBootConfiguration com.calligraphy.CalligraphyAppApplication for test class com.calligraphy.CalligraphyAppApplicationTests
2019-02-17 15:56:09.193 [main] INFO  o.s.b.t.context.SpringBootTestContextBootstrapper - Loaded default TestExecutionListener class names from location [META-INF/spring.factories]: [org.springframework.boot.test.mock.mockito.MockitoTestExecutionListener, org.springframework.boot.test.mock.mockito.ResetMocksTestExecutionListener, org.springframework.boot.test.autoconfigure.restdocs.RestDocsTestExecutionListener, org.springframework.boot.test.autoconfigure.web.client.MockRestServiceServerResetTestExecutionListener, org.springframework.boot.test.autoconfigure.web.servlet.MockMvcPrintOnlyOnFailureTestExecutionListener, org.springframework.boot.test.autoconfigure.web.servlet.WebDriverTestExecutionListener, org.springframework.test.context.web.ServletTestExecutionListener, org.springframework.test.context.support.DirtiesContextBeforeModesTestExecutionListener, org.springframework.test.context.support.DependencyInjectionTestExecutionListener, org.springframework.test.context.support.DirtiesContextTestExecutionListener, org.springframework.test.context.transaction.TransactionalTestExecutionListener, org.springframework.test.context.jdbc.SqlScriptsTestExecutionListener]
2019-02-17 15:56:09.231 [main] INFO  o.s.b.t.context.SpringBootTestContextBootstrapper - Using TestExecutionListeners: [org.springframework.test.context.web.ServletTestExecutionListener@1b1426f4, org.springframework.test.context.support.DirtiesContextBeforeModesTestExecutionListener@32b260fa, org.springframework.boot.test.mock.mockito.MockitoTestExecutionListener@581ac8a8, org.springframework.boot.test.autoconfigure.SpringBootDependencyInjectionTestExecutionListener@6d4e5011, org.springframework.test.context.support.DirtiesContextTestExecutionListener@57d7f8ca, org.springframework.test.context.transaction.TransactionalTestExecutionListener@76c3e77a, org.springframework.test.context.jdbc.SqlScriptsTestExecutionListener@78123e82, org.springframework.boot.test.mock.mockito.ResetMocksTestExecutionListener@67c33749, org.springframework.boot.test.autoconfigure.restdocs.RestDocsTestExecutionListener@fba92d3, org.springframework.boot.test.autoconfigure.web.client.MockRestServiceServerResetTestExecutionListener@662b4c69, org.springframework.boot.test.autoconfigure.web.servlet.MockMvcPrintOnlyOnFailureTestExecutionListener@fa49800, org.springframework.boot.test.autoconfigure.web.servlet.WebDriverTestExecutionListener@71238fc2]
2019-02-17 15:56:09.972 [main] INFO  com.calligraphy.CalligraphyAppApplicationTests - Starting CalligraphyAppApplicationTests on DESKTOP-TBI9BAK with PID 6728 (started by peng in C:\Users\peng\eclipse-workspace\calligraphyApp)
2019-02-17 15:56:09.972 [main] INFO  com.calligraphy.CalligraphyAppApplicationTests - The following profiles are active: dev
2019-02-17 15:56:11.699 [main] INFO  o.s.d.r.config.RepositoryConfigurationDelegate - Multiple Spring Data modules found, entering strict repository configuration mode!
2019-02-17 15:56:11.707 [main] INFO  o.s.d.r.config.RepositoryConfigurationDelegate - Bootstrapping Spring Data repositories in DEFAULT mode.
2019-02-17 15:56:11.843 [main] INFO  o.s.d.r.config.RepositoryConfigurationDelegate - Finished Spring Data repository scanning in 101ms. Found 0 repository interfaces.
2019-02-17 15:56:12.778 [main] INFO  o.s.c.s.PostProcessorRegistrationDelegate$BeanPostProcessorChecker - Bean 'org.springframework.transaction.annotation.ProxyTransactionManagementConfiguration' of type [org.springframework.transaction.annotation.ProxyTransactionManagementConfiguration$$EnhancerBySpringCGLIB$$2df72b02] is not eligible for getting processed by all BeanPostProcessors (for example: not eligible for auto-proxying)
2019-02-17 15:56:17.670 [main] INFO  com.calligraphy.CalligraphyAppApplicationTests - Started CalligraphyAppApplicationTests in 8.338 seconds (JVM running for 10.317)
2019-02-17 16:01:30.825 [main] INFO  o.s.b.t.context.SpringBootTestContextBootstrapper - Neither @ContextConfiguration nor @ContextHierarchy found for test class [com.calligraphy.CalligraphyAppApplicationTests], using SpringBootContextLoader
2019-02-17 16:01:30.847 [main] INFO  o.s.test.context.support.AbstractContextLoader - Could not detect default resource locations for test class [com.calligraphy.CalligraphyAppApplicationTests]: no resource found for suffixes {-context.xml, Context.groovy}.
2019-02-17 16:01:30.850 [main] INFO  o.s.t.c.support.AnnotationConfigContextLoaderUtils - Could not detect default configuration classes for test class [com.calligraphy.CalligraphyAppApplicationTests]: CalligraphyAppApplicationTests does not declare any static, non-private, non-final, nested classes annotated with @Configuration.
2019-02-17 16:01:31.144 [main] INFO  o.s.b.t.context.SpringBootTestContextBootstrapper - Found @SpringBootConfiguration com.calligraphy.CalligraphyAppApplication for test class com.calligraphy.CalligraphyAppApplicationTests
2019-02-17 16:01:31.414 [main] INFO  o.s.b.t.context.SpringBootTestContextBootstrapper - Loaded default TestExecutionListener class names from location [META-INF/spring.factories]: [org.springframework.boot.test.mock.mockito.MockitoTestExecutionListener, org.springframework.boot.test.mock.mockito.ResetMocksTestExecutionListener, org.springframework.boot.test.autoconfigure.restdocs.RestDocsTestExecutionListener, org.springframework.boot.test.autoconfigure.web.client.MockRestServiceServerResetTestExecutionListener, org.springframework.boot.test.autoconfigure.web.servlet.MockMvcPrintOnlyOnFailureTestExecutionListener, org.springframework.boot.test.autoconfigure.web.servlet.WebDriverTestExecutionListener, org.springframework.test.context.web.ServletTestExecutionListener, org.springframework.test.context.support.DirtiesContextBeforeModesTestExecutionListener, org.springframework.test.context.support.DependencyInjectionTestExecutionListener, org.springframework.test.context.support.DirtiesContextTestExecutionListener, org.springframework.test.context.transaction.TransactionalTestExecutionListener, org.springframework.test.context.jdbc.SqlScriptsTestExecutionListener]
2019-02-17 16:01:31.467 [main] INFO  o.s.b.t.context.SpringBootTestContextBootstrapper - Using TestExecutionListeners: [org.springframework.test.context.web.ServletTestExecutionListener@1b1426f4, org.springframework.test.context.support.DirtiesContextBeforeModesTestExecutionListener@32b260fa, org.springframework.boot.test.mock.mockito.MockitoTestExecutionListener@581ac8a8, org.springframework.boot.test.autoconfigure.SpringBootDependencyInjectionTestExecutionListener@6d4e5011, org.springframework.test.context.support.DirtiesContextTestExecutionListener@57d7f8ca, org.springframework.test.context.transaction.TransactionalTestExecutionListener@76c3e77a, org.springframework.test.context.jdbc.SqlScriptsTestExecutionListener@78123e82, org.springframework.boot.test.mock.mockito.ResetMocksTestExecutionListener@67c33749, org.springframework.boot.test.autoconfigure.restdocs.RestDocsTestExecutionListener@fba92d3, org.springframework.boot.test.autoconfigure.web.client.MockRestServiceServerResetTestExecutionListener@662b4c69, org.springframework.boot.test.autoconfigure.web.servlet.MockMvcPrintOnlyOnFailureTestExecutionListener@fa49800, org.springframework.boot.test.autoconfigure.web.servlet.WebDriverTestExecutionListener@71238fc2]
2019-02-17 16:01:32.094 [main] INFO  com.calligraphy.CalligraphyAppApplicationTests - Starting CalligraphyAppApplicationTests on DESKTOP-TBI9BAK with PID 5928 (started by peng in C:\Users\peng\eclipse-workspace\calligraphyApp)
2019-02-17 16:01:32.095 [main] INFO  com.calligraphy.CalligraphyAppApplicationTests - The following profiles are active: dev
2019-02-17 16:01:33.737 [main] INFO  o.s.d.r.config.RepositoryConfigurationDelegate - Multiple Spring Data modules found, entering strict repository configuration mode!
2019-02-17 16:01:33.745 [main] INFO  o.s.d.r.config.RepositoryConfigurationDelegate - Bootstrapping Spring Data repositories in DEFAULT mode.
2019-02-17 16:01:33.864 [main] INFO  o.s.d.r.config.RepositoryConfigurationDelegate - Finished Spring Data repository scanning in 81ms. Found 0 repository interfaces.
2019-02-17 16:01:34.727 [main] INFO  o.s.c.s.PostProcessorRegistrationDelegate$BeanPostProcessorChecker - Bean 'org.springframework.transaction.annotation.ProxyTransactionManagementConfiguration' of type [org.springframework.transaction.annotation.ProxyTransactionManagementConfiguration$$EnhancerBySpringCGLIB$$2df72b02] is not eligible for getting processed by all BeanPostProcessors (for example: not eligible for auto-proxying)
2019-02-17 16:01:38.920 [main] INFO  com.calligraphy.CalligraphyAppApplicationTests - Started CalligraphyAppApplicationTests in 7.345 seconds (JVM running for 9.454)
