2019-04-12 20:41:31.727 [main] INFO  com.calligraphy.CalligraphyAppApplication - Starting CalligraphyAppApplication on DESKTOP-TBI9BAK with PID 19476 (C:\Users\peng\eclipse-workspace\calligraphyApp\target\classes started by peng in C:\Users\peng\eclipse-workspace\calligraphyApp)
2019-04-12 20:41:31.739 [main] INFO  com.calligraphy.CalligraphyAppApplication - The following profiles are active: dev
2019-04-12 20:41:33.463 [main] INFO  o.s.d.r.config.RepositoryConfigurationDelegate - Multiple Spring Data modules found, entering strict repository configuration mode!
2019-04-12 20:41:33.468 [main] INFO  o.s.d.r.config.RepositoryConfigurationDelegate - Bootstrapping Spring Data repositories in DEFAULT mode.
2019-04-12 20:41:33.591 [main] INFO  o.s.d.r.config.RepositoryConfigurationDelegate - Finished Spring Data repository scanning in 91ms. Found 0 repository interfaces.
2019-04-12 20:41:34.097 [main] INFO  o.s.c.s.PostProcessorRegistrationDelegate$BeanPostProcessorChecker - Bean 'org.springframework.transaction.annotation.ProxyTransactionManagementConfiguration' of type [org.springframework.transaction.annotation.ProxyTransactionManagementConfiguration$$EnhancerBySpringCGLIB$$dd1758a0] is not eligible for getting processed by all BeanPostProcessors (for example: not eligible for auto-proxying)
2019-04-12 20:41:34.670 [main] INFO  o.s.boot.web.embedded.tomcat.TomcatWebServer - Tomcat initialized with port(s): 10129 (http)
2019-04-12 20:41:34.696 [main] INFO  org.apache.coyote.http11.Http11NioProtocol - Initializing ProtocolHandler ["http-nio-10129"]
2019-04-12 20:41:34.718 [main] INFO  org.apache.catalina.core.StandardService - Starting service [Tomcat]
2019-04-12 20:41:34.718 [main] INFO  org.apache.catalina.core.StandardEngine - Starting Servlet Engine: Apache Tomcat/9.0.13
2019-04-12 20:41:34.729 [main] INFO  org.apache.catalina.core.AprLifecycleListener - The APR based Apache Tomcat Native library which allows optimal performance in production environments was not found on the java.library.path: [C:\Program Files\Java\jdk1.8.0_151\bin;C:\WINDOWS\Sun\Java\bin;C:\WINDOWS\system32;C:\WINDOWS;C:\Program Files\Java\jdk1.8.0_151\bin;C:\Users\peng\apache-maven-3.5.2\bin;C:\ProgramData\Oracle\Java\javapath;C:\Program Files (x86)\Intel\iCLS Client\;C:\Program Files\Intel\iCLS Client\;C:\windows\system32;C:\windows;C:\windows\System32\Wbem;C:\windows\System32\WindowsPowerShell\v1.0\;C:\Program Files (x86)\NVIDIA Corporation\PhysX\Common;C:\Program Files (x86)\Intel\Intel(R) Management Engine Components\DAL;C:\Program Files\Intel\Intel(R) Management Engine Components\DAL;C:\Program Files (x86)\Intel\Intel(R) Management Engine Components\IPT;C:\Program Files\Intel\Intel(R) Management Engine Components\IPT;C:\WINDOWS\system32;C:\WINDOWS;C:\WINDOWS\System32\Wbem;C:\WINDOWS\System32\WindowsPowerShell\v1.0\;C:\Program Files\TortoiseSVN\bin;C:\Users\peng\spring-boot-cli-2.0.0.RELEASE-bin\spring-2.0.0.RELEASE\bin;C:\Users\peng\hadoop-2.7.5\bin;hadoop;C:\Users\peng\gradle-4.7\bin;C:\WINDOWS\System32\OpenSSH\;C:\Program Files\Intel\WiFi\bin\;C:\Program Files\Common Files\Intel\WirelessCommon\;C:\Users\peng\spark-2.4.0-bin-hadoop2.7\bin;C:\Users\peng\spark-2.4.0-bin-hadoop2.7\sbin;C:\Users\peng\AppData\Local\Programs\Git\cmd;C:\Program Files\TortoiseGit\bin;C:\Program Files\nodejs\;C:\Users\peng\AppData\Local\Programs\Python\Python37\Scripts\;C:\Users\peng\AppData\Local\Programs\Python\Python37\;C:\Users\peng\AppData\Local\Microsoft\WindowsApps;;C:\Program Files\Microsoft VS Code\bin;C:\Users\peng\AppData\Roaming\npm;.]
2019-04-12 20:41:34.944 [main] INFO  o.a.c.core.ContainerBase.[Tomcat].[localhost].[/] - Initializing Spring embedded WebApplicationContext
2019-04-12 20:41:34.945 [main] INFO  org.springframework.web.context.ContextLoader - Root WebApplicationContext: initialization completed in 3062 ms
2019-04-12 20:41:37.288 [container-1] INFO  io.lettuce.core.EpollProvider - Starting without optional epoll library
2019-04-12 20:41:37.291 [container-1] INFO  io.lettuce.core.KqueueProvider - Starting without optional kqueue library
2019-04-12 20:41:38.580 [main] INFO  org.apache.coyote.http11.Http11NioProtocol - Starting ProtocolHandler ["http-nio-10129"]
2019-04-12 20:41:38.583 [main] INFO  org.apache.tomcat.util.net.NioSelectorPool - Using a shared selector for servlet write/read
2019-04-12 20:41:38.612 [main] INFO  o.s.boot.web.embedded.tomcat.TomcatWebServer - Tomcat started on port(s): 10129 (http) with context path ''
2019-04-12 20:41:38.620 [main] INFO  com.calligraphy.CalligraphyAppApplication - Started CalligraphyAppApplication in 9.125 seconds (JVM running for 12.173)
2019-04-12 20:48:16.311 [http-nio-10129-exec-1] INFO  o.a.c.core.ContainerBase.[Tomcat].[localhost].[/] - Initializing Spring DispatcherServlet 'dispatcherServlet'
2019-04-12 20:48:16.312 [http-nio-10129-exec-1] INFO  org.springframework.web.servlet.DispatcherServlet - Initializing Servlet 'dispatcherServlet'
2019-04-12 20:48:16.328 [http-nio-10129-exec-1] INFO  org.springframework.web.servlet.DispatcherServlet - Completed initialization in 16 ms
2019-04-12 20:48:17.288 [http-nio-10129-exec-1] INFO  com.alibaba.druid.pool.DruidDataSource - {dataSource-1} inited
2019-04-12 20:48:17.490 [http-nio-10129-exec-1] DEBUG com.calligraphy.dao.ArticleMapper.articleList - ==>  Preparing: SELECT id,title,author,left(jianjie, 50) as content FROM `article` WHERE 1=1 and type = ? ORDER BY create_date desc LIMIT ?,? 
2019-04-12 20:48:17.529 [http-nio-10129-exec-1] DEBUG com.calligraphy.dao.ArticleMapper.articleList - ==> Parameters: 1(Integer), 0(Integer), 10(Integer)
2019-04-12 20:48:17.563 [http-nio-10129-exec-1] DEBUG com.calligraphy.dao.ArticleMapper.articleList - <==      Total: 5
2019-04-12 20:48:17.567 [http-nio-10129-exec-1] DEBUG com.calligraphy.dao.ArticleMapper.articleListcount - ==>  Preparing: SELECT count(1) FROM (SELECT id FROM `article` WHERE 1=1 and type = ? ) tmp 
2019-04-12 20:48:17.567 [http-nio-10129-exec-1] DEBUG com.calligraphy.dao.ArticleMapper.articleListcount - ==> Parameters: 1(Integer)
2019-04-12 20:48:17.572 [http-nio-10129-exec-1] DEBUG com.calligraphy.dao.ArticleMapper.articleListcount - <==      Total: 1
2019-04-12 20:48:55.674 [main] INFO  o.s.b.t.context.SpringBootTestContextBootstrapper - Neither @ContextConfiguration nor @ContextHierarchy found for test class [com.calligraphy.CalligraphyAppApplicationTests], using SpringBootContextLoader
2019-04-12 20:48:55.686 [main] INFO  o.s.test.context.support.AbstractContextLoader - Could not detect default resource locations for test class [com.calligraphy.CalligraphyAppApplicationTests]: no resource found for suffixes {-context.xml, Context.groovy}.
2019-04-12 20:48:55.691 [main] INFO  o.s.t.c.support.AnnotationConfigContextLoaderUtils - Could not detect default configuration classes for test class [com.calligraphy.CalligraphyAppApplicationTests]: CalligraphyAppApplicationTests does not declare any static, non-private, non-final, nested classes annotated with @Configuration.
2019-04-12 20:48:55.894 [main] INFO  o.s.b.t.context.SpringBootTestContextBootstrapper - Found @SpringBootConfiguration com.calligraphy.CalligraphyAppApplication for test class com.calligraphy.CalligraphyAppApplicationTests
2019-04-12 20:48:56.133 [main] INFO  o.s.b.t.context.SpringBootTestContextBootstrapper - Loaded default TestExecutionListener class names from location [META-INF/spring.factories]: [org.springframework.boot.test.mock.mockito.MockitoTestExecutionListener, org.springframework.boot.test.mock.mockito.ResetMocksTestExecutionListener, org.springframework.boot.test.autoconfigure.restdocs.RestDocsTestExecutionListener, org.springframework.boot.test.autoconfigure.web.client.MockRestServiceServerResetTestExecutionListener, org.springframework.boot.test.autoconfigure.web.servlet.MockMvcPrintOnlyOnFailureTestExecutionListener, org.springframework.boot.test.autoconfigure.web.servlet.WebDriverTestExecutionListener, org.springframework.test.context.web.ServletTestExecutionListener, org.springframework.test.context.support.DirtiesContextBeforeModesTestExecutionListener, org.springframework.test.context.support.DependencyInjectionTestExecutionListener, org.springframework.test.context.support.DirtiesContextTestExecutionListener, org.springframework.test.context.transaction.TransactionalTestExecutionListener, org.springframework.test.context.jdbc.SqlScriptsTestExecutionListener]
2019-04-12 20:48:56.168 [main] INFO  o.s.b.t.context.SpringBootTestContextBootstrapper - Using TestExecutionListeners: [org.springframework.test.context.web.ServletTestExecutionListener@1b1426f4, org.springframework.test.context.support.DirtiesContextBeforeModesTestExecutionListener@32b260fa, org.springframework.boot.test.mock.mockito.MockitoTestExecutionListener@581ac8a8, org.springframework.boot.test.autoconfigure.SpringBootDependencyInjectionTestExecutionListener@6d4e5011, org.springframework.test.context.support.DirtiesContextTestExecutionListener@57d7f8ca, org.springframework.test.context.transaction.TransactionalTestExecutionListener@76c3e77a, org.springframework.test.context.jdbc.SqlScriptsTestExecutionListener@78123e82, org.springframework.boot.test.mock.mockito.ResetMocksTestExecutionListener@67c33749, org.springframework.boot.test.autoconfigure.restdocs.RestDocsTestExecutionListener@fba92d3, org.springframework.boot.test.autoconfigure.web.client.MockRestServiceServerResetTestExecutionListener@662b4c69, org.springframework.boot.test.autoconfigure.web.servlet.MockMvcPrintOnlyOnFailureTestExecutionListener@fa49800, org.springframework.boot.test.autoconfigure.web.servlet.WebDriverTestExecutionListener@71238fc2]
2019-04-12 20:48:56.795 [main] INFO  com.calligraphy.CalligraphyAppApplicationTests - Starting CalligraphyAppApplicationTests on DESKTOP-TBI9BAK with PID 18560 (started by peng in C:\Users\peng\eclipse-workspace\calligraphyApp)
2019-04-12 20:48:56.796 [main] INFO  com.calligraphy.CalligraphyAppApplicationTests - The following profiles are active: dev
2019-04-12 20:48:58.342 [main] INFO  o.s.d.r.config.RepositoryConfigurationDelegate - Multiple Spring Data modules found, entering strict repository configuration mode!
2019-04-12 20:48:58.350 [main] INFO  o.s.d.r.config.RepositoryConfigurationDelegate - Bootstrapping Spring Data repositories in DEFAULT mode.
2019-04-12 20:48:58.498 [main] INFO  o.s.d.r.config.RepositoryConfigurationDelegate - Finished Spring Data repository scanning in 107ms. Found 0 repository interfaces.
2019-04-12 20:48:59.507 [main] INFO  o.s.c.s.PostProcessorRegistrationDelegate$BeanPostProcessorChecker - Bean 'org.springframework.transaction.annotation.ProxyTransactionManagementConfiguration' of type [org.springframework.transaction.annotation.ProxyTransactionManagementConfiguration$$EnhancerBySpringCGLIB$$8e50f356] is not eligible for getting processed by all BeanPostProcessors (for example: not eligible for auto-proxying)
2019-04-12 20:49:04.699 [container-1] INFO  io.lettuce.core.EpollProvider - Starting without optional epoll library
2019-04-12 20:49:04.704 [container-1] INFO  io.lettuce.core.KqueueProvider - Starting without optional kqueue library
2019-04-12 20:49:06.656 [main] INFO  com.calligraphy.CalligraphyAppApplicationTests - Started CalligraphyAppApplicationTests in 10.41 seconds (JVM running for 12.361)
2019-04-12 21:06:02.674 [main] INFO  o.s.b.t.context.SpringBootTestContextBootstrapper - Neither @ContextConfiguration nor @ContextHierarchy found for test class [com.calligraphy.CalligraphyAppApplicationTests], using SpringBootContextLoader
2019-04-12 21:06:02.690 [main] INFO  o.s.test.context.support.AbstractContextLoader - Could not detect default resource locations for test class [com.calligraphy.CalligraphyAppApplicationTests]: no resource found for suffixes {-context.xml, Context.groovy}.
2019-04-12 21:06:02.693 [main] INFO  o.s.t.c.support.AnnotationConfigContextLoaderUtils - Could not detect default configuration classes for test class [com.calligraphy.CalligraphyAppApplicationTests]: CalligraphyAppApplicationTests does not declare any static, non-private, non-final, nested classes annotated with @Configuration.
2019-04-12 21:06:03.017 [main] INFO  o.s.b.t.context.SpringBootTestContextBootstrapper - Found @SpringBootConfiguration com.calligraphy.CalligraphyAppApplication for test class com.calligraphy.CalligraphyAppApplicationTests
2019-04-12 21:06:03.250 [main] INFO  o.s.b.t.context.SpringBootTestContextBootstrapper - Loaded default TestExecutionListener class names from location [META-INF/spring.factories]: [org.springframework.boot.test.mock.mockito.MockitoTestExecutionListener, org.springframework.boot.test.mock.mockito.ResetMocksTestExecutionListener, org.springframework.boot.test.autoconfigure.restdocs.RestDocsTestExecutionListener, org.springframework.boot.test.autoconfigure.web.client.MockRestServiceServerResetTestExecutionListener, org.springframework.boot.test.autoconfigure.web.servlet.MockMvcPrintOnlyOnFailureTestExecutionListener, org.springframework.boot.test.autoconfigure.web.servlet.WebDriverTestExecutionListener, org.springframework.test.context.web.ServletTestExecutionListener, org.springframework.test.context.support.DirtiesContextBeforeModesTestExecutionListener, org.springframework.test.context.support.DependencyInjectionTestExecutionListener, org.springframework.test.context.support.DirtiesContextTestExecutionListener, org.springframework.test.context.transaction.TransactionalTestExecutionListener, org.springframework.test.context.jdbc.SqlScriptsTestExecutionListener]
2019-04-12 21:06:03.291 [main] INFO  o.s.b.t.context.SpringBootTestContextBootstrapper - Using TestExecutionListeners: [org.springframework.test.context.web.ServletTestExecutionListener@1b1426f4, org.springframework.test.context.support.DirtiesContextBeforeModesTestExecutionListener@32b260fa, org.springframework.boot.test.mock.mockito.MockitoTestExecutionListener@581ac8a8, org.springframework.boot.test.autoconfigure.SpringBootDependencyInjectionTestExecutionListener@6d4e5011, org.springframework.test.context.support.DirtiesContextTestExecutionListener@57d7f8ca, org.springframework.test.context.transaction.TransactionalTestExecutionListener@76c3e77a, org.springframework.test.context.jdbc.SqlScriptsTestExecutionListener@78123e82, org.springframework.boot.test.mock.mockito.ResetMocksTestExecutionListener@67c33749, org.springframework.boot.test.autoconfigure.restdocs.RestDocsTestExecutionListener@fba92d3, org.springframework.boot.test.autoconfigure.web.client.MockRestServiceServerResetTestExecutionListener@662b4c69, org.springframework.boot.test.autoconfigure.web.servlet.MockMvcPrintOnlyOnFailureTestExecutionListener@fa49800, org.springframework.boot.test.autoconfigure.web.servlet.WebDriverTestExecutionListener@71238fc2]
2019-04-12 21:06:03.946 [main] INFO  com.calligraphy.CalligraphyAppApplicationTests - Starting CalligraphyAppApplicationTests on DESKTOP-TBI9BAK with PID 1804 (started by peng in C:\Users\peng\eclipse-workspace\calligraphyApp)
2019-04-12 21:06:03.947 [main] INFO  com.calligraphy.CalligraphyAppApplicationTests - The following profiles are active: dev
2019-04-12 21:06:05.835 [main] INFO  o.s.d.r.config.RepositoryConfigurationDelegate - Multiple Spring Data modules found, entering strict repository configuration mode!
2019-04-12 21:06:05.847 [main] INFO  o.s.d.r.config.RepositoryConfigurationDelegate - Bootstrapping Spring Data repositories in DEFAULT mode.
2019-04-12 21:06:06.012 [main] INFO  o.s.d.r.config.RepositoryConfigurationDelegate - Finished Spring Data repository scanning in 123ms. Found 0 repository interfaces.
2019-04-12 21:06:06.978 [main] INFO  o.s.c.s.PostProcessorRegistrationDelegate$BeanPostProcessorChecker - Bean 'org.springframework.transaction.annotation.ProxyTransactionManagementConfiguration' of type [org.springframework.transaction.annotation.ProxyTransactionManagementConfiguration$$EnhancerBySpringCGLIB$$36a621c8] is not eligible for getting processed by all BeanPostProcessors (for example: not eligible for auto-proxying)
2019-04-12 21:06:11.840 [container-1] INFO  io.lettuce.core.EpollProvider - Starting without optional epoll library
2019-04-12 21:06:11.846 [container-1] INFO  io.lettuce.core.KqueueProvider - Starting without optional kqueue library
2019-04-12 21:06:13.600 [main] INFO  com.calligraphy.CalligraphyAppApplicationTests - Started CalligraphyAppApplicationTests in 10.215 seconds (JVM running for 12.255)
