2019-04-15 19:40:13.277 [main] INFO  com.calligraphy.CalligraphyAppApplication - Starting CalligraphyAppApplication on DESKTOP-TBI9BAK with PID 3076 (C:\Users\peng\eclipse-workspace\calligraphyApp\target\classes started by peng in C:\Users\peng\eclipse-workspace\calligraphyApp)
2019-04-15 19:40:13.283 [main] INFO  com.calligraphy.CalligraphyAppApplication - The following profiles are active: dev
2019-04-15 19:40:15.044 [main] INFO  o.s.d.r.config.RepositoryConfigurationDelegate - Multiple Spring Data modules found, entering strict repository configuration mode!
2019-04-15 19:40:15.048 [main] INFO  o.s.d.r.config.RepositoryConfigurationDelegate - Bootstrapping Spring Data repositories in DEFAULT mode.
2019-04-15 19:40:15.141 [main] INFO  o.s.d.r.config.RepositoryConfigurationDelegate - Finished Spring Data repository scanning in 69ms. Found 0 repository interfaces.
2019-04-15 19:40:15.568 [main] INFO  o.s.c.s.PostProcessorRegistrationDelegate$BeanPostProcessorChecker - Bean 'org.springframework.transaction.annotation.ProxyTransactionManagementConfiguration' of type [org.springframework.transaction.annotation.ProxyTransactionManagementConfiguration$$EnhancerBySpringCGLIB$$d2cd7f8a] is not eligible for getting processed by all BeanPostProcessors (for example: not eligible for auto-proxying)
2019-04-15 19:40:16.056 [main] INFO  o.s.boot.web.embedded.tomcat.TomcatWebServer - Tomcat initialized with port(s): 10129 (http)
2019-04-15 19:40:16.075 [main] INFO  org.apache.coyote.http11.Http11NioProtocol - Initializing ProtocolHandler ["http-nio-10129"]
2019-04-15 19:40:16.088 [main] INFO  org.apache.catalina.core.StandardService - Starting service [Tomcat]
2019-04-15 19:40:16.088 [main] INFO  org.apache.catalina.core.StandardEngine - Starting Servlet Engine: Apache Tomcat/9.0.13
2019-04-15 19:40:16.097 [main] INFO  org.apache.catalina.core.AprLifecycleListener - The APR based Apache Tomcat Native library which allows optimal performance in production environments was not found on the java.library.path: [C:\Program Files\Java\jdk1.8.0_151\bin;C:\WINDOWS\Sun\Java\bin;C:\WINDOWS\system32;C:\WINDOWS;C:\Program Files\Java\jdk1.8.0_151\bin;C:\Users\peng\apache-maven-3.5.2\bin;C:\ProgramData\Oracle\Java\javapath;C:\Program Files (x86)\Intel\iCLS Client\;C:\Program Files\Intel\iCLS Client\;C:\windows\system32;C:\windows;C:\windows\System32\Wbem;C:\windows\System32\WindowsPowerShell\v1.0\;C:\Program Files (x86)\NVIDIA Corporation\PhysX\Common;C:\Program Files (x86)\Intel\Intel(R) Management Engine Components\DAL;C:\Program Files\Intel\Intel(R) Management Engine Components\DAL;C:\Program Files (x86)\Intel\Intel(R) Management Engine Components\IPT;C:\Program Files\Intel\Intel(R) Management Engine Components\IPT;C:\WINDOWS\system32;C:\WINDOWS;C:\WINDOWS\System32\Wbem;C:\WINDOWS\System32\WindowsPowerShell\v1.0\;C:\Program Files\TortoiseSVN\bin;C:\Users\peng\spring-boot-cli-2.0.0.RELEASE-bin\spring-2.0.0.RELEASE\bin;C:\Users\peng\hadoop-2.7.5\bin;hadoop;C:\Users\peng\gradle-4.7\bin;C:\WINDOWS\System32\OpenSSH\;C:\Program Files\Intel\WiFi\bin\;C:\Program Files\Common Files\Intel\WirelessCommon\;C:\Users\peng\spark-2.4.0-bin-hadoop2.7\bin;C:\Users\peng\spark-2.4.0-bin-hadoop2.7\sbin;C:\Users\peng\AppData\Local\Programs\Git\cmd;C:\Program Files\TortoiseGit\bin;C:\Program Files\nodejs\;C:\Users\peng\AppData\Local\Programs\Python\Python37\Scripts\;C:\Users\peng\AppData\Local\Programs\Python\Python37\;C:\Users\peng\AppData\Local\Microsoft\WindowsApps;;C:\Program Files\Microsoft VS Code\bin;C:\Users\peng\AppData\Roaming\npm;.]
2019-04-15 19:40:16.289 [main] INFO  o.a.c.core.ContainerBase.[Tomcat].[localhost].[/] - Initializing Spring embedded WebApplicationContext
2019-04-15 19:40:16.290 [main] INFO  org.springframework.web.context.ContextLoader - Root WebApplicationContext: initialization completed in 2888 ms
2019-04-15 19:40:18.371 [container-1] INFO  io.lettuce.core.EpollProvider - Starting without optional epoll library
2019-04-15 19:40:18.375 [container-1] INFO  io.lettuce.core.KqueueProvider - Starting without optional kqueue library
2019-04-15 19:40:20.736 [container-1] ERROR o.s.d.redis.listener.RedisMessageListenerContainer - Connection failure occurred. Restarting subscription task after 5000 ms
2019-04-15 19:40:23.285 [main] INFO  org.apache.coyote.http11.Http11NioProtocol - Starting ProtocolHandler ["http-nio-10129"]
2019-04-15 19:40:23.329 [main] INFO  org.apache.tomcat.util.net.NioSelectorPool - Using a shared selector for servlet write/read
2019-04-15 19:40:23.450 [main] INFO  o.s.boot.web.embedded.tomcat.TomcatWebServer - Tomcat started on port(s): 10129 (http) with context path ''
2019-04-15 19:40:23.485 [main] INFO  com.calligraphy.CalligraphyAppApplication - Started CalligraphyAppApplication in 11.664 seconds (JVM running for 15.252)
2019-04-15 19:40:26.752 [container-2] ERROR o.s.d.redis.listener.RedisMessageListenerContainer - Connection failure occurred. Restarting subscription task after 5000 ms
2019-04-15 19:41:01.870 [main] INFO  com.calligraphy.CalligraphyAppApplication - Starting CalligraphyAppApplication on DESKTOP-TBI9BAK with PID 10724 (C:\Users\peng\eclipse-workspace\calligraphyApp\target\classes started by peng in C:\Users\peng\eclipse-workspace\calligraphyApp)
2019-04-15 19:41:01.877 [main] INFO  com.calligraphy.CalligraphyAppApplication - The following profiles are active: dev
2019-04-15 19:41:02.881 [main] INFO  o.s.d.r.config.RepositoryConfigurationDelegate - Multiple Spring Data modules found, entering strict repository configuration mode!
2019-04-15 19:41:02.887 [main] INFO  o.s.d.r.config.RepositoryConfigurationDelegate - Bootstrapping Spring Data repositories in DEFAULT mode.
2019-04-15 19:41:02.962 [main] INFO  o.s.d.r.config.RepositoryConfigurationDelegate - Finished Spring Data repository scanning in 60ms. Found 0 repository interfaces.
2019-04-15 19:41:03.311 [main] INFO  o.s.c.s.PostProcessorRegistrationDelegate$BeanPostProcessorChecker - Bean 'org.springframework.transaction.annotation.ProxyTransactionManagementConfiguration' of type [org.springframework.transaction.annotation.ProxyTransactionManagementConfiguration$$EnhancerBySpringCGLIB$$86db462d] is not eligible for getting processed by all BeanPostProcessors (for example: not eligible for auto-proxying)
2019-04-15 19:41:03.744 [main] INFO  o.s.boot.web.embedded.tomcat.TomcatWebServer - Tomcat initialized with port(s): 10129 (http)
2019-04-15 19:41:03.763 [main] INFO  org.apache.coyote.http11.Http11NioProtocol - Initializing ProtocolHandler ["http-nio-10129"]
2019-04-15 19:41:03.776 [main] INFO  org.apache.catalina.core.StandardService - Starting service [Tomcat]
2019-04-15 19:41:03.776 [main] INFO  org.apache.catalina.core.StandardEngine - Starting Servlet Engine: Apache Tomcat/9.0.13
2019-04-15 19:41:03.784 [main] INFO  org.apache.catalina.core.AprLifecycleListener - The APR based Apache Tomcat Native library which allows optimal performance in production environments was not found on the java.library.path: [C:\Program Files\Java\jdk1.8.0_151\bin;C:\WINDOWS\Sun\Java\bin;C:\WINDOWS\system32;C:\WINDOWS;C:\Program Files\Java\jdk1.8.0_151\bin;C:\Users\peng\apache-maven-3.5.2\bin;C:\ProgramData\Oracle\Java\javapath;C:\Program Files (x86)\Intel\iCLS Client\;C:\Program Files\Intel\iCLS Client\;C:\windows\system32;C:\windows;C:\windows\System32\Wbem;C:\windows\System32\WindowsPowerShell\v1.0\;C:\Program Files (x86)\NVIDIA Corporation\PhysX\Common;C:\Program Files (x86)\Intel\Intel(R) Management Engine Components\DAL;C:\Program Files\Intel\Intel(R) Management Engine Components\DAL;C:\Program Files (x86)\Intel\Intel(R) Management Engine Components\IPT;C:\Program Files\Intel\Intel(R) Management Engine Components\IPT;C:\WINDOWS\system32;C:\WINDOWS;C:\WINDOWS\System32\Wbem;C:\WINDOWS\System32\WindowsPowerShell\v1.0\;C:\Program Files\TortoiseSVN\bin;C:\Users\peng\spring-boot-cli-2.0.0.RELEASE-bin\spring-2.0.0.RELEASE\bin;C:\Users\peng\hadoop-2.7.5\bin;hadoop;C:\Users\peng\gradle-4.7\bin;C:\WINDOWS\System32\OpenSSH\;C:\Program Files\Intel\WiFi\bin\;C:\Program Files\Common Files\Intel\WirelessCommon\;C:\Users\peng\spark-2.4.0-bin-hadoop2.7\bin;C:\Users\peng\spark-2.4.0-bin-hadoop2.7\sbin;C:\Users\peng\AppData\Local\Programs\Git\cmd;C:\Program Files\TortoiseGit\bin;C:\Program Files\nodejs\;C:\Users\peng\AppData\Local\Programs\Python\Python37\Scripts\;C:\Users\peng\AppData\Local\Programs\Python\Python37\;C:\Users\peng\AppData\Local\Microsoft\WindowsApps;;C:\Program Files\Microsoft VS Code\bin;C:\Users\peng\AppData\Roaming\npm;.]
2019-04-15 19:41:03.955 [main] INFO  o.a.c.core.ContainerBase.[Tomcat].[localhost].[/] - Initializing Spring embedded WebApplicationContext
2019-04-15 19:41:03.955 [main] INFO  org.springframework.web.context.ContextLoader - Root WebApplicationContext: initialization completed in 2009 ms
2019-04-15 19:41:05.515 [container-1] INFO  io.lettuce.core.EpollProvider - Starting without optional epoll library
2019-04-15 19:41:05.518 [container-1] INFO  io.lettuce.core.KqueueProvider - Starting without optional kqueue library
2019-04-15 19:41:06.664 [main] INFO  org.apache.coyote.http11.Http11NioProtocol - Starting ProtocolHandler ["http-nio-10129"]
2019-04-15 19:41:06.668 [main] INFO  org.apache.tomcat.util.net.NioSelectorPool - Using a shared selector for servlet write/read
2019-04-15 19:41:06.691 [main] INFO  o.s.boot.web.embedded.tomcat.TomcatWebServer - Tomcat started on port(s): 10129 (http) with context path ''
2019-04-15 19:41:06.698 [main] INFO  com.calligraphy.CalligraphyAppApplication - Started CalligraphyAppApplication in 5.385 seconds (JVM running for 7.178)
2019-04-15 19:44:54.279 [main] INFO  com.calligraphy.CalligraphyAppApplication - Starting CalligraphyAppApplication on DESKTOP-TBI9BAK with PID 13720 (C:\Users\peng\eclipse-workspace\calligraphyApp\target\classes started by peng in C:\Users\peng\eclipse-workspace\calligraphyApp)
2019-04-15 19:44:54.284 [main] INFO  com.calligraphy.CalligraphyAppApplication - The following profiles are active: dev
2019-04-15 19:44:55.421 [main] INFO  o.s.d.r.config.RepositoryConfigurationDelegate - Multiple Spring Data modules found, entering strict repository configuration mode!
2019-04-15 19:44:55.428 [main] INFO  o.s.d.r.config.RepositoryConfigurationDelegate - Bootstrapping Spring Data repositories in DEFAULT mode.
2019-04-15 19:44:55.537 [main] INFO  o.s.d.r.config.RepositoryConfigurationDelegate - Finished Spring Data repository scanning in 81ms. Found 0 repository interfaces.
2019-04-15 19:44:56.378 [main] INFO  o.s.c.s.PostProcessorRegistrationDelegate$BeanPostProcessorChecker - Bean 'org.springframework.transaction.annotation.ProxyTransactionManagementConfiguration' of type [org.springframework.transaction.annotation.ProxyTransactionManagementConfiguration$$EnhancerBySpringCGLIB$$a21bb17a] is not eligible for getting processed by all BeanPostProcessors (for example: not eligible for auto-proxying)
2019-04-15 19:44:57.200 [main] INFO  o.s.boot.web.embedded.tomcat.TomcatWebServer - Tomcat initialized with port(s): 10129 (http)
2019-04-15 19:44:57.229 [main] INFO  org.apache.coyote.http11.Http11NioProtocol - Initializing ProtocolHandler ["http-nio-10129"]
2019-04-15 19:44:57.259 [main] INFO  org.apache.catalina.core.StandardService - Starting service [Tomcat]
2019-04-15 19:44:57.259 [main] INFO  org.apache.catalina.core.StandardEngine - Starting Servlet Engine: Apache Tomcat/9.0.13
2019-04-15 19:44:57.279 [main] INFO  org.apache.catalina.core.AprLifecycleListener - The APR based Apache Tomcat Native library which allows optimal performance in production environments was not found on the java.library.path: [C:\Program Files\Java\jdk1.8.0_151\bin;C:\WINDOWS\Sun\Java\bin;C:\WINDOWS\system32;C:\WINDOWS;C:\Program Files\Java\jdk1.8.0_151\bin;C:\Users\peng\apache-maven-3.5.2\bin;C:\ProgramData\Oracle\Java\javapath;C:\Program Files (x86)\Intel\iCLS Client\;C:\Program Files\Intel\iCLS Client\;C:\windows\system32;C:\windows;C:\windows\System32\Wbem;C:\windows\System32\WindowsPowerShell\v1.0\;C:\Program Files (x86)\NVIDIA Corporation\PhysX\Common;C:\Program Files (x86)\Intel\Intel(R) Management Engine Components\DAL;C:\Program Files\Intel\Intel(R) Management Engine Components\DAL;C:\Program Files (x86)\Intel\Intel(R) Management Engine Components\IPT;C:\Program Files\Intel\Intel(R) Management Engine Components\IPT;C:\WINDOWS\system32;C:\WINDOWS;C:\WINDOWS\System32\Wbem;C:\WINDOWS\System32\WindowsPowerShell\v1.0\;C:\Program Files\TortoiseSVN\bin;C:\Users\peng\spring-boot-cli-2.0.0.RELEASE-bin\spring-2.0.0.RELEASE\bin;C:\Users\peng\hadoop-2.7.5\bin;hadoop;C:\Users\peng\gradle-4.7\bin;C:\WINDOWS\System32\OpenSSH\;C:\Program Files\Intel\WiFi\bin\;C:\Program Files\Common Files\Intel\WirelessCommon\;C:\Users\peng\spark-2.4.0-bin-hadoop2.7\bin;C:\Users\peng\spark-2.4.0-bin-hadoop2.7\sbin;C:\Users\peng\AppData\Local\Programs\Git\cmd;C:\Program Files\TortoiseGit\bin;C:\Program Files\nodejs\;C:\Users\peng\AppData\Local\Programs\Python\Python37\Scripts\;C:\Users\peng\AppData\Local\Programs\Python\Python37\;C:\Users\peng\AppData\Local\Microsoft\WindowsApps;;C:\Program Files\Microsoft VS Code\bin;C:\Users\peng\AppData\Roaming\npm;.]
2019-04-15 19:44:57.526 [main] INFO  o.a.c.core.ContainerBase.[Tomcat].[localhost].[/] - Initializing Spring embedded WebApplicationContext
2019-04-15 19:44:57.529 [main] INFO  org.springframework.web.context.ContextLoader - Root WebApplicationContext: initialization completed in 3162 ms
2019-04-15 19:44:59.671 [container-1] INFO  io.lettuce.core.EpollProvider - Starting without optional epoll library
2019-04-15 19:44:59.674 [container-1] INFO  io.lettuce.core.KqueueProvider - Starting without optional kqueue library
2019-04-15 19:45:01.929 [main] INFO  org.apache.coyote.http11.Http11NioProtocol - Starting ProtocolHandler ["http-nio-10129"]
2019-04-15 19:45:01.933 [main] INFO  org.apache.tomcat.util.net.NioSelectorPool - Using a shared selector for servlet write/read
2019-04-15 19:45:01.970 [main] INFO  o.s.boot.web.embedded.tomcat.TomcatWebServer - Tomcat started on port(s): 10129 (http) with context path ''
2019-04-15 19:45:01.977 [main] INFO  com.calligraphy.CalligraphyAppApplication - Started CalligraphyAppApplication in 8.308 seconds (JVM running for 10.159)
2019-04-15 19:46:15.331 [main] INFO  com.calligraphy.CalligraphyAppApplication - Starting CalligraphyAppApplication on DESKTOP-TBI9BAK with PID 18008 (C:\Users\peng\eclipse-workspace\calligraphyApp\target\classes started by peng in C:\Users\peng\eclipse-workspace\calligraphyApp)
2019-04-15 19:46:15.335 [main] INFO  com.calligraphy.CalligraphyAppApplication - The following profiles are active: dev
2019-04-15 19:46:16.506 [main] INFO  o.s.d.r.config.RepositoryConfigurationDelegate - Multiple Spring Data modules found, entering strict repository configuration mode!
2019-04-15 19:46:16.511 [main] INFO  o.s.d.r.config.RepositoryConfigurationDelegate - Bootstrapping Spring Data repositories in DEFAULT mode.
2019-04-15 19:46:16.591 [main] INFO  o.s.d.r.config.RepositoryConfigurationDelegate - Finished Spring Data repository scanning in 57ms. Found 0 repository interfaces.
2019-04-15 19:46:17.039 [main] INFO  o.s.c.s.PostProcessorRegistrationDelegate$BeanPostProcessorChecker - Bean 'org.springframework.transaction.annotation.ProxyTransactionManagementConfiguration' of type [org.springframework.transaction.annotation.ProxyTransactionManagementConfiguration$$EnhancerBySpringCGLIB$$c88a5f0c] is not eligible for getting processed by all BeanPostProcessors (for example: not eligible for auto-proxying)
2019-04-15 19:46:17.583 [main] INFO  o.s.boot.web.embedded.tomcat.TomcatWebServer - Tomcat initialized with port(s): 10129 (http)
2019-04-15 19:46:17.604 [main] INFO  org.apache.coyote.http11.Http11NioProtocol - Initializing ProtocolHandler ["http-nio-10129"]
2019-04-15 19:46:17.617 [main] INFO  org.apache.catalina.core.StandardService - Starting service [Tomcat]
2019-04-15 19:46:17.617 [main] INFO  org.apache.catalina.core.StandardEngine - Starting Servlet Engine: Apache Tomcat/9.0.13
2019-04-15 19:46:17.628 [main] INFO  org.apache.catalina.core.AprLifecycleListener - The APR based Apache Tomcat Native library which allows optimal performance in production environments was not found on the java.library.path: [C:\Program Files\Java\jdk1.8.0_151\bin;C:\WINDOWS\Sun\Java\bin;C:\WINDOWS\system32;C:\WINDOWS;C:\Program Files\Java\jdk1.8.0_151\bin;C:\Users\peng\apache-maven-3.5.2\bin;C:\ProgramData\Oracle\Java\javapath;C:\Program Files (x86)\Intel\iCLS Client\;C:\Program Files\Intel\iCLS Client\;C:\windows\system32;C:\windows;C:\windows\System32\Wbem;C:\windows\System32\WindowsPowerShell\v1.0\;C:\Program Files (x86)\NVIDIA Corporation\PhysX\Common;C:\Program Files (x86)\Intel\Intel(R) Management Engine Components\DAL;C:\Program Files\Intel\Intel(R) Management Engine Components\DAL;C:\Program Files (x86)\Intel\Intel(R) Management Engine Components\IPT;C:\Program Files\Intel\Intel(R) Management Engine Components\IPT;C:\WINDOWS\system32;C:\WINDOWS;C:\WINDOWS\System32\Wbem;C:\WINDOWS\System32\WindowsPowerShell\v1.0\;C:\Program Files\TortoiseSVN\bin;C:\Users\peng\spring-boot-cli-2.0.0.RELEASE-bin\spring-2.0.0.RELEASE\bin;C:\Users\peng\hadoop-2.7.5\bin;hadoop;C:\Users\peng\gradle-4.7\bin;C:\WINDOWS\System32\OpenSSH\;C:\Program Files\Intel\WiFi\bin\;C:\Program Files\Common Files\Intel\WirelessCommon\;C:\Users\peng\spark-2.4.0-bin-hadoop2.7\bin;C:\Users\peng\spark-2.4.0-bin-hadoop2.7\sbin;C:\Users\peng\AppData\Local\Programs\Git\cmd;C:\Program Files\TortoiseGit\bin;C:\Program Files\nodejs\;C:\Users\peng\AppData\Local\Programs\Python\Python37\Scripts\;C:\Users\peng\AppData\Local\Programs\Python\Python37\;C:\Users\peng\AppData\Local\Microsoft\WindowsApps;;C:\Program Files\Microsoft VS Code\bin;C:\Users\peng\AppData\Roaming\npm;.]
2019-04-15 19:46:17.816 [main] INFO  o.a.c.core.ContainerBase.[Tomcat].[localhost].[/] - Initializing Spring embedded WebApplicationContext
2019-04-15 19:46:17.818 [main] INFO  org.springframework.web.context.ContextLoader - Root WebApplicationContext: initialization completed in 2404 ms
2019-04-15 19:46:20.260 [container-1] INFO  io.lettuce.core.EpollProvider - Starting without optional epoll library
2019-04-15 19:46:20.263 [container-1] INFO  io.lettuce.core.KqueueProvider - Starting without optional kqueue library
2019-04-15 19:46:22.258 [main] INFO  org.apache.coyote.http11.Http11NioProtocol - Starting ProtocolHandler ["http-nio-10129"]
2019-04-15 19:46:22.261 [main] INFO  org.apache.tomcat.util.net.NioSelectorPool - Using a shared selector for servlet write/read
2019-04-15 19:46:22.293 [main] INFO  o.s.boot.web.embedded.tomcat.TomcatWebServer - Tomcat started on port(s): 10129 (http) with context path ''
2019-04-15 19:46:22.301 [main] INFO  com.calligraphy.CalligraphyAppApplication - Started CalligraphyAppApplication in 7.603 seconds (JVM running for 10.207)
2019-04-15 19:46:43.139 [http-nio-10129-exec-1] INFO  o.a.c.core.ContainerBase.[Tomcat].[localhost].[/] - Initializing Spring DispatcherServlet 'dispatcherServlet'
2019-04-15 19:46:43.139 [http-nio-10129-exec-1] INFO  org.springframework.web.servlet.DispatcherServlet - Initializing Servlet 'dispatcherServlet'
2019-04-15 19:46:43.147 [http-nio-10129-exec-1] INFO  org.springframework.web.servlet.DispatcherServlet - Completed initialization in 8 ms
2019-04-15 19:46:44.237 [http-nio-10129-exec-1] INFO  com.alibaba.druid.pool.DruidDataSource - {dataSource-1} inited
2019-04-15 19:46:44.523 [http-nio-10129-exec-1] DEBUG com.calligraphy.dao.CourseMapper.findCourse - ==>  Preparing: SELECT * FROM `course` where id = ?; 
2019-04-15 19:46:44.575 [http-nio-10129-exec-1] DEBUG com.calligraphy.dao.CourseMapper.findCourse - ==> Parameters: 3dd485ba84c84ad2ab25292aa734cdfc(String)
2019-04-15 19:46:44.646 [http-nio-10129-exec-1] DEBUG com.calligraphy.dao.CourseMapper.findCourse - <==      Total: 0
2019-04-15 19:47:29.787 [http-nio-10129-exec-2] DEBUG com.calligraphy.dao.CourseMapper.findCourse - ==>  Preparing: SELECT * FROM `course` where id = ?; 
2019-04-15 19:47:29.790 [http-nio-10129-exec-2] DEBUG com.calligraphy.dao.CourseMapper.findCourse - ==> Parameters: c60c663c4a1d4b1b964e3808dd648815(String)
2019-04-15 19:47:29.801 [http-nio-10129-exec-2] DEBUG com.calligraphy.dao.CourseMapper.findCourse - <==      Total: 1
2019-04-15 19:47:45.776 [http-nio-10129-exec-3] DEBUG com.calligraphy.dao.CourseMapper.findCourse - ==>  Preparing: SELECT * FROM `course` where id = ?; 
2019-04-15 19:47:45.777 [http-nio-10129-exec-3] DEBUG com.calligraphy.dao.CourseMapper.findCourse - ==> Parameters: b0634ba7c7504a5eb984d1d5e9f73e88(String)
2019-04-15 19:47:45.781 [http-nio-10129-exec-3] DEBUG com.calligraphy.dao.CourseMapper.findCourse - <==      Total: 1
2019-04-15 19:51:24.673 [main] INFO  o.s.b.t.context.SpringBootTestContextBootstrapper - Neither @ContextConfiguration nor @ContextHierarchy found for test class [com.calligraphy.CalligraphyAppApplicationTests], using SpringBootContextLoader
2019-04-15 19:51:24.684 [main] INFO  o.s.test.context.support.AbstractContextLoader - Could not detect default resource locations for test class [com.calligraphy.CalligraphyAppApplicationTests]: no resource found for suffixes {-context.xml, Context.groovy}.
2019-04-15 19:51:24.684 [main] INFO  o.s.t.c.support.AnnotationConfigContextLoaderUtils - Could not detect default configuration classes for test class [com.calligraphy.CalligraphyAppApplicationTests]: CalligraphyAppApplicationTests does not declare any static, non-private, non-final, nested classes annotated with @Configuration.
2019-04-15 19:51:24.908 [main] INFO  o.s.b.t.context.SpringBootTestContextBootstrapper - Found @SpringBootConfiguration com.calligraphy.CalligraphyAppApplication for test class com.calligraphy.CalligraphyAppApplicationTests
2019-04-15 19:51:25.162 [main] INFO  o.s.b.t.context.SpringBootTestContextBootstrapper - Loaded default TestExecutionListener class names from location [META-INF/spring.factories]: [org.springframework.boot.test.mock.mockito.MockitoTestExecutionListener, org.springframework.boot.test.mock.mockito.ResetMocksTestExecutionListener, org.springframework.boot.test.autoconfigure.restdocs.RestDocsTestExecutionListener, org.springframework.boot.test.autoconfigure.web.client.MockRestServiceServerResetTestExecutionListener, org.springframework.boot.test.autoconfigure.web.servlet.MockMvcPrintOnlyOnFailureTestExecutionListener, org.springframework.boot.test.autoconfigure.web.servlet.WebDriverTestExecutionListener, org.springframework.test.context.web.ServletTestExecutionListener, org.springframework.test.context.support.DirtiesContextBeforeModesTestExecutionListener, org.springframework.test.context.support.DependencyInjectionTestExecutionListener, org.springframework.test.context.support.DirtiesContextTestExecutionListener, org.springframework.test.context.transaction.TransactionalTestExecutionListener, org.springframework.test.context.jdbc.SqlScriptsTestExecutionListener]
2019-04-15 19:51:25.217 [main] INFO  o.s.b.t.context.SpringBootTestContextBootstrapper - Using TestExecutionListeners: [org.springframework.test.context.web.ServletTestExecutionListener@28f3b248, org.springframework.test.context.support.DirtiesContextBeforeModesTestExecutionListener@1b1426f4, org.springframework.boot.test.mock.mockito.MockitoTestExecutionListener@32b260fa, org.springframework.boot.test.autoconfigure.SpringBootDependencyInjectionTestExecutionListener@581ac8a8, org.springframework.test.context.support.DirtiesContextTestExecutionListener@6d4e5011, org.springframework.test.context.transaction.TransactionalTestExecutionListener@57d7f8ca, org.springframework.test.context.jdbc.SqlScriptsTestExecutionListener@76c3e77a, org.springframework.boot.test.mock.mockito.ResetMocksTestExecutionListener@78123e82, org.springframework.boot.test.autoconfigure.restdocs.RestDocsTestExecutionListener@67c33749, org.springframework.boot.test.autoconfigure.web.client.MockRestServiceServerResetTestExecutionListener@fba92d3, org.springframework.boot.test.autoconfigure.web.servlet.MockMvcPrintOnlyOnFailureTestExecutionListener@662b4c69, org.springframework.boot.test.autoconfigure.web.servlet.WebDriverTestExecutionListener@fa49800]
2019-04-15 19:51:25.821 [main] INFO  com.calligraphy.CalligraphyAppApplicationTests - Starting CalligraphyAppApplicationTests on DESKTOP-TBI9BAK with PID 7156 (started by peng in C:\Users\peng\eclipse-workspace\calligraphyApp)
2019-04-15 19:51:25.821 [main] INFO  com.calligraphy.CalligraphyAppApplicationTests - The following profiles are active: dev
2019-04-15 19:51:27.615 [main] INFO  o.s.d.r.config.RepositoryConfigurationDelegate - Multiple Spring Data modules found, entering strict repository configuration mode!
2019-04-15 19:51:27.625 [main] INFO  o.s.d.r.config.RepositoryConfigurationDelegate - Bootstrapping Spring Data repositories in DEFAULT mode.
2019-04-15 19:51:27.773 [main] INFO  o.s.d.r.config.RepositoryConfigurationDelegate - Finished Spring Data repository scanning in 106ms. Found 0 repository interfaces.
2019-04-15 19:51:28.619 [main] INFO  o.s.c.s.PostProcessorRegistrationDelegate$BeanPostProcessorChecker - Bean 'org.springframework.transaction.annotation.ProxyTransactionManagementConfiguration' of type [org.springframework.transaction.annotation.ProxyTransactionManagementConfiguration$$EnhancerBySpringCGLIB$$4af603a6] is not eligible for getting processed by all BeanPostProcessors (for example: not eligible for auto-proxying)
2019-04-15 19:51:33.599 [container-1] INFO  io.lettuce.core.EpollProvider - Starting without optional epoll library
2019-04-15 19:51:33.606 [container-1] INFO  io.lettuce.core.KqueueProvider - Starting without optional kqueue library
2019-04-15 19:51:35.646 [main] INFO  com.calligraphy.CalligraphyAppApplicationTests - Started CalligraphyAppApplicationTests in 10.342 seconds (JVM running for 12.422)
